[2024-07-14T02:39:33.925+0000] {local_task_job_runner.py:120} INFO - ::group::Pre task execution logs
[2024-07-14T02:39:33.935+0000] {taskinstance.py:2076} INFO - Dependencies all met for dep_context=non-requeueable deps ti=<TaskInstance: train.train_task scheduled__2024-05-17T00:00:00+00:00 [queued]>
[2024-07-14T02:39:33.937+0000] {taskinstance.py:2076} INFO - Dependencies all met for dep_context=requeueable deps ti=<TaskInstance: train.train_task scheduled__2024-05-17T00:00:00+00:00 [queued]>
[2024-07-14T02:39:33.938+0000] {taskinstance.py:2306} INFO - Starting attempt 1 of 2
[2024-07-14T02:39:33.942+0000] {taskinstance.py:2330} INFO - Executing <Task(PythonVirtualenvOperator): train_task> on 2024-05-17 00:00:00+00:00
[2024-07-14T02:39:33.944+0000] {warnings.py:112} WARNING - /home/***/.local/lib/python3.12/site-packages/***/task/task_runner/standard_task_runner.py:61: DeprecationWarning: This process (pid=5844) is multi-threaded, use of fork() may lead to deadlocks in the child.
  pid = os.fork()

[2024-07-14T02:39:33.945+0000] {standard_task_runner.py:63} INFO - Started process 5845 to run task
[2024-07-14T02:39:33.945+0000] {standard_task_runner.py:90} INFO - Running: ['***', 'tasks', 'run', 'train', 'train_task', 'scheduled__2024-05-17T00:00:00+00:00', '--job-id', '15', '--raw', '--subdir', 'DAGS_FOLDER/train_dag.py', '--cfg-path', '/tmp/tmp1_kfwy51']
[2024-07-14T02:39:33.946+0000] {standard_task_runner.py:91} INFO - Job 15: Subtask train_task
[2024-07-14T02:39:33.963+0000] {task_command.py:426} INFO - Running <TaskInstance: train.train_task scheduled__2024-05-17T00:00:00+00:00 [running]> on host afe03d974b6e
[2024-07-14T02:39:33.994+0000] {taskinstance.py:2648} INFO - Exporting env vars: AIRFLOW_CTX_DAG_OWNER='***' AIRFLOW_CTX_DAG_ID='train' AIRFLOW_CTX_TASK_ID='train_task' AIRFLOW_CTX_EXECUTION_DATE='2024-05-17T00:00:00+00:00' AIRFLOW_CTX_TRY_NUMBER='1' AIRFLOW_CTX_DAG_RUN_ID='scheduled__2024-05-17T00:00:00+00:00'
[2024-07-14T02:39:33.994+0000] {taskinstance.py:430} INFO - ::endgroup::
[2024-07-14T02:39:34.009+0000] {baseoperator.py:400} WARNING - PythonVirtualenvOperator.execute cannot be called outside TaskInstance!
[2024-07-14T02:39:34.009+0000] {process_utils.py:183} INFO - Executing cmd: /home/***/.local/bin/python -m virtualenv /tmp/venvx_kuqh8a --system-site-packages --python=python
[2024-07-14T02:39:34.010+0000] {process_utils.py:187} INFO - Output:
[2024-07-14T02:39:34.550+0000] {process_utils.py:191} INFO - created virtual environment CPython3.12.4.final.0-64 in 266ms
[2024-07-14T02:39:34.551+0000] {process_utils.py:191} INFO -   creator CPython3Posix(dest=/tmp/venvx_kuqh8a, clear=False, no_vcs_ignore=False, global=True)
[2024-07-14T02:39:34.551+0000] {process_utils.py:191} INFO -   seeder FromAppData(download=False, pip=bundle, via=copy, app_data_dir=/home/***/.local/share/virtualenv)
[2024-07-14T02:39:34.551+0000] {process_utils.py:191} INFO -     added seed packages: pip==24.0
[2024-07-14T02:39:34.551+0000] {process_utils.py:191} INFO -   activators BashActivator,CShellActivator,FishActivator,NushellActivator,PowerShellActivator,PythonActivator
[2024-07-14T02:39:34.562+0000] {process_utils.py:183} INFO - Executing cmd: /tmp/venvx_kuqh8a/bin/pip install -r /tmp/venvx_kuqh8a/requirements.txt
[2024-07-14T02:39:34.563+0000] {process_utils.py:187} INFO - Output:
[2024-07-14T02:39:35.577+0000] {process_utils.py:191} INFO - Collecting kaleido (from -r /tmp/venvx_kuqh8a/requirements.txt (line 1))
[2024-07-14T02:39:35.645+0000] {process_utils.py:191} INFO -   Downloading kaleido-0.2.1-py2.py3-none-manylinux2014_aarch64.whl.metadata (15 kB)
[2024-07-14T02:39:35.653+0000] {process_utils.py:191} INFO - Requirement already satisfied: numpy in /home/***/.local/lib/python3.12/site-packages (from -r /tmp/venvx_kuqh8a/requirements.txt (line 2)) (1.26.4)
[2024-07-14T02:39:35.654+0000] {process_utils.py:191} INFO - Requirement already satisfied: pandas in /home/***/.local/lib/python3.12/site-packages (from -r /tmp/venvx_kuqh8a/requirements.txt (line 3)) (2.1.4)
[2024-07-14T02:39:35.773+0000] {process_utils.py:191} INFO - Collecting plotly (from -r /tmp/venvx_kuqh8a/requirements.txt (line 4))
[2024-07-14T02:39:35.787+0000] {process_utils.py:191} INFO -   Downloading plotly-5.22.0-py3-none-any.whl.metadata (7.1 kB)
[2024-07-14T02:39:35.980+0000] {process_utils.py:191} INFO - Collecting scikit-learn (from -r /tmp/venvx_kuqh8a/requirements.txt (line 5))
[2024-07-14T02:39:35.993+0000] {process_utils.py:191} INFO -   Downloading scikit_learn-1.5.1-cp312-cp312-manylinux_2_17_aarch64.manylinux2014_aarch64.whl.metadata (12 kB)
[2024-07-14T02:39:36.207+0000] {process_utils.py:191} INFO - Collecting tensorflow (from -r /tmp/venvx_kuqh8a/requirements.txt (line 6))
[2024-07-14T02:39:36.241+0000] {process_utils.py:191} INFO -   Downloading tensorflow-2.17.0-cp312-cp312-manylinux_2_17_aarch64.manylinux2014_aarch64.whl.metadata (4.1 kB)
[2024-07-14T02:39:36.267+0000] {process_utils.py:191} INFO - Requirement already satisfied: python-dateutil>=2.8.2 in /home/***/.local/lib/python3.12/site-packages (from pandas->-r /tmp/venvx_kuqh8a/requirements.txt (line 3)) (2.9.0.post0)
[2024-07-14T02:39:36.268+0000] {process_utils.py:191} INFO - Requirement already satisfied: pytz>=2020.1 in /home/***/.local/lib/python3.12/site-packages (from pandas->-r /tmp/venvx_kuqh8a/requirements.txt (line 3)) (2024.1)
[2024-07-14T02:39:36.269+0000] {process_utils.py:191} INFO - Requirement already satisfied: tzdata>=2022.1 in /home/***/.local/lib/python3.12/site-packages (from pandas->-r /tmp/venvx_kuqh8a/requirements.txt (line 3)) (2024.1)
[2024-07-14T02:39:36.270+0000] {process_utils.py:191} INFO - Requirement already satisfied: tenacity>=6.2.0 in /home/***/.local/lib/python3.12/site-packages (from plotly->-r /tmp/venvx_kuqh8a/requirements.txt (line 4)) (8.3.0)
[2024-07-14T02:39:36.270+0000] {process_utils.py:191} INFO - Requirement already satisfied: packaging in /home/***/.local/lib/python3.12/site-packages (from plotly->-r /tmp/venvx_kuqh8a/requirements.txt (line 4)) (24.0)
[2024-07-14T02:39:36.483+0000] {process_utils.py:191} INFO - Collecting scipy>=1.6.0 (from scikit-learn->-r /tmp/venvx_kuqh8a/requirements.txt (line 5))
[2024-07-14T02:39:36.492+0000] {process_utils.py:191} INFO -   Downloading scipy-1.14.0-cp312-cp312-manylinux_2_17_aarch64.manylinux2014_aarch64.whl.metadata (113 kB)
[2024-07-14T02:39:36.528+0000] {process_utils.py:191} INFO -      ━━━━━━━━━━━━━━━━━━━━━━━━━━━━━━━━━━━━━━━ 113.2/113.2 kB 3.5 MB/s eta 0:00:00
[2024-07-14T02:39:36.602+0000] {process_utils.py:191} INFO - Collecting joblib>=1.2.0 (from scikit-learn->-r /tmp/venvx_kuqh8a/requirements.txt (line 5))
[2024-07-14T02:39:36.662+0000] {process_utils.py:191} INFO -   Downloading joblib-1.4.2-py3-none-any.whl.metadata (5.4 kB)
[2024-07-14T02:39:36.710+0000] {process_utils.py:191} INFO - Collecting threadpoolctl>=3.1.0 (from scikit-learn->-r /tmp/venvx_kuqh8a/requirements.txt (line 5))
[2024-07-14T02:39:36.724+0000] {process_utils.py:191} INFO -   Downloading threadpoolctl-3.5.0-py3-none-any.whl.metadata (13 kB)
[2024-07-14T02:39:36.789+0000] {process_utils.py:191} INFO - Collecting absl-py>=1.0.0 (from tensorflow->-r /tmp/venvx_kuqh8a/requirements.txt (line 6))
[2024-07-14T02:39:36.798+0000] {process_utils.py:191} INFO -   Downloading absl_py-2.1.0-py3-none-any.whl.metadata (2.3 kB)
[2024-07-14T02:39:36.819+0000] {process_utils.py:191} INFO - Collecting astunparse>=1.6.0 (from tensorflow->-r /tmp/venvx_kuqh8a/requirements.txt (line 6))
[2024-07-14T02:39:36.836+0000] {process_utils.py:191} INFO -   Downloading astunparse-1.6.3-py2.py3-none-any.whl.metadata (4.4 kB)
[2024-07-14T02:39:36.858+0000] {process_utils.py:191} INFO - Collecting flatbuffers>=24.3.25 (from tensorflow->-r /tmp/venvx_kuqh8a/requirements.txt (line 6))
[2024-07-14T02:39:36.868+0000] {process_utils.py:191} INFO -   Downloading flatbuffers-24.3.25-py2.py3-none-any.whl.metadata (850 bytes)
[2024-07-14T02:39:36.886+0000] {process_utils.py:191} INFO - Collecting gast!=0.5.0,!=0.5.1,!=0.5.2,>=0.2.1 (from tensorflow->-r /tmp/venvx_kuqh8a/requirements.txt (line 6))
[2024-07-14T02:39:36.899+0000] {process_utils.py:191} INFO -   Downloading gast-0.6.0-py3-none-any.whl.metadata (1.3 kB)
[2024-07-14T02:39:36.918+0000] {process_utils.py:191} INFO - Collecting google-pasta>=0.1.1 (from tensorflow->-r /tmp/venvx_kuqh8a/requirements.txt (line 6))
[2024-07-14T02:39:36.933+0000] {process_utils.py:191} INFO -   Downloading google_pasta-0.2.0-py3-none-any.whl.metadata (814 bytes)
[2024-07-14T02:39:36.971+0000] {process_utils.py:191} INFO - Collecting h5py>=3.10.0 (from tensorflow->-r /tmp/venvx_kuqh8a/requirements.txt (line 6))
[2024-07-14T02:39:36.985+0000] {process_utils.py:191} INFO -   Downloading h5py-3.11.0.tar.gz (406 kB)
[2024-07-14T02:39:37.080+0000] {process_utils.py:191} INFO -      ━━━━━━━━━━━━━━━━━━━━━━━━━━━━━━━━━━━━━━━ 406.5/406.5 kB 4.2 MB/s eta 0:00:00
[2024-07-14T02:39:37.106+0000] {process_utils.py:191} INFO -   Installing build dependencies: started
[2024-07-14T02:39:43.599+0000] {process_utils.py:191} INFO -   Installing build dependencies: finished with status 'done'
[2024-07-14T02:39:43.600+0000] {process_utils.py:191} INFO -   Getting requirements to build wheel: started
[2024-07-14T02:39:43.998+0000] {process_utils.py:191} INFO -   Getting requirements to build wheel: finished with status 'done'
[2024-07-14T02:39:43.998+0000] {process_utils.py:191} INFO -   Preparing metadata (pyproject.toml): started
[2024-07-14T02:39:44.388+0000] {process_utils.py:191} INFO -   Preparing metadata (pyproject.toml): finished with status 'done'
[2024-07-14T02:39:44.415+0000] {process_utils.py:191} INFO - Collecting libclang>=13.0.0 (from tensorflow->-r /tmp/venvx_kuqh8a/requirements.txt (line 6))
[2024-07-14T02:39:44.426+0000] {process_utils.py:191} INFO -   Downloading libclang-18.1.1-py2.py3-none-manylinux2014_aarch64.whl.metadata (5.2 kB)
[2024-07-14T02:39:44.488+0000] {process_utils.py:191} INFO - Collecting ml-dtypes<0.5.0,>=0.3.1 (from tensorflow->-r /tmp/venvx_kuqh8a/requirements.txt (line 6))
[2024-07-14T02:39:44.526+0000] {process_utils.py:191} INFO -   Downloading ml_dtypes-0.4.0-cp312-cp312-manylinux_2_17_aarch64.manylinux2014_aarch64.whl.metadata (20 kB)
[2024-07-14T02:39:44.567+0000] {process_utils.py:191} INFO - Collecting opt-einsum>=2.3.2 (from tensorflow->-r /tmp/venvx_kuqh8a/requirements.txt (line 6))
[2024-07-14T02:39:44.593+0000] {process_utils.py:191} INFO -   Downloading opt_einsum-3.3.0-py3-none-any.whl.metadata (6.5 kB)
[2024-07-14T02:39:44.622+0000] {process_utils.py:191} INFO - Requirement already satisfied: protobuf!=4.21.0,!=4.21.1,!=4.21.2,!=4.21.3,!=4.21.4,!=4.21.5,<5.0.0dev,>=3.20.3 in /home/***/.local/lib/python3.12/site-packages (from tensorflow->-r /tmp/venvx_kuqh8a/requirements.txt (line 6)) (4.25.3)
[2024-07-14T02:39:44.623+0000] {process_utils.py:191} INFO - Requirement already satisfied: requests<3,>=2.21.0 in /home/***/.local/lib/python3.12/site-packages (from tensorflow->-r /tmp/venvx_kuqh8a/requirements.txt (line 6)) (2.31.0)
[2024-07-14T02:39:44.623+0000] {process_utils.py:191} INFO - Requirement already satisfied: setuptools in /home/***/.local/lib/python3.12/site-packages (from tensorflow->-r /tmp/venvx_kuqh8a/requirements.txt (line 6)) (66.1.1)
[2024-07-14T02:39:44.624+0000] {process_utils.py:191} INFO - Requirement already satisfied: six>=1.12.0 in /home/***/.local/lib/python3.12/site-packages (from tensorflow->-r /tmp/venvx_kuqh8a/requirements.txt (line 6)) (1.16.0)
[2024-07-14T02:39:44.624+0000] {process_utils.py:191} INFO - Requirement already satisfied: termcolor>=1.1.0 in /home/***/.local/lib/python3.12/site-packages (from tensorflow->-r /tmp/venvx_kuqh8a/requirements.txt (line 6)) (2.4.0)
[2024-07-14T02:39:44.625+0000] {process_utils.py:191} INFO - Requirement already satisfied: typing-extensions>=3.6.6 in /home/***/.local/lib/python3.12/site-packages (from tensorflow->-r /tmp/venvx_kuqh8a/requirements.txt (line 6)) (4.12.1)
[2024-07-14T02:39:44.625+0000] {process_utils.py:191} INFO - Requirement already satisfied: wrapt>=1.11.0 in /home/***/.local/lib/python3.12/site-packages (from tensorflow->-r /tmp/venvx_kuqh8a/requirements.txt (line 6)) (1.16.0)
[2024-07-14T02:39:44.626+0000] {process_utils.py:191} INFO - Requirement already satisfied: grpcio<2.0,>=1.24.3 in /home/***/.local/lib/python3.12/site-packages (from tensorflow->-r /tmp/venvx_kuqh8a/requirements.txt (line 6)) (1.64.1)
[2024-07-14T02:39:44.690+0000] {process_utils.py:191} INFO - Collecting tensorboard<2.18,>=2.17 (from tensorflow->-r /tmp/venvx_kuqh8a/requirements.txt (line 6))
[2024-07-14T02:39:44.761+0000] {process_utils.py:191} INFO -   Downloading tensorboard-2.17.0-py3-none-any.whl.metadata (1.6 kB)
[2024-07-14T02:39:44.811+0000] {process_utils.py:191} INFO - Collecting keras>=3.2.0 (from tensorflow->-r /tmp/venvx_kuqh8a/requirements.txt (line 6))
[2024-07-14T02:39:44.833+0000] {process_utils.py:191} INFO -   Downloading keras-3.4.1-py3-none-any.whl.metadata (5.8 kB)
[2024-07-14T02:39:44.841+0000] {process_utils.py:191} INFO - Requirement already satisfied: wheel<1.0,>=0.23.0 in /usr/local/lib/python3.12/site-packages (from astunparse>=1.6.0->tensorflow->-r /tmp/venvx_kuqh8a/requirements.txt (line 6)) (0.43.0)
[2024-07-14T02:39:44.851+0000] {process_utils.py:191} INFO - Requirement already satisfied: rich in /home/***/.local/lib/python3.12/site-packages (from keras>=3.2.0->tensorflow->-r /tmp/venvx_kuqh8a/requirements.txt (line 6)) (13.7.1)
[2024-07-14T02:39:44.869+0000] {process_utils.py:191} INFO - Collecting namex (from keras>=3.2.0->tensorflow->-r /tmp/venvx_kuqh8a/requirements.txt (line 6))
[2024-07-14T02:39:44.879+0000] {process_utils.py:191} INFO -   Downloading namex-0.0.8-py3-none-any.whl.metadata (246 bytes)
[2024-07-14T02:39:44.970+0000] {process_utils.py:191} INFO - Collecting optree (from keras>=3.2.0->tensorflow->-r /tmp/venvx_kuqh8a/requirements.txt (line 6))
[2024-07-14T02:39:45.009+0000] {process_utils.py:191} INFO -   Downloading optree-0.12.1-cp312-cp312-manylinux_2_17_aarch64.manylinux2014_aarch64.whl.metadata (47 kB)
[2024-07-14T02:39:45.015+0000] {process_utils.py:191} INFO -      ━━━━━━━━━━━━━━━━━━━━━━━━━━━━━━━━━━━━━━━━ 47.8/47.8 kB 8.1 MB/s eta 0:00:00
[2024-07-14T02:39:45.040+0000] {process_utils.py:191} INFO - Requirement already satisfied: charset-normalizer<4,>=2 in /home/***/.local/lib/python3.12/site-packages (from requests<3,>=2.21.0->tensorflow->-r /tmp/venvx_kuqh8a/requirements.txt (line 6)) (3.3.2)
[2024-07-14T02:39:45.041+0000] {process_utils.py:191} INFO - Requirement already satisfied: idna<4,>=2.5 in /home/***/.local/lib/python3.12/site-packages (from requests<3,>=2.21.0->tensorflow->-r /tmp/venvx_kuqh8a/requirements.txt (line 6)) (3.7)
[2024-07-14T02:39:45.041+0000] {process_utils.py:191} INFO - Requirement already satisfied: urllib3<3,>=1.21.1 in /home/***/.local/lib/python3.12/site-packages (from requests<3,>=2.21.0->tensorflow->-r /tmp/venvx_kuqh8a/requirements.txt (line 6)) (2.2.1)
[2024-07-14T02:39:45.042+0000] {process_utils.py:191} INFO - Requirement already satisfied: certifi>=2017.4.17 in /home/***/.local/lib/python3.12/site-packages (from requests<3,>=2.21.0->tensorflow->-r /tmp/venvx_kuqh8a/requirements.txt (line 6)) (2024.6.2)
[2024-07-14T02:39:45.107+0000] {process_utils.py:191} INFO - Collecting markdown>=2.6.8 (from tensorboard<2.18,>=2.17->tensorflow->-r /tmp/venvx_kuqh8a/requirements.txt (line 6))
[2024-07-14T02:39:45.162+0000] {process_utils.py:191} INFO -   Downloading Markdown-3.6-py3-none-any.whl.metadata (7.0 kB)
[2024-07-14T02:39:45.252+0000] {process_utils.py:191} INFO - Collecting tensorboard-data-server<0.8.0,>=0.7.0 (from tensorboard<2.18,>=2.17->tensorflow->-r /tmp/venvx_kuqh8a/requirements.txt (line 6))
[2024-07-14T02:39:45.298+0000] {process_utils.py:191} INFO -   Downloading tensorboard_data_server-0.7.2-py3-none-any.whl.metadata (1.1 kB)
[2024-07-14T02:39:45.306+0000] {process_utils.py:191} INFO - Requirement already satisfied: werkzeug>=1.0.1 in /home/***/.local/lib/python3.12/site-packages (from tensorboard<2.18,>=2.17->tensorflow->-r /tmp/venvx_kuqh8a/requirements.txt (line 6)) (2.2.3)
[2024-07-14T02:39:45.351+0000] {process_utils.py:191} INFO - Requirement already satisfied: MarkupSafe>=2.1.1 in /home/***/.local/lib/python3.12/site-packages (from werkzeug>=1.0.1->tensorboard<2.18,>=2.17->tensorflow->-r /tmp/venvx_kuqh8a/requirements.txt (line 6)) (2.1.5)
[2024-07-14T02:39:45.368+0000] {process_utils.py:191} INFO - Requirement already satisfied: markdown-it-py>=2.2.0 in /home/***/.local/lib/python3.12/site-packages (from rich->keras>=3.2.0->tensorflow->-r /tmp/venvx_kuqh8a/requirements.txt (line 6)) (3.0.0)
[2024-07-14T02:39:45.369+0000] {process_utils.py:191} INFO - Requirement already satisfied: pygments<3.0.0,>=2.13.0 in /home/***/.local/lib/python3.12/site-packages (from rich->keras>=3.2.0->tensorflow->-r /tmp/venvx_kuqh8a/requirements.txt (line 6)) (2.18.0)
[2024-07-14T02:39:45.376+0000] {process_utils.py:191} INFO - Requirement already satisfied: mdurl~=0.1 in /home/***/.local/lib/python3.12/site-packages (from markdown-it-py>=2.2.0->rich->keras>=3.2.0->tensorflow->-r /tmp/venvx_kuqh8a/requirements.txt (line 6)) (0.1.2)
[2024-07-14T02:39:45.410+0000] {process_utils.py:191} INFO - Downloading kaleido-0.2.1-py2.py3-none-manylinux2014_aarch64.whl (83.7 MB)
[2024-07-14T02:40:21.201+0000] {process_utils.py:191} INFO -    ━━━━━━━━━━━━━━━━━━━━━━━━━━━━━━━━━━━━━━━━ 83.7/83.7 MB 4.2 MB/s eta 0:00:00
[2024-07-14T02:40:21.223+0000] {process_utils.py:191} INFO - Downloading plotly-5.22.0-py3-none-any.whl (16.4 MB)
[2024-07-14T02:40:27.867+0000] {process_utils.py:191} INFO -    ━━━━━━━━━━━━━━━━━━━━━━━━━━━━━━━━━━━━━━━━ 16.4/16.4 MB 2.0 MB/s eta 0:00:00
[2024-07-14T02:40:27.899+0000] {process_utils.py:191} INFO - Downloading scikit_learn-1.5.1-cp312-cp312-manylinux_2_17_aarch64.manylinux2014_aarch64.whl (12.1 MB)
[2024-07-14T02:40:34.501+0000] {process_utils.py:191} INFO -    ━━━━━━━━━━━━━━━━━━━━━━━━━━━━━━━━━━━━━━━━ 12.1/12.1 MB 1.8 MB/s eta 0:00:00
[2024-07-14T02:40:34.572+0000] {process_utils.py:191} INFO - Downloading tensorflow-2.17.0-cp312-cp312-manylinux_2_17_aarch64.manylinux2014_aarch64.whl (224.0 MB)
[2024-07-14T02:41:31.224+0000] {process_utils.py:191} INFO -    ━━━━━━━━━━━━━━━━━━━━━━━━━━━━━━━━━━━━━━━━ 224.0/224.0 MB 3.3 MB/s eta 0:00:00
[2024-07-14T02:41:31.225+0000] {process_utils.py:191} INFO - Using cached absl_py-2.1.0-py3-none-any.whl (133 kB)
[2024-07-14T02:41:31.226+0000] {process_utils.py:191} INFO - Using cached astunparse-1.6.3-py2.py3-none-any.whl (12 kB)
[2024-07-14T02:41:31.226+0000] {process_utils.py:191} INFO - Using cached flatbuffers-24.3.25-py2.py3-none-any.whl (26 kB)
[2024-07-14T02:41:31.227+0000] {process_utils.py:191} INFO - Using cached gast-0.6.0-py3-none-any.whl (21 kB)
[2024-07-14T02:41:31.227+0000] {process_utils.py:191} INFO - Using cached google_pasta-0.2.0-py3-none-any.whl (57 kB)
[2024-07-14T02:41:31.228+0000] {process_utils.py:191} INFO - Using cached joblib-1.4.2-py3-none-any.whl (301 kB)
[2024-07-14T02:41:31.228+0000] {process_utils.py:191} INFO - Using cached keras-3.4.1-py3-none-any.whl (1.1 MB)
[2024-07-14T02:41:31.375+0000] {process_utils.py:191} INFO - Downloading libclang-18.1.1-py2.py3-none-manylinux2014_aarch64.whl (23.8 MB)
[2024-07-14T02:41:44.871+0000] {process_utils.py:191} INFO -    ━━━━━━━━━━━━━━━━━━━━━━━━━━━━━━━━━━━━━━━━ 23.8/23.8 MB 1.1 MB/s eta 0:00:00
[2024-07-14T02:41:44.872+0000] {process_utils.py:191} INFO - Using cached ml_dtypes-0.4.0-cp312-cp312-manylinux_2_17_aarch64.manylinux2014_aarch64.whl (2.2 MB)
[2024-07-14T02:41:44.875+0000] {process_utils.py:191} INFO - Using cached opt_einsum-3.3.0-py3-none-any.whl (65 kB)
[2024-07-14T02:41:45.216+0000] {process_utils.py:191} INFO - Downloading scipy-1.14.0-cp312-cp312-manylinux_2_17_aarch64.manylinux2014_aarch64.whl (35.3 MB)
[2024-07-14T02:41:57.001+0000] {process_utils.py:191} INFO -    ━━━━━━━━━━━━━━━━━━━━━━━━━━━━━━━━━━━━━━━━ 35.3/35.3 MB 3.8 MB/s eta 0:00:00
[2024-07-14T02:41:57.002+0000] {process_utils.py:191} INFO - Using cached tensorboard-2.17.0-py3-none-any.whl (5.5 MB)
[2024-07-14T02:41:57.007+0000] {process_utils.py:191} INFO - Using cached threadpoolctl-3.5.0-py3-none-any.whl (18 kB)
[2024-07-14T02:41:57.007+0000] {process_utils.py:191} INFO - Using cached Markdown-3.6-py3-none-any.whl (105 kB)
[2024-07-14T02:41:57.008+0000] {process_utils.py:191} INFO - Using cached tensorboard_data_server-0.7.2-py3-none-any.whl (2.4 kB)
[2024-07-14T02:41:57.008+0000] {process_utils.py:191} INFO - Using cached namex-0.0.8-py3-none-any.whl (5.8 kB)
[2024-07-14T02:41:57.009+0000] {process_utils.py:191} INFO - Using cached optree-0.12.1-cp312-cp312-manylinux_2_17_aarch64.manylinux2014_aarch64.whl (314 kB)
[2024-07-14T02:41:57.459+0000] {process_utils.py:191} INFO - Building wheels for collected packages: h5py
[2024-07-14T02:41:57.460+0000] {process_utils.py:191} INFO -   Building wheel for h5py (pyproject.toml): started
[2024-07-14T02:41:57.927+0000] {process_utils.py:191} INFO -   Building wheel for h5py (pyproject.toml): finished with status 'error'
[2024-07-14T02:41:57.930+0000] {process_utils.py:191} INFO -   error: subprocess-exited-with-error
[2024-07-14T02:41:57.931+0000] {process_utils.py:191} INFO - 
[2024-07-14T02:41:57.931+0000] {process_utils.py:191} INFO -   × Building wheel for h5py (pyproject.toml) did not run successfully.
[2024-07-14T02:41:57.931+0000] {process_utils.py:191} INFO -   │ exit code: 1
[2024-07-14T02:41:57.931+0000] {process_utils.py:191} INFO -   ╰─> [73 lines of output]
[2024-07-14T02:41:57.931+0000] {process_utils.py:191} INFO -       running bdist_wheel
[2024-07-14T02:41:57.931+0000] {process_utils.py:191} INFO -       running build
[2024-07-14T02:41:57.932+0000] {process_utils.py:191} INFO -       running build_py
[2024-07-14T02:41:57.932+0000] {process_utils.py:191} INFO -       creating build
[2024-07-14T02:41:57.932+0000] {process_utils.py:191} INFO -       creating build/lib.linux-aarch64-cpython-312
[2024-07-14T02:41:57.932+0000] {process_utils.py:191} INFO -       creating build/lib.linux-aarch64-cpython-312/h5py
[2024-07-14T02:41:57.932+0000] {process_utils.py:191} INFO -       copying h5py/__init__.py -> build/lib.linux-aarch64-cpython-312/h5py
[2024-07-14T02:41:57.932+0000] {process_utils.py:191} INFO -       copying h5py/h5py_warnings.py -> build/lib.linux-aarch64-cpython-312/h5py
[2024-07-14T02:41:57.933+0000] {process_utils.py:191} INFO -       copying h5py/ipy_completer.py -> build/lib.linux-aarch64-cpython-312/h5py
[2024-07-14T02:41:57.933+0000] {process_utils.py:191} INFO -       copying h5py/version.py -> build/lib.linux-aarch64-cpython-312/h5py
[2024-07-14T02:41:57.933+0000] {process_utils.py:191} INFO -       creating build/lib.linux-aarch64-cpython-312/h5py/_hl
[2024-07-14T02:41:57.933+0000] {process_utils.py:191} INFO -       copying h5py/_hl/group.py -> build/lib.linux-aarch64-cpython-312/h5py/_hl
[2024-07-14T02:41:57.933+0000] {process_utils.py:191} INFO -       copying h5py/_hl/__init__.py -> build/lib.linux-aarch64-cpython-312/h5py/_hl
[2024-07-14T02:41:57.933+0000] {process_utils.py:191} INFO -       copying h5py/_hl/datatype.py -> build/lib.linux-aarch64-cpython-312/h5py/_hl
[2024-07-14T02:41:57.933+0000] {process_utils.py:191} INFO -       copying h5py/_hl/selections2.py -> build/lib.linux-aarch64-cpython-312/h5py/_hl
[2024-07-14T02:41:57.934+0000] {process_utils.py:191} INFO -       copying h5py/_hl/dims.py -> build/lib.linux-aarch64-cpython-312/h5py/_hl
[2024-07-14T02:41:57.934+0000] {process_utils.py:191} INFO -       copying h5py/_hl/filters.py -> build/lib.linux-aarch64-cpython-312/h5py/_hl
[2024-07-14T02:41:57.934+0000] {process_utils.py:191} INFO -       copying h5py/_hl/attrs.py -> build/lib.linux-aarch64-cpython-312/h5py/_hl
[2024-07-14T02:41:57.934+0000] {process_utils.py:191} INFO -       copying h5py/_hl/vds.py -> build/lib.linux-aarch64-cpython-312/h5py/_hl
[2024-07-14T02:41:57.934+0000] {process_utils.py:191} INFO -       copying h5py/_hl/files.py -> build/lib.linux-aarch64-cpython-312/h5py/_hl
[2024-07-14T02:41:57.934+0000] {process_utils.py:191} INFO -       copying h5py/_hl/base.py -> build/lib.linux-aarch64-cpython-312/h5py/_hl
[2024-07-14T02:41:57.934+0000] {process_utils.py:191} INFO -       copying h5py/_hl/dataset.py -> build/lib.linux-aarch64-cpython-312/h5py/_hl
[2024-07-14T02:41:57.935+0000] {process_utils.py:191} INFO -       copying h5py/_hl/selections.py -> build/lib.linux-aarch64-cpython-312/h5py/_hl
[2024-07-14T02:41:57.935+0000] {process_utils.py:191} INFO -       copying h5py/_hl/compat.py -> build/lib.linux-aarch64-cpython-312/h5py/_hl
[2024-07-14T02:41:57.935+0000] {process_utils.py:191} INFO -       creating build/lib.linux-aarch64-cpython-312/h5py/tests
[2024-07-14T02:41:57.935+0000] {process_utils.py:191} INFO -       copying h5py/tests/__init__.py -> build/lib.linux-aarch64-cpython-312/h5py/tests
[2024-07-14T02:41:57.935+0000] {process_utils.py:191} INFO -       copying h5py/tests/test_h5o.py -> build/lib.linux-aarch64-cpython-312/h5py/tests
[2024-07-14T02:41:57.935+0000] {process_utils.py:191} INFO -       copying h5py/tests/test_attribute_create.py -> build/lib.linux-aarch64-cpython-312/h5py/tests
[2024-07-14T02:41:57.935+0000] {process_utils.py:191} INFO -       copying h5py/tests/common.py -> build/lib.linux-aarch64-cpython-312/h5py/tests
[2024-07-14T02:41:57.935+0000] {process_utils.py:191} INFO -       copying h5py/tests/test_dataset_swmr.py -> build/lib.linux-aarch64-cpython-312/h5py/tests
[2024-07-14T02:41:57.935+0000] {process_utils.py:191} INFO -       copying h5py/tests/test_h5p.py -> build/lib.linux-aarch64-cpython-312/h5py/tests
[2024-07-14T02:41:57.936+0000] {process_utils.py:191} INFO -       copying h5py/tests/test_attrs.py -> build/lib.linux-aarch64-cpython-312/h5py/tests
[2024-07-14T02:41:57.936+0000] {process_utils.py:191} INFO -       copying h5py/tests/conftest.py -> build/lib.linux-aarch64-cpython-312/h5py/tests
[2024-07-14T02:41:57.936+0000] {process_utils.py:191} INFO -       copying h5py/tests/test_big_endian_file.py -> build/lib.linux-aarch64-cpython-312/h5py/tests
[2024-07-14T02:41:57.936+0000] {process_utils.py:191} INFO -       copying h5py/tests/test_datatype.py -> build/lib.linux-aarch64-cpython-312/h5py/tests
[2024-07-14T02:41:57.936+0000] {process_utils.py:191} INFO -       copying h5py/tests/test_h5.py -> build/lib.linux-aarch64-cpython-312/h5py/tests
[2024-07-14T02:41:57.936+0000] {process_utils.py:191} INFO -       copying h5py/tests/test_dims_dimensionproxy.py -> build/lib.linux-aarch64-cpython-312/h5py/tests
[2024-07-14T02:41:57.936+0000] {process_utils.py:191} INFO -       copying h5py/tests/test_attrs_data.py -> build/lib.linux-aarch64-cpython-312/h5py/tests
[2024-07-14T02:41:57.936+0000] {process_utils.py:191} INFO -       copying h5py/tests/test_file2.py -> build/lib.linux-aarch64-cpython-312/h5py/tests
[2024-07-14T02:41:57.937+0000] {process_utils.py:191} INFO -       copying h5py/tests/test_errors.py -> build/lib.linux-aarch64-cpython-312/h5py/tests
[2024-07-14T02:41:57.937+0000] {process_utils.py:191} INFO -       copying h5py/tests/test_group.py -> build/lib.linux-aarch64-cpython-312/h5py/tests
[2024-07-14T02:41:57.937+0000] {process_utils.py:191} INFO -       copying h5py/tests/test_ros3.py -> build/lib.linux-aarch64-cpython-312/h5py/tests
[2024-07-14T02:41:57.937+0000] {process_utils.py:191} INFO -       copying h5py/tests/test_selections.py -> build/lib.linux-aarch64-cpython-312/h5py/tests
[2024-07-14T02:41:57.937+0000] {process_utils.py:191} INFO -       copying h5py/tests/test_file_image.py -> build/lib.linux-aarch64-cpython-312/h5py/tests
[2024-07-14T02:41:57.937+0000] {process_utils.py:191} INFO -       copying h5py/tests/test_file_alignment.py -> build/lib.linux-aarch64-cpython-312/h5py/tests
[2024-07-14T02:41:57.937+0000] {process_utils.py:191} INFO -       copying h5py/tests/test_h5pl.py -> build/lib.linux-aarch64-cpython-312/h5py/tests
[2024-07-14T02:41:57.938+0000] {process_utils.py:191} INFO -       copying h5py/tests/test_file.py -> build/lib.linux-aarch64-cpython-312/h5py/tests
[2024-07-14T02:41:57.938+0000] {process_utils.py:191} INFO -       copying h5py/tests/test_dataset.py -> build/lib.linux-aarch64-cpython-312/h5py/tests
[2024-07-14T02:41:57.938+0000] {process_utils.py:191} INFO -       copying h5py/tests/test_dataset_getitem.py -> build/lib.linux-aarch64-cpython-312/h5py/tests
[2024-07-14T02:41:57.938+0000] {process_utils.py:191} INFO -       copying h5py/tests/test_objects.py -> build/lib.linux-aarch64-cpython-312/h5py/tests
[2024-07-14T02:41:57.938+0000] {process_utils.py:191} INFO -       copying h5py/tests/test_h5d_direct_chunk.py -> build/lib.linux-aarch64-cpython-312/h5py/tests
[2024-07-14T02:41:57.938+0000] {process_utils.py:191} INFO -       copying h5py/tests/test_dtype.py -> build/lib.linux-aarch64-cpython-312/h5py/tests
[2024-07-14T02:41:57.938+0000] {process_utils.py:191} INFO -       copying h5py/tests/test_completions.py -> build/lib.linux-aarch64-cpython-312/h5py/tests
[2024-07-14T02:41:57.938+0000] {process_utils.py:191} INFO -       copying h5py/tests/test_base.py -> build/lib.linux-aarch64-cpython-312/h5py/tests
[2024-07-14T02:41:57.939+0000] {process_utils.py:191} INFO -       copying h5py/tests/test_filters.py -> build/lib.linux-aarch64-cpython-312/h5py/tests
[2024-07-14T02:41:57.939+0000] {process_utils.py:191} INFO -       copying h5py/tests/test_dimension_scales.py -> build/lib.linux-aarch64-cpython-312/h5py/tests
[2024-07-14T02:41:57.939+0000] {process_utils.py:191} INFO -       copying h5py/tests/test_h5t.py -> build/lib.linux-aarch64-cpython-312/h5py/tests
[2024-07-14T02:41:57.939+0000] {process_utils.py:191} INFO -       copying h5py/tests/test_h5f.py -> build/lib.linux-aarch64-cpython-312/h5py/tests
[2024-07-14T02:41:57.939+0000] {process_utils.py:191} INFO -       copying h5py/tests/test_h5z.py -> build/lib.linux-aarch64-cpython-312/h5py/tests
[2024-07-14T02:41:57.939+0000] {process_utils.py:191} INFO -       copying h5py/tests/test_slicing.py -> build/lib.linux-aarch64-cpython-312/h5py/tests
[2024-07-14T02:41:57.939+0000] {process_utils.py:191} INFO -       creating build/lib.linux-aarch64-cpython-312/h5py/tests/data_files
[2024-07-14T02:41:57.939+0000] {process_utils.py:191} INFO -       copying h5py/tests/data_files/__init__.py -> build/lib.linux-aarch64-cpython-312/h5py/tests/data_files
[2024-07-14T02:41:57.939+0000] {process_utils.py:191} INFO -       creating build/lib.linux-aarch64-cpython-312/h5py/tests/test_vds
[2024-07-14T02:41:57.939+0000] {process_utils.py:191} INFO -       copying h5py/tests/test_vds/__init__.py -> build/lib.linux-aarch64-cpython-312/h5py/tests/test_vds
[2024-07-14T02:41:57.940+0000] {process_utils.py:191} INFO -       copying h5py/tests/test_vds/test_virtual_source.py -> build/lib.linux-aarch64-cpython-312/h5py/tests/test_vds
[2024-07-14T02:41:57.940+0000] {process_utils.py:191} INFO -       copying h5py/tests/test_vds/test_lowlevel_vds.py -> build/lib.linux-aarch64-cpython-312/h5py/tests/test_vds
[2024-07-14T02:41:57.940+0000] {process_utils.py:191} INFO -       copying h5py/tests/test_vds/test_highlevel_vds.py -> build/lib.linux-aarch64-cpython-312/h5py/tests/test_vds
[2024-07-14T02:41:57.940+0000] {process_utils.py:191} INFO -       copying h5py/tests/data_files/vlen_string_dset_utc.h5 -> build/lib.linux-aarch64-cpython-312/h5py/tests/data_files
[2024-07-14T02:41:57.940+0000] {process_utils.py:191} INFO -       copying h5py/tests/data_files/vlen_string_s390x.h5 -> build/lib.linux-aarch64-cpython-312/h5py/tests/data_files
[2024-07-14T02:41:57.940+0000] {process_utils.py:191} INFO -       copying h5py/tests/data_files/vlen_string_dset.h5 -> build/lib.linux-aarch64-cpython-312/h5py/tests/data_files
[2024-07-14T02:41:57.940+0000] {process_utils.py:191} INFO -       running build_ext
[2024-07-14T02:41:57.941+0000] {process_utils.py:191} INFO -       Building h5py requires pkg-config unless the HDF5 path is explicitly specified using the environment variable HDF5_DIR. For more information and details, see https://docs.h5py.org/en/stable/build.html#custom-installation
[2024-07-14T02:41:57.941+0000] {process_utils.py:191} INFO -       error: pkg-config probably not installed: PermissionError(13, 'Permission denied')
[2024-07-14T02:41:57.941+0000] {process_utils.py:191} INFO -       [end of output]
[2024-07-14T02:41:57.941+0000] {process_utils.py:191} INFO - 
[2024-07-14T02:41:57.941+0000] {process_utils.py:191} INFO -   note: This error originates from a subprocess, and is likely not a problem with pip.
[2024-07-14T02:41:57.941+0000] {process_utils.py:191} INFO -   ERROR: Failed building wheel for h5py
[2024-07-14T02:41:57.941+0000] {process_utils.py:191} INFO - Failed to build h5py
[2024-07-14T02:41:57.941+0000] {process_utils.py:191} INFO - ERROR: Could not build wheels for h5py, which is required to install pyproject.toml-based projects
[2024-07-14T02:41:57.945+0000] {process_utils.py:191} INFO - 
[2024-07-14T02:41:57.945+0000] {process_utils.py:191} INFO - [notice] A new release of pip is available: 24.0 -> 24.1.2
[2024-07-14T02:41:57.945+0000] {process_utils.py:191} INFO - [notice] To update, run: python -m pip install --upgrade pip
[2024-07-14T02:41:58.044+0000] {taskinstance.py:441} INFO - ::group::Post task execution logs
[2024-07-14T02:41:58.045+0000] {taskinstance.py:2905} ERROR - Task failed with exception
Traceback (most recent call last):
  File "/home/airflow/.local/lib/python3.12/site-packages/airflow/models/taskinstance.py", line 465, in _execute_task
    result = _execute_callable(context=context, **execute_callable_kwargs)
             ^^^^^^^^^^^^^^^^^^^^^^^^^^^^^^^^^^^^^^^^^^^^^^^^^^^^^^^^^^^^^
  File "/home/airflow/.local/lib/python3.12/site-packages/airflow/models/taskinstance.py", line 432, in _execute_callable
    return execute_callable(context=context, **execute_callable_kwargs)
           ^^^^^^^^^^^^^^^^^^^^^^^^^^^^^^^^^^^^^^^^^^^^^^^^^^^^^^^^^^^^
  File "/home/airflow/.local/lib/python3.12/site-packages/airflow/models/baseoperator.py", line 401, in wrapper
    return func(self, *args, **kwargs)
           ^^^^^^^^^^^^^^^^^^^^^^^^^^^
  File "/home/airflow/.local/lib/python3.12/site-packages/airflow/operators/python.py", line 437, in execute
    return super().execute(context=serializable_context)
           ^^^^^^^^^^^^^^^^^^^^^^^^^^^^^^^^^^^^^^^^^^^^^
  File "/home/airflow/.local/lib/python3.12/site-packages/airflow/models/baseoperator.py", line 401, in wrapper
    return func(self, *args, **kwargs)
           ^^^^^^^^^^^^^^^^^^^^^^^^^^^
  File "/home/airflow/.local/lib/python3.12/site-packages/airflow/operators/python.py", line 235, in execute
    return_value = self.execute_callable()
                   ^^^^^^^^^^^^^^^^^^^^^^^
  File "/home/airflow/.local/lib/python3.12/site-packages/airflow/operators/python.py", line 757, in execute_callable
    self._prepare_venv(tmp_path)
  File "/home/airflow/.local/lib/python3.12/site-packages/airflow/operators/python.py", line 669, in _prepare_venv
    prepare_virtualenv(
  File "/home/airflow/.local/lib/python3.12/site-packages/airflow/utils/python_virtualenv.py", line 119, in prepare_virtualenv
    execute_in_subprocess(pip_cmd)
  File "/home/airflow/.local/lib/python3.12/site-packages/airflow/utils/process_utils.py", line 172, in execute_in_subprocess
    execute_in_subprocess_with_kwargs(cmd, cwd=cwd)
  File "/home/airflow/.local/lib/python3.12/site-packages/airflow/utils/process_utils.py", line 195, in execute_in_subprocess_with_kwargs
    raise subprocess.CalledProcessError(exit_code, cmd)
subprocess.CalledProcessError: Command '['/tmp/venvx_kuqh8a/bin/pip', 'install', '-r', '/tmp/venvx_kuqh8a/requirements.txt']' returned non-zero exit status 1.
[2024-07-14T02:41:58.048+0000] {taskinstance.py:1206} INFO - Marking task as UP_FOR_RETRY. dag_id=train, task_id=train_task, run_id=scheduled__2024-05-17T00:00:00+00:00, execution_date=20240517T000000, start_date=20240714T023933, end_date=20240714T024158
[2024-07-14T02:41:58.053+0000] {standard_task_runner.py:110} ERROR - Failed to execute job 15 for task train_task (Command '['/tmp/venvx_kuqh8a/bin/pip', 'install', '-r', '/tmp/venvx_kuqh8a/requirements.txt']' returned non-zero exit status 1.; 5845)
[2024-07-14T02:41:58.081+0000] {local_task_job_runner.py:240} INFO - Task exited with return code 1
[2024-07-14T02:41:58.087+0000] {taskinstance.py:3503} INFO - 0 downstream tasks scheduled from follow-on schedule check
[2024-07-14T02:41:58.087+0000] {local_task_job_runner.py:222} INFO - ::endgroup::
