[2024-07-14T04:23:51.508+0000] {local_task_job_runner.py:120} INFO - ::group::Pre task execution logs
[2024-07-14T04:23:51.516+0000] {taskinstance.py:2076} INFO - Dependencies all met for dep_context=non-requeueable deps ti=<TaskInstance: train.train_task manual__2024-07-14T04:23:50.885345+00:00 [queued]>
[2024-07-14T04:23:51.518+0000] {taskinstance.py:2076} INFO - Dependencies all met for dep_context=requeueable deps ti=<TaskInstance: train.train_task manual__2024-07-14T04:23:50.885345+00:00 [queued]>
[2024-07-14T04:23:51.518+0000] {taskinstance.py:2306} INFO - Starting attempt 1 of 2
[2024-07-14T04:23:51.522+0000] {taskinstance.py:2330} INFO - Executing <Task(PythonVirtualenvOperator): train_task> on 2024-07-14 04:23:50.885345+00:00
[2024-07-14T04:23:51.524+0000] {warnings.py:112} WARNING - /home/***/.local/lib/python3.12/site-packages/***/task/task_runner/standard_task_runner.py:61: DeprecationWarning: This process (pid=8057) is multi-threaded, use of fork() may lead to deadlocks in the child.
  pid = os.fork()

[2024-07-14T04:23:51.525+0000] {standard_task_runner.py:63} INFO - Started process 8058 to run task
[2024-07-14T04:23:51.525+0000] {standard_task_runner.py:90} INFO - Running: ['***', 'tasks', 'run', 'train', 'train_task', 'manual__2024-07-14T04:23:50.885345+00:00', '--job-id', '29', '--raw', '--subdir', 'DAGS_FOLDER/train_dag.py', '--cfg-path', '/tmp/tmpajk38igv']
[2024-07-14T04:23:51.525+0000] {standard_task_runner.py:91} INFO - Job 29: Subtask train_task
[2024-07-14T04:23:51.541+0000] {task_command.py:426} INFO - Running <TaskInstance: train.train_task manual__2024-07-14T04:23:50.885345+00:00 [running]> on host afe03d974b6e
[2024-07-14T04:23:51.565+0000] {taskinstance.py:2648} INFO - Exporting env vars: AIRFLOW_CTX_DAG_OWNER='***' AIRFLOW_CTX_DAG_ID='train' AIRFLOW_CTX_TASK_ID='train_task' AIRFLOW_CTX_EXECUTION_DATE='2024-07-14T04:23:50.885345+00:00' AIRFLOW_CTX_TRY_NUMBER='1' AIRFLOW_CTX_DAG_RUN_ID='manual__2024-07-14T04:23:50.885345+00:00'
[2024-07-14T04:23:51.566+0000] {taskinstance.py:430} INFO - ::endgroup::
[2024-07-14T04:23:51.570+0000] {baseoperator.py:400} WARNING - PythonVirtualenvOperator.execute cannot be called outside TaskInstance!
[2024-07-14T04:23:51.571+0000] {process_utils.py:183} INFO - Executing cmd: /home/***/.local/bin/python -m virtualenv /tmp/venvxqad89u4 --system-site-packages --python=python
[2024-07-14T04:23:51.571+0000] {process_utils.py:187} INFO - Output:
[2024-07-14T04:23:51.880+0000] {process_utils.py:191} INFO - created virtual environment CPython3.12.4.final.0-64 in 90ms
[2024-07-14T04:23:51.880+0000] {process_utils.py:191} INFO -   creator CPython3Posix(dest=/tmp/venvxqad89u4, clear=False, no_vcs_ignore=False, global=True)
[2024-07-14T04:23:51.880+0000] {process_utils.py:191} INFO -   seeder FromAppData(download=False, pip=bundle, via=copy, app_data_dir=/home/***/.local/share/virtualenv)
[2024-07-14T04:23:51.881+0000] {process_utils.py:191} INFO -     added seed packages: pip==24.0
[2024-07-14T04:23:51.881+0000] {process_utils.py:191} INFO -   activators BashActivator,CShellActivator,FishActivator,NushellActivator,PowerShellActivator,PythonActivator
[2024-07-14T04:23:51.892+0000] {process_utils.py:183} INFO - Executing cmd: /tmp/venvxqad89u4/bin/pip install -r /tmp/venvxqad89u4/requirements.txt
[2024-07-14T04:23:51.893+0000] {process_utils.py:187} INFO - Output:
[2024-07-14T04:23:52.750+0000] {process_utils.py:191} INFO - Collecting kaleido (from -r /tmp/venvxqad89u4/requirements.txt (line 1))
[2024-07-14T04:23:52.750+0000] {process_utils.py:191} INFO -   Using cached kaleido-0.2.1-py2.py3-none-manylinux2014_aarch64.whl.metadata (15 kB)
[2024-07-14T04:23:52.753+0000] {process_utils.py:191} INFO - Requirement already satisfied: numpy in /home/***/.local/lib/python3.12/site-packages (from -r /tmp/venvxqad89u4/requirements.txt (line 2)) (1.26.4)
[2024-07-14T04:23:52.754+0000] {process_utils.py:191} INFO - Requirement already satisfied: pandas in /home/***/.local/lib/python3.12/site-packages (from -r /tmp/venvxqad89u4/requirements.txt (line 3)) (2.1.4)
[2024-07-14T04:23:52.778+0000] {process_utils.py:191} INFO - Collecting plotly (from -r /tmp/venvxqad89u4/requirements.txt (line 4))
[2024-07-14T04:23:52.779+0000] {process_utils.py:191} INFO -   Using cached plotly-5.22.0-py3-none-any.whl.metadata (7.1 kB)
[2024-07-14T04:23:52.893+0000] {process_utils.py:191} INFO - Collecting scikit-learn (from -r /tmp/venvxqad89u4/requirements.txt (line 5))
[2024-07-14T04:23:52.893+0000] {process_utils.py:191} INFO -   Using cached scikit_learn-1.5.1-cp312-cp312-manylinux_2_17_aarch64.manylinux2014_aarch64.whl.metadata (12 kB)
[2024-07-14T04:23:52.943+0000] {process_utils.py:191} INFO - Collecting tensorflow (from -r /tmp/venvxqad89u4/requirements.txt (line 6))
[2024-07-14T04:23:52.944+0000] {process_utils.py:191} INFO -   Using cached tensorflow-2.17.0-cp312-cp312-manylinux_2_17_aarch64.manylinux2014_aarch64.whl.metadata (4.1 kB)
[2024-07-14T04:23:52.967+0000] {process_utils.py:191} INFO - Requirement already satisfied: python-dateutil>=2.8.2 in /home/***/.local/lib/python3.12/site-packages (from pandas->-r /tmp/venvxqad89u4/requirements.txt (line 3)) (2.9.0.post0)
[2024-07-14T04:23:52.968+0000] {process_utils.py:191} INFO - Requirement already satisfied: pytz>=2020.1 in /home/***/.local/lib/python3.12/site-packages (from pandas->-r /tmp/venvxqad89u4/requirements.txt (line 3)) (2024.1)
[2024-07-14T04:23:52.968+0000] {process_utils.py:191} INFO - Requirement already satisfied: tzdata>=2022.1 in /home/***/.local/lib/python3.12/site-packages (from pandas->-r /tmp/venvxqad89u4/requirements.txt (line 3)) (2024.1)
[2024-07-14T04:23:52.970+0000] {process_utils.py:191} INFO - Requirement already satisfied: tenacity>=6.2.0 in /home/***/.local/lib/python3.12/site-packages (from plotly->-r /tmp/venvxqad89u4/requirements.txt (line 4)) (8.3.0)
[2024-07-14T04:23:52.970+0000] {process_utils.py:191} INFO - Requirement already satisfied: packaging in /home/***/.local/lib/python3.12/site-packages (from plotly->-r /tmp/venvxqad89u4/requirements.txt (line 4)) (24.0)
[2024-07-14T04:23:53.039+0000] {process_utils.py:191} INFO - Collecting scipy>=1.6.0 (from scikit-learn->-r /tmp/venvxqad89u4/requirements.txt (line 5))
[2024-07-14T04:23:53.039+0000] {process_utils.py:191} INFO -   Using cached scipy-1.14.0-cp312-cp312-manylinux_2_17_aarch64.manylinux2014_aarch64.whl.metadata (113 kB)
[2024-07-14T04:23:53.067+0000] {process_utils.py:191} INFO - Collecting joblib>=1.2.0 (from scikit-learn->-r /tmp/venvxqad89u4/requirements.txt (line 5))
[2024-07-14T04:23:53.068+0000] {process_utils.py:191} INFO -   Using cached joblib-1.4.2-py3-none-any.whl.metadata (5.4 kB)
[2024-07-14T04:23:53.082+0000] {process_utils.py:191} INFO - Collecting threadpoolctl>=3.1.0 (from scikit-learn->-r /tmp/venvxqad89u4/requirements.txt (line 5))
[2024-07-14T04:23:53.082+0000] {process_utils.py:191} INFO -   Using cached threadpoolctl-3.5.0-py3-none-any.whl.metadata (13 kB)
[2024-07-14T04:23:53.118+0000] {process_utils.py:191} INFO - Collecting absl-py>=1.0.0 (from tensorflow->-r /tmp/venvxqad89u4/requirements.txt (line 6))
[2024-07-14T04:23:53.118+0000] {process_utils.py:191} INFO -   Using cached absl_py-2.1.0-py3-none-any.whl.metadata (2.3 kB)
[2024-07-14T04:23:53.133+0000] {process_utils.py:191} INFO - Collecting astunparse>=1.6.0 (from tensorflow->-r /tmp/venvxqad89u4/requirements.txt (line 6))
[2024-07-14T04:23:53.134+0000] {process_utils.py:191} INFO -   Using cached astunparse-1.6.3-py2.py3-none-any.whl.metadata (4.4 kB)
[2024-07-14T04:23:53.146+0000] {process_utils.py:191} INFO - Collecting flatbuffers>=24.3.25 (from tensorflow->-r /tmp/venvxqad89u4/requirements.txt (line 6))
[2024-07-14T04:23:53.146+0000] {process_utils.py:191} INFO -   Using cached flatbuffers-24.3.25-py2.py3-none-any.whl.metadata (850 bytes)
[2024-07-14T04:23:53.158+0000] {process_utils.py:191} INFO - Collecting gast!=0.5.0,!=0.5.1,!=0.5.2,>=0.2.1 (from tensorflow->-r /tmp/venvxqad89u4/requirements.txt (line 6))
[2024-07-14T04:23:53.159+0000] {process_utils.py:191} INFO -   Using cached gast-0.6.0-py3-none-any.whl.metadata (1.3 kB)
[2024-07-14T04:23:53.175+0000] {process_utils.py:191} INFO - Collecting google-pasta>=0.1.1 (from tensorflow->-r /tmp/venvxqad89u4/requirements.txt (line 6))
[2024-07-14T04:23:53.176+0000] {process_utils.py:191} INFO -   Using cached google_pasta-0.2.0-py3-none-any.whl.metadata (814 bytes)
[2024-07-14T04:23:53.201+0000] {process_utils.py:191} INFO - Collecting h5py>=3.10.0 (from tensorflow->-r /tmp/venvxqad89u4/requirements.txt (line 6))
[2024-07-14T04:23:53.202+0000] {process_utils.py:191} INFO -   Using cached h5py-3.11.0.tar.gz (406 kB)
[2024-07-14T04:23:53.225+0000] {process_utils.py:191} INFO -   Installing build dependencies: started
[2024-07-14T04:23:56.388+0000] {process_utils.py:191} INFO -   Installing build dependencies: finished with status 'done'
[2024-07-14T04:23:56.388+0000] {process_utils.py:191} INFO -   Getting requirements to build wheel: started
[2024-07-14T04:23:56.755+0000] {process_utils.py:191} INFO -   Getting requirements to build wheel: finished with status 'done'
[2024-07-14T04:23:56.756+0000] {process_utils.py:191} INFO -   Preparing metadata (pyproject.toml): started
[2024-07-14T04:23:57.157+0000] {process_utils.py:191} INFO -   Preparing metadata (pyproject.toml): finished with status 'done'
[2024-07-14T04:23:57.175+0000] {process_utils.py:191} INFO - Collecting libclang>=13.0.0 (from tensorflow->-r /tmp/venvxqad89u4/requirements.txt (line 6))
[2024-07-14T04:23:57.175+0000] {process_utils.py:191} INFO -   Using cached libclang-18.1.1-py2.py3-none-manylinux2014_aarch64.whl.metadata (5.2 kB)
[2024-07-14T04:23:57.190+0000] {process_utils.py:191} INFO - Collecting ml-dtypes<0.5.0,>=0.3.1 (from tensorflow->-r /tmp/venvxqad89u4/requirements.txt (line 6))
[2024-07-14T04:23:57.191+0000] {process_utils.py:191} INFO -   Using cached ml_dtypes-0.4.0-cp312-cp312-manylinux_2_17_aarch64.manylinux2014_aarch64.whl.metadata (20 kB)
[2024-07-14T04:23:57.204+0000] {process_utils.py:191} INFO - Collecting opt-einsum>=2.3.2 (from tensorflow->-r /tmp/venvxqad89u4/requirements.txt (line 6))
[2024-07-14T04:23:57.204+0000] {process_utils.py:191} INFO -   Using cached opt_einsum-3.3.0-py3-none-any.whl.metadata (6.5 kB)
[2024-07-14T04:23:57.205+0000] {process_utils.py:191} INFO - Requirement already satisfied: protobuf!=4.21.0,!=4.21.1,!=4.21.2,!=4.21.3,!=4.21.4,!=4.21.5,<5.0.0dev,>=3.20.3 in /home/***/.local/lib/python3.12/site-packages (from tensorflow->-r /tmp/venvxqad89u4/requirements.txt (line 6)) (4.25.3)
[2024-07-14T04:23:57.206+0000] {process_utils.py:191} INFO - Requirement already satisfied: requests<3,>=2.21.0 in /home/***/.local/lib/python3.12/site-packages (from tensorflow->-r /tmp/venvxqad89u4/requirements.txt (line 6)) (2.31.0)
[2024-07-14T04:23:57.206+0000] {process_utils.py:191} INFO - Requirement already satisfied: setuptools in /home/***/.local/lib/python3.12/site-packages (from tensorflow->-r /tmp/venvxqad89u4/requirements.txt (line 6)) (66.1.1)
[2024-07-14T04:23:57.206+0000] {process_utils.py:191} INFO - Requirement already satisfied: six>=1.12.0 in /home/***/.local/lib/python3.12/site-packages (from tensorflow->-r /tmp/venvxqad89u4/requirements.txt (line 6)) (1.16.0)
[2024-07-14T04:23:57.207+0000] {process_utils.py:191} INFO - Requirement already satisfied: termcolor>=1.1.0 in /home/***/.local/lib/python3.12/site-packages (from tensorflow->-r /tmp/venvxqad89u4/requirements.txt (line 6)) (2.4.0)
[2024-07-14T04:23:57.207+0000] {process_utils.py:191} INFO - Requirement already satisfied: typing-extensions>=3.6.6 in /home/***/.local/lib/python3.12/site-packages (from tensorflow->-r /tmp/venvxqad89u4/requirements.txt (line 6)) (4.12.1)
[2024-07-14T04:23:57.208+0000] {process_utils.py:191} INFO - Requirement already satisfied: wrapt>=1.11.0 in /home/***/.local/lib/python3.12/site-packages (from tensorflow->-r /tmp/venvxqad89u4/requirements.txt (line 6)) (1.16.0)
[2024-07-14T04:23:57.208+0000] {process_utils.py:191} INFO - Requirement already satisfied: grpcio<2.0,>=1.24.3 in /home/***/.local/lib/python3.12/site-packages (from tensorflow->-r /tmp/venvxqad89u4/requirements.txt (line 6)) (1.64.1)
[2024-07-14T04:23:57.223+0000] {process_utils.py:191} INFO - Collecting tensorboard<2.18,>=2.17 (from tensorflow->-r /tmp/venvxqad89u4/requirements.txt (line 6))
[2024-07-14T04:23:57.224+0000] {process_utils.py:191} INFO -   Using cached tensorboard-2.17.0-py3-none-any.whl.metadata (1.6 kB)
[2024-07-14T04:23:57.240+0000] {process_utils.py:191} INFO - Collecting keras>=3.2.0 (from tensorflow->-r /tmp/venvxqad89u4/requirements.txt (line 6))
[2024-07-14T04:23:57.241+0000] {process_utils.py:191} INFO -   Using cached keras-3.4.1-py3-none-any.whl.metadata (5.8 kB)
[2024-07-14T04:23:57.244+0000] {process_utils.py:191} INFO - Requirement already satisfied: wheel<1.0,>=0.23.0 in /usr/local/lib/python3.12/site-packages (from astunparse>=1.6.0->tensorflow->-r /tmp/venvxqad89u4/requirements.txt (line 6)) (0.43.0)
[2024-07-14T04:23:57.253+0000] {process_utils.py:191} INFO - Requirement already satisfied: rich in /home/***/.local/lib/python3.12/site-packages (from keras>=3.2.0->tensorflow->-r /tmp/venvxqad89u4/requirements.txt (line 6)) (13.7.1)
[2024-07-14T04:23:57.265+0000] {process_utils.py:191} INFO - Collecting namex (from keras>=3.2.0->tensorflow->-r /tmp/venvxqad89u4/requirements.txt (line 6))
[2024-07-14T04:23:57.266+0000] {process_utils.py:191} INFO -   Using cached namex-0.0.8-py3-none-any.whl.metadata (246 bytes)
[2024-07-14T04:23:57.293+0000] {process_utils.py:191} INFO - Collecting optree (from keras>=3.2.0->tensorflow->-r /tmp/venvxqad89u4/requirements.txt (line 6))
[2024-07-14T04:23:57.293+0000] {process_utils.py:191} INFO -   Using cached optree-0.12.1-cp312-cp312-manylinux_2_17_aarch64.manylinux2014_aarch64.whl.metadata (47 kB)
[2024-07-14T04:23:57.315+0000] {process_utils.py:191} INFO - Requirement already satisfied: charset-normalizer<4,>=2 in /home/***/.local/lib/python3.12/site-packages (from requests<3,>=2.21.0->tensorflow->-r /tmp/venvxqad89u4/requirements.txt (line 6)) (3.3.2)
[2024-07-14T04:23:57.316+0000] {process_utils.py:191} INFO - Requirement already satisfied: idna<4,>=2.5 in /home/***/.local/lib/python3.12/site-packages (from requests<3,>=2.21.0->tensorflow->-r /tmp/venvxqad89u4/requirements.txt (line 6)) (3.7)
[2024-07-14T04:23:57.316+0000] {process_utils.py:191} INFO - Requirement already satisfied: urllib3<3,>=1.21.1 in /home/***/.local/lib/python3.12/site-packages (from requests<3,>=2.21.0->tensorflow->-r /tmp/venvxqad89u4/requirements.txt (line 6)) (2.2.1)
[2024-07-14T04:23:57.317+0000] {process_utils.py:191} INFO - Requirement already satisfied: certifi>=2017.4.17 in /home/***/.local/lib/python3.12/site-packages (from requests<3,>=2.21.0->tensorflow->-r /tmp/venvxqad89u4/requirements.txt (line 6)) (2024.6.2)
[2024-07-14T04:23:57.353+0000] {process_utils.py:191} INFO - Collecting markdown>=2.6.8 (from tensorboard<2.18,>=2.17->tensorflow->-r /tmp/venvxqad89u4/requirements.txt (line 6))
[2024-07-14T04:23:57.353+0000] {process_utils.py:191} INFO -   Using cached Markdown-3.6-py3-none-any.whl.metadata (7.0 kB)
[2024-07-14T04:23:57.369+0000] {process_utils.py:191} INFO - Collecting tensorboard-data-server<0.8.0,>=0.7.0 (from tensorboard<2.18,>=2.17->tensorflow->-r /tmp/venvxqad89u4/requirements.txt (line 6))
[2024-07-14T04:23:57.369+0000] {process_utils.py:191} INFO -   Using cached tensorboard_data_server-0.7.2-py3-none-any.whl.metadata (1.1 kB)
[2024-07-14T04:23:57.370+0000] {process_utils.py:191} INFO - Requirement already satisfied: werkzeug>=1.0.1 in /home/***/.local/lib/python3.12/site-packages (from tensorboard<2.18,>=2.17->tensorflow->-r /tmp/venvxqad89u4/requirements.txt (line 6)) (2.2.3)
[2024-07-14T04:23:57.405+0000] {process_utils.py:191} INFO - Requirement already satisfied: MarkupSafe>=2.1.1 in /home/***/.local/lib/python3.12/site-packages (from werkzeug>=1.0.1->tensorboard<2.18,>=2.17->tensorflow->-r /tmp/venvxqad89u4/requirements.txt (line 6)) (2.1.5)
[2024-07-14T04:23:57.422+0000] {process_utils.py:191} INFO - Requirement already satisfied: markdown-it-py>=2.2.0 in /home/***/.local/lib/python3.12/site-packages (from rich->keras>=3.2.0->tensorflow->-r /tmp/venvxqad89u4/requirements.txt (line 6)) (3.0.0)
[2024-07-14T04:23:57.423+0000] {process_utils.py:191} INFO - Requirement already satisfied: pygments<3.0.0,>=2.13.0 in /home/***/.local/lib/python3.12/site-packages (from rich->keras>=3.2.0->tensorflow->-r /tmp/venvxqad89u4/requirements.txt (line 6)) (2.18.0)
[2024-07-14T04:23:57.430+0000] {process_utils.py:191} INFO - Requirement already satisfied: mdurl~=0.1 in /home/***/.local/lib/python3.12/site-packages (from markdown-it-py>=2.2.0->rich->keras>=3.2.0->tensorflow->-r /tmp/venvxqad89u4/requirements.txt (line 6)) (0.1.2)
[2024-07-14T04:23:57.437+0000] {process_utils.py:191} INFO - Using cached kaleido-0.2.1-py2.py3-none-manylinux2014_aarch64.whl (83.7 MB)
[2024-07-14T04:23:57.487+0000] {process_utils.py:191} INFO - Using cached plotly-5.22.0-py3-none-any.whl (16.4 MB)
[2024-07-14T04:23:57.498+0000] {process_utils.py:191} INFO - Using cached scikit_learn-1.5.1-cp312-cp312-manylinux_2_17_aarch64.manylinux2014_aarch64.whl (12.1 MB)
[2024-07-14T04:23:57.508+0000] {process_utils.py:191} INFO - Using cached tensorflow-2.17.0-cp312-cp312-manylinux_2_17_aarch64.manylinux2014_aarch64.whl (224.0 MB)
[2024-07-14T04:23:57.665+0000] {process_utils.py:191} INFO - Using cached absl_py-2.1.0-py3-none-any.whl (133 kB)
[2024-07-14T04:23:57.666+0000] {process_utils.py:191} INFO - Using cached astunparse-1.6.3-py2.py3-none-any.whl (12 kB)
[2024-07-14T04:23:57.666+0000] {process_utils.py:191} INFO - Using cached flatbuffers-24.3.25-py2.py3-none-any.whl (26 kB)
[2024-07-14T04:23:57.666+0000] {process_utils.py:191} INFO - Using cached gast-0.6.0-py3-none-any.whl (21 kB)
[2024-07-14T04:23:57.667+0000] {process_utils.py:191} INFO - Using cached google_pasta-0.2.0-py3-none-any.whl (57 kB)
[2024-07-14T04:23:57.667+0000] {process_utils.py:191} INFO - Using cached joblib-1.4.2-py3-none-any.whl (301 kB)
[2024-07-14T04:23:57.668+0000] {process_utils.py:191} INFO - Using cached keras-3.4.1-py3-none-any.whl (1.1 MB)
[2024-07-14T04:23:57.669+0000] {process_utils.py:191} INFO - Using cached libclang-18.1.1-py2.py3-none-manylinux2014_aarch64.whl (23.8 MB)
[2024-07-14T04:23:57.689+0000] {process_utils.py:191} INFO - Using cached ml_dtypes-0.4.0-cp312-cp312-manylinux_2_17_aarch64.manylinux2014_aarch64.whl (2.2 MB)
[2024-07-14T04:23:57.691+0000] {process_utils.py:191} INFO - Using cached opt_einsum-3.3.0-py3-none-any.whl (65 kB)
[2024-07-14T04:23:57.692+0000] {process_utils.py:191} INFO - Using cached scipy-1.14.0-cp312-cp312-manylinux_2_17_aarch64.manylinux2014_aarch64.whl (35.3 MB)
[2024-07-14T04:23:57.721+0000] {process_utils.py:191} INFO - Using cached tensorboard-2.17.0-py3-none-any.whl (5.5 MB)
[2024-07-14T04:23:57.727+0000] {process_utils.py:191} INFO - Using cached threadpoolctl-3.5.0-py3-none-any.whl (18 kB)
[2024-07-14T04:23:57.727+0000] {process_utils.py:191} INFO - Using cached Markdown-3.6-py3-none-any.whl (105 kB)
[2024-07-14T04:23:57.728+0000] {process_utils.py:191} INFO - Using cached tensorboard_data_server-0.7.2-py3-none-any.whl (2.4 kB)
[2024-07-14T04:23:57.728+0000] {process_utils.py:191} INFO - Using cached namex-0.0.8-py3-none-any.whl (5.8 kB)
[2024-07-14T04:23:57.728+0000] {process_utils.py:191} INFO - Using cached optree-0.12.1-cp312-cp312-manylinux_2_17_aarch64.manylinux2014_aarch64.whl (314 kB)
[2024-07-14T04:23:58.015+0000] {process_utils.py:191} INFO - Building wheels for collected packages: h5py
[2024-07-14T04:23:58.015+0000] {process_utils.py:191} INFO -   Building wheel for h5py (pyproject.toml): started
[2024-07-14T04:23:58.451+0000] {process_utils.py:191} INFO -   Building wheel for h5py (pyproject.toml): finished with status 'error'
[2024-07-14T04:23:58.454+0000] {process_utils.py:191} INFO -   error: subprocess-exited-with-error
[2024-07-14T04:23:58.454+0000] {process_utils.py:191} INFO - 
[2024-07-14T04:23:58.454+0000] {process_utils.py:191} INFO -   × Building wheel for h5py (pyproject.toml) did not run successfully.
[2024-07-14T04:23:58.454+0000] {process_utils.py:191} INFO -   │ exit code: 1
[2024-07-14T04:23:58.454+0000] {process_utils.py:191} INFO -   ╰─> [73 lines of output]
[2024-07-14T04:23:58.455+0000] {process_utils.py:191} INFO -       running bdist_wheel
[2024-07-14T04:23:58.455+0000] {process_utils.py:191} INFO -       running build
[2024-07-14T04:23:58.455+0000] {process_utils.py:191} INFO -       running build_py
[2024-07-14T04:23:58.455+0000] {process_utils.py:191} INFO -       creating build
[2024-07-14T04:23:58.455+0000] {process_utils.py:191} INFO -       creating build/lib.linux-aarch64-cpython-312
[2024-07-14T04:23:58.455+0000] {process_utils.py:191} INFO -       creating build/lib.linux-aarch64-cpython-312/h5py
[2024-07-14T04:23:58.455+0000] {process_utils.py:191} INFO -       copying h5py/__init__.py -> build/lib.linux-aarch64-cpython-312/h5py
[2024-07-14T04:23:58.456+0000] {process_utils.py:191} INFO -       copying h5py/h5py_warnings.py -> build/lib.linux-aarch64-cpython-312/h5py
[2024-07-14T04:23:58.456+0000] {process_utils.py:191} INFO -       copying h5py/ipy_completer.py -> build/lib.linux-aarch64-cpython-312/h5py
[2024-07-14T04:23:58.456+0000] {process_utils.py:191} INFO -       copying h5py/version.py -> build/lib.linux-aarch64-cpython-312/h5py
[2024-07-14T04:23:58.456+0000] {process_utils.py:191} INFO -       creating build/lib.linux-aarch64-cpython-312/h5py/_hl
[2024-07-14T04:23:58.456+0000] {process_utils.py:191} INFO -       copying h5py/_hl/group.py -> build/lib.linux-aarch64-cpython-312/h5py/_hl
[2024-07-14T04:23:58.456+0000] {process_utils.py:191} INFO -       copying h5py/_hl/__init__.py -> build/lib.linux-aarch64-cpython-312/h5py/_hl
[2024-07-14T04:23:58.456+0000] {process_utils.py:191} INFO -       copying h5py/_hl/datatype.py -> build/lib.linux-aarch64-cpython-312/h5py/_hl
[2024-07-14T04:23:58.457+0000] {process_utils.py:191} INFO -       copying h5py/_hl/selections2.py -> build/lib.linux-aarch64-cpython-312/h5py/_hl
[2024-07-14T04:23:58.457+0000] {process_utils.py:191} INFO -       copying h5py/_hl/dims.py -> build/lib.linux-aarch64-cpython-312/h5py/_hl
[2024-07-14T04:23:58.457+0000] {process_utils.py:191} INFO -       copying h5py/_hl/filters.py -> build/lib.linux-aarch64-cpython-312/h5py/_hl
[2024-07-14T04:23:58.457+0000] {process_utils.py:191} INFO -       copying h5py/_hl/attrs.py -> build/lib.linux-aarch64-cpython-312/h5py/_hl
[2024-07-14T04:23:58.457+0000] {process_utils.py:191} INFO -       copying h5py/_hl/vds.py -> build/lib.linux-aarch64-cpython-312/h5py/_hl
[2024-07-14T04:23:58.457+0000] {process_utils.py:191} INFO -       copying h5py/_hl/files.py -> build/lib.linux-aarch64-cpython-312/h5py/_hl
[2024-07-14T04:23:58.458+0000] {process_utils.py:191} INFO -       copying h5py/_hl/base.py -> build/lib.linux-aarch64-cpython-312/h5py/_hl
[2024-07-14T04:23:58.458+0000] {process_utils.py:191} INFO -       copying h5py/_hl/dataset.py -> build/lib.linux-aarch64-cpython-312/h5py/_hl
[2024-07-14T04:23:58.458+0000] {process_utils.py:191} INFO -       copying h5py/_hl/selections.py -> build/lib.linux-aarch64-cpython-312/h5py/_hl
[2024-07-14T04:23:58.458+0000] {process_utils.py:191} INFO -       copying h5py/_hl/compat.py -> build/lib.linux-aarch64-cpython-312/h5py/_hl
[2024-07-14T04:23:58.458+0000] {process_utils.py:191} INFO -       creating build/lib.linux-aarch64-cpython-312/h5py/tests
[2024-07-14T04:23:58.458+0000] {process_utils.py:191} INFO -       copying h5py/tests/__init__.py -> build/lib.linux-aarch64-cpython-312/h5py/tests
[2024-07-14T04:23:58.458+0000] {process_utils.py:191} INFO -       copying h5py/tests/test_h5o.py -> build/lib.linux-aarch64-cpython-312/h5py/tests
[2024-07-14T04:23:58.459+0000] {process_utils.py:191} INFO -       copying h5py/tests/test_attribute_create.py -> build/lib.linux-aarch64-cpython-312/h5py/tests
[2024-07-14T04:23:58.459+0000] {process_utils.py:191} INFO -       copying h5py/tests/common.py -> build/lib.linux-aarch64-cpython-312/h5py/tests
[2024-07-14T04:23:58.459+0000] {process_utils.py:191} INFO -       copying h5py/tests/test_dataset_swmr.py -> build/lib.linux-aarch64-cpython-312/h5py/tests
[2024-07-14T04:23:58.459+0000] {process_utils.py:191} INFO -       copying h5py/tests/test_h5p.py -> build/lib.linux-aarch64-cpython-312/h5py/tests
[2024-07-14T04:23:58.459+0000] {process_utils.py:191} INFO -       copying h5py/tests/test_attrs.py -> build/lib.linux-aarch64-cpython-312/h5py/tests
[2024-07-14T04:23:58.459+0000] {process_utils.py:191} INFO -       copying h5py/tests/conftest.py -> build/lib.linux-aarch64-cpython-312/h5py/tests
[2024-07-14T04:23:58.460+0000] {process_utils.py:191} INFO -       copying h5py/tests/test_big_endian_file.py -> build/lib.linux-aarch64-cpython-312/h5py/tests
[2024-07-14T04:23:58.460+0000] {process_utils.py:191} INFO -       copying h5py/tests/test_datatype.py -> build/lib.linux-aarch64-cpython-312/h5py/tests
[2024-07-14T04:23:58.460+0000] {process_utils.py:191} INFO -       copying h5py/tests/test_h5.py -> build/lib.linux-aarch64-cpython-312/h5py/tests
[2024-07-14T04:23:58.460+0000] {process_utils.py:191} INFO -       copying h5py/tests/test_dims_dimensionproxy.py -> build/lib.linux-aarch64-cpython-312/h5py/tests
[2024-07-14T04:23:58.460+0000] {process_utils.py:191} INFO -       copying h5py/tests/test_attrs_data.py -> build/lib.linux-aarch64-cpython-312/h5py/tests
[2024-07-14T04:23:58.460+0000] {process_utils.py:191} INFO -       copying h5py/tests/test_file2.py -> build/lib.linux-aarch64-cpython-312/h5py/tests
[2024-07-14T04:23:58.460+0000] {process_utils.py:191} INFO -       copying h5py/tests/test_errors.py -> build/lib.linux-aarch64-cpython-312/h5py/tests
[2024-07-14T04:23:58.461+0000] {process_utils.py:191} INFO -       copying h5py/tests/test_group.py -> build/lib.linux-aarch64-cpython-312/h5py/tests
[2024-07-14T04:23:58.461+0000] {process_utils.py:191} INFO -       copying h5py/tests/test_ros3.py -> build/lib.linux-aarch64-cpython-312/h5py/tests
[2024-07-14T04:23:58.461+0000] {process_utils.py:191} INFO -       copying h5py/tests/test_selections.py -> build/lib.linux-aarch64-cpython-312/h5py/tests
[2024-07-14T04:23:58.461+0000] {process_utils.py:191} INFO -       copying h5py/tests/test_file_image.py -> build/lib.linux-aarch64-cpython-312/h5py/tests
[2024-07-14T04:23:58.461+0000] {process_utils.py:191} INFO -       copying h5py/tests/test_file_alignment.py -> build/lib.linux-aarch64-cpython-312/h5py/tests
[2024-07-14T04:23:58.461+0000] {process_utils.py:191} INFO -       copying h5py/tests/test_h5pl.py -> build/lib.linux-aarch64-cpython-312/h5py/tests
[2024-07-14T04:23:58.462+0000] {process_utils.py:191} INFO -       copying h5py/tests/test_file.py -> build/lib.linux-aarch64-cpython-312/h5py/tests
[2024-07-14T04:23:58.462+0000] {process_utils.py:191} INFO -       copying h5py/tests/test_dataset.py -> build/lib.linux-aarch64-cpython-312/h5py/tests
[2024-07-14T04:23:58.462+0000] {process_utils.py:191} INFO -       copying h5py/tests/test_dataset_getitem.py -> build/lib.linux-aarch64-cpython-312/h5py/tests
[2024-07-14T04:23:58.462+0000] {process_utils.py:191} INFO -       copying h5py/tests/test_objects.py -> build/lib.linux-aarch64-cpython-312/h5py/tests
[2024-07-14T04:23:58.462+0000] {process_utils.py:191} INFO -       copying h5py/tests/test_h5d_direct_chunk.py -> build/lib.linux-aarch64-cpython-312/h5py/tests
[2024-07-14T04:23:58.462+0000] {process_utils.py:191} INFO -       copying h5py/tests/test_dtype.py -> build/lib.linux-aarch64-cpython-312/h5py/tests
[2024-07-14T04:23:58.463+0000] {process_utils.py:191} INFO -       copying h5py/tests/test_completions.py -> build/lib.linux-aarch64-cpython-312/h5py/tests
[2024-07-14T04:23:58.463+0000] {process_utils.py:191} INFO -       copying h5py/tests/test_base.py -> build/lib.linux-aarch64-cpython-312/h5py/tests
[2024-07-14T04:23:58.463+0000] {process_utils.py:191} INFO -       copying h5py/tests/test_filters.py -> build/lib.linux-aarch64-cpython-312/h5py/tests
[2024-07-14T04:23:58.463+0000] {process_utils.py:191} INFO -       copying h5py/tests/test_dimension_scales.py -> build/lib.linux-aarch64-cpython-312/h5py/tests
[2024-07-14T04:23:58.463+0000] {process_utils.py:191} INFO -       copying h5py/tests/test_h5t.py -> build/lib.linux-aarch64-cpython-312/h5py/tests
[2024-07-14T04:23:58.463+0000] {process_utils.py:191} INFO -       copying h5py/tests/test_h5f.py -> build/lib.linux-aarch64-cpython-312/h5py/tests
[2024-07-14T04:23:58.463+0000] {process_utils.py:191} INFO -       copying h5py/tests/test_h5z.py -> build/lib.linux-aarch64-cpython-312/h5py/tests
[2024-07-14T04:23:58.464+0000] {process_utils.py:191} INFO -       copying h5py/tests/test_slicing.py -> build/lib.linux-aarch64-cpython-312/h5py/tests
[2024-07-14T04:23:58.464+0000] {process_utils.py:191} INFO -       creating build/lib.linux-aarch64-cpython-312/h5py/tests/data_files
[2024-07-14T04:23:58.464+0000] {process_utils.py:191} INFO -       copying h5py/tests/data_files/__init__.py -> build/lib.linux-aarch64-cpython-312/h5py/tests/data_files
[2024-07-14T04:23:58.464+0000] {process_utils.py:191} INFO -       creating build/lib.linux-aarch64-cpython-312/h5py/tests/test_vds
[2024-07-14T04:23:58.464+0000] {process_utils.py:191} INFO -       copying h5py/tests/test_vds/__init__.py -> build/lib.linux-aarch64-cpython-312/h5py/tests/test_vds
[2024-07-14T04:23:58.464+0000] {process_utils.py:191} INFO -       copying h5py/tests/test_vds/test_virtual_source.py -> build/lib.linux-aarch64-cpython-312/h5py/tests/test_vds
[2024-07-14T04:23:58.465+0000] {process_utils.py:191} INFO -       copying h5py/tests/test_vds/test_lowlevel_vds.py -> build/lib.linux-aarch64-cpython-312/h5py/tests/test_vds
[2024-07-14T04:23:58.465+0000] {process_utils.py:191} INFO -       copying h5py/tests/test_vds/test_highlevel_vds.py -> build/lib.linux-aarch64-cpython-312/h5py/tests/test_vds
[2024-07-14T04:23:58.465+0000] {process_utils.py:191} INFO -       copying h5py/tests/data_files/vlen_string_dset_utc.h5 -> build/lib.linux-aarch64-cpython-312/h5py/tests/data_files
[2024-07-14T04:23:58.465+0000] {process_utils.py:191} INFO -       copying h5py/tests/data_files/vlen_string_s390x.h5 -> build/lib.linux-aarch64-cpython-312/h5py/tests/data_files
[2024-07-14T04:23:58.465+0000] {process_utils.py:191} INFO -       copying h5py/tests/data_files/vlen_string_dset.h5 -> build/lib.linux-aarch64-cpython-312/h5py/tests/data_files
[2024-07-14T04:23:58.465+0000] {process_utils.py:191} INFO -       running build_ext
[2024-07-14T04:23:58.465+0000] {process_utils.py:191} INFO -       Building h5py requires pkg-config unless the HDF5 path is explicitly specified using the environment variable HDF5_DIR. For more information and details, see https://docs.h5py.org/en/stable/build.html#custom-installation
[2024-07-14T04:23:58.466+0000] {process_utils.py:191} INFO -       error: pkg-config probably not installed: PermissionError(13, 'Permission denied')
[2024-07-14T04:23:58.466+0000] {process_utils.py:191} INFO -       [end of output]
[2024-07-14T04:23:58.466+0000] {process_utils.py:191} INFO - 
[2024-07-14T04:23:58.466+0000] {process_utils.py:191} INFO -   note: This error originates from a subprocess, and is likely not a problem with pip.
[2024-07-14T04:23:58.466+0000] {process_utils.py:191} INFO -   ERROR: Failed building wheel for h5py
[2024-07-14T04:23:58.466+0000] {process_utils.py:191} INFO - Failed to build h5py
[2024-07-14T04:23:58.466+0000] {process_utils.py:191} INFO - ERROR: Could not build wheels for h5py, which is required to install pyproject.toml-based projects
[2024-07-14T04:23:58.469+0000] {process_utils.py:191} INFO - 
[2024-07-14T04:23:58.469+0000] {process_utils.py:191} INFO - [notice] A new release of pip is available: 24.0 -> 24.1.2
[2024-07-14T04:23:58.469+0000] {process_utils.py:191} INFO - [notice] To update, run: python -m pip install --upgrade pip
[2024-07-14T04:23:58.567+0000] {taskinstance.py:441} INFO - ::group::Post task execution logs
[2024-07-14T04:23:58.567+0000] {taskinstance.py:2905} ERROR - Task failed with exception
Traceback (most recent call last):
  File "/home/airflow/.local/lib/python3.12/site-packages/airflow/models/taskinstance.py", line 465, in _execute_task
    result = _execute_callable(context=context, **execute_callable_kwargs)
             ^^^^^^^^^^^^^^^^^^^^^^^^^^^^^^^^^^^^^^^^^^^^^^^^^^^^^^^^^^^^^
  File "/home/airflow/.local/lib/python3.12/site-packages/airflow/models/taskinstance.py", line 432, in _execute_callable
    return execute_callable(context=context, **execute_callable_kwargs)
           ^^^^^^^^^^^^^^^^^^^^^^^^^^^^^^^^^^^^^^^^^^^^^^^^^^^^^^^^^^^^
  File "/home/airflow/.local/lib/python3.12/site-packages/airflow/models/baseoperator.py", line 401, in wrapper
    return func(self, *args, **kwargs)
           ^^^^^^^^^^^^^^^^^^^^^^^^^^^
  File "/home/airflow/.local/lib/python3.12/site-packages/airflow/operators/python.py", line 437, in execute
    return super().execute(context=serializable_context)
           ^^^^^^^^^^^^^^^^^^^^^^^^^^^^^^^^^^^^^^^^^^^^^
  File "/home/airflow/.local/lib/python3.12/site-packages/airflow/models/baseoperator.py", line 401, in wrapper
    return func(self, *args, **kwargs)
           ^^^^^^^^^^^^^^^^^^^^^^^^^^^
  File "/home/airflow/.local/lib/python3.12/site-packages/airflow/operators/python.py", line 235, in execute
    return_value = self.execute_callable()
                   ^^^^^^^^^^^^^^^^^^^^^^^
  File "/home/airflow/.local/lib/python3.12/site-packages/airflow/operators/python.py", line 757, in execute_callable
    self._prepare_venv(tmp_path)
  File "/home/airflow/.local/lib/python3.12/site-packages/airflow/operators/python.py", line 669, in _prepare_venv
    prepare_virtualenv(
  File "/home/airflow/.local/lib/python3.12/site-packages/airflow/utils/python_virtualenv.py", line 119, in prepare_virtualenv
    execute_in_subprocess(pip_cmd)
  File "/home/airflow/.local/lib/python3.12/site-packages/airflow/utils/process_utils.py", line 172, in execute_in_subprocess
    execute_in_subprocess_with_kwargs(cmd, cwd=cwd)
  File "/home/airflow/.local/lib/python3.12/site-packages/airflow/utils/process_utils.py", line 195, in execute_in_subprocess_with_kwargs
    raise subprocess.CalledProcessError(exit_code, cmd)
subprocess.CalledProcessError: Command '['/tmp/venvxqad89u4/bin/pip', 'install', '-r', '/tmp/venvxqad89u4/requirements.txt']' returned non-zero exit status 1.
[2024-07-14T04:23:58.571+0000] {taskinstance.py:1206} INFO - Marking task as UP_FOR_RETRY. dag_id=train, task_id=train_task, run_id=manual__2024-07-14T04:23:50.885345+00:00, execution_date=20240714T042350, start_date=20240714T042351, end_date=20240714T042358
[2024-07-14T04:23:58.575+0000] {standard_task_runner.py:110} ERROR - Failed to execute job 29 for task train_task (Command '['/tmp/venvxqad89u4/bin/pip', 'install', '-r', '/tmp/venvxqad89u4/requirements.txt']' returned non-zero exit status 1.; 8058)
[2024-07-14T04:23:58.616+0000] {local_task_job_runner.py:240} INFO - Task exited with return code 1
[2024-07-14T04:23:58.621+0000] {taskinstance.py:3503} INFO - 0 downstream tasks scheduled from follow-on schedule check
[2024-07-14T04:23:58.622+0000] {local_task_job_runner.py:222} INFO - ::endgroup::
