[2024-07-13T07:10:02.682+0000] {processor.py:161} INFO - Started process (PID=65) to work on /home/airflow/.local/lib/python3.12/site-packages/airflow/example_dags/example_bash_operator.py
[2024-07-13T07:10:02.683+0000] {processor.py:830} INFO - Processing file /home/airflow/.local/lib/python3.12/site-packages/airflow/example_dags/example_bash_operator.py for tasks to queue
[2024-07-13T07:10:02.683+0000] {logging_mixin.py:188} INFO - [2024-07-13T07:10:02.683+0000] {dagbag.py:545} INFO - Filling up the DagBag from /home/airflow/.local/lib/python3.12/site-packages/airflow/example_dags/example_bash_operator.py
[2024-07-13T07:10:02.689+0000] {processor.py:840} INFO - DAG(s) 'example_bash_operator' retrieved from /home/airflow/.local/lib/python3.12/site-packages/airflow/example_dags/example_bash_operator.py
[2024-07-13T07:10:02.733+0000] {logging_mixin.py:188} INFO - [2024-07-13T07:10:02.732+0000] {override.py:1829} INFO - Created Permission View: can edit on DAG:example_bash_operator
[2024-07-13T07:10:02.737+0000] {logging_mixin.py:188} INFO - [2024-07-13T07:10:02.737+0000] {override.py:1829} INFO - Created Permission View: can delete on DAG:example_bash_operator
[2024-07-13T07:10:02.739+0000] {logging_mixin.py:188} INFO - [2024-07-13T07:10:02.739+0000] {override.py:1829} INFO - Created Permission View: can read on DAG:example_bash_operator
[2024-07-13T07:10:02.739+0000] {logging_mixin.py:188} INFO - [2024-07-13T07:10:02.739+0000] {dag.py:3096} INFO - Sync 1 DAGs
[2024-07-13T07:10:02.745+0000] {logging_mixin.py:188} INFO - [2024-07-13T07:10:02.745+0000] {dag.py:3118} INFO - Creating ORM DAG for example_bash_operator
[2024-07-13T07:10:02.750+0000] {logging_mixin.py:188} INFO - [2024-07-13T07:10:02.750+0000] {dag.py:3954} INFO - Setting next_dagrun for example_bash_operator to 2024-07-12 00:00:00+00:00, run_after=2024-07-13 00:00:00+00:00
[2024-07-13T07:10:02.756+0000] {processor.py:183} INFO - Processing /home/airflow/.local/lib/python3.12/site-packages/airflow/example_dags/example_bash_operator.py took 0.076 seconds
[2024-07-13T07:10:32.811+0000] {processor.py:161} INFO - Started process (PID=123) to work on /home/airflow/.local/lib/python3.12/site-packages/airflow/example_dags/example_bash_operator.py
[2024-07-13T07:10:32.811+0000] {processor.py:830} INFO - Processing file /home/airflow/.local/lib/python3.12/site-packages/airflow/example_dags/example_bash_operator.py for tasks to queue
[2024-07-13T07:10:32.812+0000] {logging_mixin.py:188} INFO - [2024-07-13T07:10:32.812+0000] {dagbag.py:545} INFO - Filling up the DagBag from /home/airflow/.local/lib/python3.12/site-packages/airflow/example_dags/example_bash_operator.py
[2024-07-13T07:10:32.816+0000] {processor.py:840} INFO - DAG(s) 'example_bash_operator' retrieved from /home/airflow/.local/lib/python3.12/site-packages/airflow/example_dags/example_bash_operator.py
[2024-07-13T07:10:32.826+0000] {logging_mixin.py:188} INFO - [2024-07-13T07:10:32.826+0000] {dag.py:3096} INFO - Sync 1 DAGs
[2024-07-13T07:10:32.834+0000] {logging_mixin.py:188} INFO - [2024-07-13T07:10:32.834+0000] {dag.py:3954} INFO - Setting next_dagrun for example_bash_operator to 2024-07-12 00:00:00+00:00, run_after=2024-07-13 00:00:00+00:00
[2024-07-13T07:10:32.840+0000] {processor.py:183} INFO - Processing /home/airflow/.local/lib/python3.12/site-packages/airflow/example_dags/example_bash_operator.py took 0.031 seconds
[2024-07-13T07:11:03.171+0000] {processor.py:161} INFO - Started process (PID=181) to work on /home/airflow/.local/lib/python3.12/site-packages/airflow/example_dags/example_bash_operator.py
[2024-07-13T07:11:03.171+0000] {processor.py:830} INFO - Processing file /home/airflow/.local/lib/python3.12/site-packages/airflow/example_dags/example_bash_operator.py for tasks to queue
[2024-07-13T07:11:03.172+0000] {logging_mixin.py:188} INFO - [2024-07-13T07:11:03.172+0000] {dagbag.py:545} INFO - Filling up the DagBag from /home/airflow/.local/lib/python3.12/site-packages/airflow/example_dags/example_bash_operator.py
[2024-07-13T07:11:03.176+0000] {processor.py:840} INFO - DAG(s) 'example_bash_operator' retrieved from /home/airflow/.local/lib/python3.12/site-packages/airflow/example_dags/example_bash_operator.py
[2024-07-13T07:11:03.185+0000] {logging_mixin.py:188} INFO - [2024-07-13T07:11:03.185+0000] {dag.py:3096} INFO - Sync 1 DAGs
[2024-07-13T07:11:03.193+0000] {logging_mixin.py:188} INFO - [2024-07-13T07:11:03.193+0000] {dag.py:3954} INFO - Setting next_dagrun for example_bash_operator to 2024-07-12 00:00:00+00:00, run_after=2024-07-13 00:00:00+00:00
[2024-07-13T07:11:03.199+0000] {processor.py:183} INFO - Processing /home/airflow/.local/lib/python3.12/site-packages/airflow/example_dags/example_bash_operator.py took 0.030 seconds
[2024-07-13T07:11:33.513+0000] {processor.py:161} INFO - Started process (PID=240) to work on /home/airflow/.local/lib/python3.12/site-packages/airflow/example_dags/example_bash_operator.py
[2024-07-13T07:11:33.514+0000] {processor.py:830} INFO - Processing file /home/airflow/.local/lib/python3.12/site-packages/airflow/example_dags/example_bash_operator.py for tasks to queue
[2024-07-13T07:11:33.514+0000] {logging_mixin.py:188} INFO - [2024-07-13T07:11:33.514+0000] {dagbag.py:545} INFO - Filling up the DagBag from /home/airflow/.local/lib/python3.12/site-packages/airflow/example_dags/example_bash_operator.py
[2024-07-13T07:11:33.519+0000] {processor.py:840} INFO - DAG(s) 'example_bash_operator' retrieved from /home/airflow/.local/lib/python3.12/site-packages/airflow/example_dags/example_bash_operator.py
[2024-07-13T07:11:33.527+0000] {logging_mixin.py:188} INFO - [2024-07-13T07:11:33.527+0000] {dag.py:3096} INFO - Sync 1 DAGs
[2024-07-13T07:11:33.535+0000] {logging_mixin.py:188} INFO - [2024-07-13T07:11:33.535+0000] {dag.py:3954} INFO - Setting next_dagrun for example_bash_operator to 2024-07-12 00:00:00+00:00, run_after=2024-07-13 00:00:00+00:00
[2024-07-13T07:11:33.542+0000] {processor.py:183} INFO - Processing /home/airflow/.local/lib/python3.12/site-packages/airflow/example_dags/example_bash_operator.py took 0.031 seconds
