[2024-07-13T07:10:01.397+0000] {processor.py:161} INFO - Started process (PID=42) to work on /home/airflow/.local/lib/python3.12/site-packages/airflow/example_dags/example_sensor_decorator.py
[2024-07-13T07:10:01.397+0000] {processor.py:830} INFO - Processing file /home/airflow/.local/lib/python3.12/site-packages/airflow/example_dags/example_sensor_decorator.py for tasks to queue
[2024-07-13T07:10:01.399+0000] {logging_mixin.py:188} INFO - [2024-07-13T07:10:01.399+0000] {dagbag.py:545} INFO - Filling up the DagBag from /home/airflow/.local/lib/python3.12/site-packages/airflow/example_dags/example_sensor_decorator.py
[2024-07-13T07:10:01.403+0000] {processor.py:840} INFO - DAG(s) 'example_sensor_decorator' retrieved from /home/airflow/.local/lib/python3.12/site-packages/airflow/example_dags/example_sensor_decorator.py
[2024-07-13T07:10:01.446+0000] {logging_mixin.py:188} INFO - [2024-07-13T07:10:01.446+0000] {override.py:1829} INFO - Created Permission View: can edit on DAG:example_sensor_decorator
[2024-07-13T07:10:01.449+0000] {logging_mixin.py:188} INFO - [2024-07-13T07:10:01.449+0000] {override.py:1829} INFO - Created Permission View: can delete on DAG:example_sensor_decorator
[2024-07-13T07:10:01.452+0000] {logging_mixin.py:188} INFO - [2024-07-13T07:10:01.451+0000] {override.py:1829} INFO - Created Permission View: can read on DAG:example_sensor_decorator
[2024-07-13T07:10:01.452+0000] {logging_mixin.py:188} INFO - [2024-07-13T07:10:01.452+0000] {dag.py:3096} INFO - Sync 1 DAGs
[2024-07-13T07:10:01.459+0000] {logging_mixin.py:188} INFO - [2024-07-13T07:10:01.459+0000] {dag.py:3118} INFO - Creating ORM DAG for example_sensor_decorator
[2024-07-13T07:10:01.460+0000] {logging_mixin.py:188} INFO - [2024-07-13T07:10:01.460+0000] {dag.py:3954} INFO - Setting next_dagrun for example_sensor_decorator to None, run_after=None
[2024-07-13T07:10:01.467+0000] {processor.py:183} INFO - Processing /home/airflow/.local/lib/python3.12/site-packages/airflow/example_dags/example_sensor_decorator.py took 0.074 seconds
[2024-07-13T07:10:32.373+0000] {processor.py:161} INFO - Started process (PID=100) to work on /home/airflow/.local/lib/python3.12/site-packages/airflow/example_dags/example_sensor_decorator.py
[2024-07-13T07:10:32.373+0000] {processor.py:830} INFO - Processing file /home/airflow/.local/lib/python3.12/site-packages/airflow/example_dags/example_sensor_decorator.py for tasks to queue
[2024-07-13T07:10:32.374+0000] {logging_mixin.py:188} INFO - [2024-07-13T07:10:32.374+0000] {dagbag.py:545} INFO - Filling up the DagBag from /home/airflow/.local/lib/python3.12/site-packages/airflow/example_dags/example_sensor_decorator.py
[2024-07-13T07:10:32.376+0000] {processor.py:840} INFO - DAG(s) 'example_sensor_decorator' retrieved from /home/airflow/.local/lib/python3.12/site-packages/airflow/example_dags/example_sensor_decorator.py
[2024-07-13T07:10:32.383+0000] {logging_mixin.py:188} INFO - [2024-07-13T07:10:32.383+0000] {dag.py:3096} INFO - Sync 1 DAGs
[2024-07-13T07:10:32.388+0000] {logging_mixin.py:188} INFO - [2024-07-13T07:10:32.388+0000] {dag.py:3954} INFO - Setting next_dagrun for example_sensor_decorator to None, run_after=None
[2024-07-13T07:10:32.393+0000] {processor.py:183} INFO - Processing /home/airflow/.local/lib/python3.12/site-packages/airflow/example_dags/example_sensor_decorator.py took 0.022 seconds
[2024-07-13T07:11:02.715+0000] {processor.py:161} INFO - Started process (PID=158) to work on /home/airflow/.local/lib/python3.12/site-packages/airflow/example_dags/example_sensor_decorator.py
[2024-07-13T07:11:02.716+0000] {processor.py:830} INFO - Processing file /home/airflow/.local/lib/python3.12/site-packages/airflow/example_dags/example_sensor_decorator.py for tasks to queue
[2024-07-13T07:11:02.716+0000] {logging_mixin.py:188} INFO - [2024-07-13T07:11:02.716+0000] {dagbag.py:545} INFO - Filling up the DagBag from /home/airflow/.local/lib/python3.12/site-packages/airflow/example_dags/example_sensor_decorator.py
[2024-07-13T07:11:02.719+0000] {processor.py:840} INFO - DAG(s) 'example_sensor_decorator' retrieved from /home/airflow/.local/lib/python3.12/site-packages/airflow/example_dags/example_sensor_decorator.py
[2024-07-13T07:11:02.727+0000] {logging_mixin.py:188} INFO - [2024-07-13T07:11:02.727+0000] {dag.py:3096} INFO - Sync 1 DAGs
[2024-07-13T07:11:02.731+0000] {logging_mixin.py:188} INFO - [2024-07-13T07:11:02.731+0000] {dag.py:3954} INFO - Setting next_dagrun for example_sensor_decorator to None, run_after=None
[2024-07-13T07:11:02.738+0000] {processor.py:183} INFO - Processing /home/airflow/.local/lib/python3.12/site-packages/airflow/example_dags/example_sensor_decorator.py took 0.025 seconds
[2024-07-13T07:11:33.010+0000] {processor.py:161} INFO - Started process (PID=216) to work on /home/airflow/.local/lib/python3.12/site-packages/airflow/example_dags/example_sensor_decorator.py
[2024-07-13T07:11:33.010+0000] {processor.py:830} INFO - Processing file /home/airflow/.local/lib/python3.12/site-packages/airflow/example_dags/example_sensor_decorator.py for tasks to queue
[2024-07-13T07:11:33.011+0000] {logging_mixin.py:188} INFO - [2024-07-13T07:11:33.010+0000] {dagbag.py:545} INFO - Filling up the DagBag from /home/airflow/.local/lib/python3.12/site-packages/airflow/example_dags/example_sensor_decorator.py
[2024-07-13T07:11:33.013+0000] {processor.py:840} INFO - DAG(s) 'example_sensor_decorator' retrieved from /home/airflow/.local/lib/python3.12/site-packages/airflow/example_dags/example_sensor_decorator.py
[2024-07-13T07:11:33.021+0000] {logging_mixin.py:188} INFO - [2024-07-13T07:11:33.021+0000] {dag.py:3096} INFO - Sync 1 DAGs
[2024-07-13T07:11:33.025+0000] {logging_mixin.py:188} INFO - [2024-07-13T07:11:33.025+0000] {dag.py:3954} INFO - Setting next_dagrun for example_sensor_decorator to None, run_after=None
[2024-07-13T07:11:33.032+0000] {processor.py:183} INFO - Processing /home/airflow/.local/lib/python3.12/site-packages/airflow/example_dags/example_sensor_decorator.py took 0.024 seconds
