[2024-07-13T07:10:02.987+0000] {processor.py:161} INFO - Started process (PID=73) to work on /home/airflow/.local/lib/python3.12/site-packages/airflow/example_dags/example_display_name.py
[2024-07-13T07:10:02.988+0000] {processor.py:830} INFO - Processing file /home/airflow/.local/lib/python3.12/site-packages/airflow/example_dags/example_display_name.py for tasks to queue
[2024-07-13T07:10:02.989+0000] {logging_mixin.py:188} INFO - [2024-07-13T07:10:02.989+0000] {dagbag.py:545} INFO - Filling up the DagBag from /home/airflow/.local/lib/python3.12/site-packages/airflow/example_dags/example_display_name.py
[2024-07-13T07:10:02.991+0000] {processor.py:840} INFO - DAG(s) 'example_display_name' retrieved from /home/airflow/.local/lib/python3.12/site-packages/airflow/example_dags/example_display_name.py
[2024-07-13T07:10:03.029+0000] {logging_mixin.py:188} INFO - [2024-07-13T07:10:03.029+0000] {override.py:1829} INFO - Created Permission View: can edit on DAG:example_display_name
[2024-07-13T07:10:03.032+0000] {logging_mixin.py:188} INFO - [2024-07-13T07:10:03.032+0000] {override.py:1829} INFO - Created Permission View: can delete on DAG:example_display_name
[2024-07-13T07:10:03.034+0000] {logging_mixin.py:188} INFO - [2024-07-13T07:10:03.034+0000] {override.py:1829} INFO - Created Permission View: can read on DAG:example_display_name
[2024-07-13T07:10:03.034+0000] {logging_mixin.py:188} INFO - [2024-07-13T07:10:03.034+0000] {dag.py:3096} INFO - Sync 1 DAGs
[2024-07-13T07:10:03.038+0000] {logging_mixin.py:188} INFO - [2024-07-13T07:10:03.038+0000] {dag.py:3118} INFO - Creating ORM DAG for example_display_name
[2024-07-13T07:10:03.038+0000] {logging_mixin.py:188} INFO - [2024-07-13T07:10:03.038+0000] {dag.py:3954} INFO - Setting next_dagrun for example_display_name to None, run_after=None
[2024-07-13T07:10:03.043+0000] {processor.py:183} INFO - Processing /home/airflow/.local/lib/python3.12/site-packages/airflow/example_dags/example_display_name.py took 0.058 seconds
[2024-07-13T07:10:33.980+0000] {processor.py:161} INFO - Started process (PID=131) to work on /home/airflow/.local/lib/python3.12/site-packages/airflow/example_dags/example_display_name.py
[2024-07-13T07:10:33.980+0000] {processor.py:830} INFO - Processing file /home/airflow/.local/lib/python3.12/site-packages/airflow/example_dags/example_display_name.py for tasks to queue
[2024-07-13T07:10:33.981+0000] {logging_mixin.py:188} INFO - [2024-07-13T07:10:33.981+0000] {dagbag.py:545} INFO - Filling up the DagBag from /home/airflow/.local/lib/python3.12/site-packages/airflow/example_dags/example_display_name.py
[2024-07-13T07:10:33.983+0000] {processor.py:840} INFO - DAG(s) 'example_display_name' retrieved from /home/airflow/.local/lib/python3.12/site-packages/airflow/example_dags/example_display_name.py
[2024-07-13T07:10:33.992+0000] {logging_mixin.py:188} INFO - [2024-07-13T07:10:33.991+0000] {dag.py:3096} INFO - Sync 1 DAGs
[2024-07-13T07:10:33.996+0000] {logging_mixin.py:188} INFO - [2024-07-13T07:10:33.996+0000] {dag.py:3954} INFO - Setting next_dagrun for example_display_name to None, run_after=None
[2024-07-13T07:10:34.003+0000] {processor.py:183} INFO - Processing /home/airflow/.local/lib/python3.12/site-packages/airflow/example_dags/example_display_name.py took 0.025 seconds
[2024-07-13T07:11:04.337+0000] {processor.py:161} INFO - Started process (PID=189) to work on /home/airflow/.local/lib/python3.12/site-packages/airflow/example_dags/example_display_name.py
[2024-07-13T07:11:04.338+0000] {processor.py:830} INFO - Processing file /home/airflow/.local/lib/python3.12/site-packages/airflow/example_dags/example_display_name.py for tasks to queue
[2024-07-13T07:11:04.339+0000] {logging_mixin.py:188} INFO - [2024-07-13T07:11:04.338+0000] {dagbag.py:545} INFO - Filling up the DagBag from /home/airflow/.local/lib/python3.12/site-packages/airflow/example_dags/example_display_name.py
[2024-07-13T07:11:04.341+0000] {processor.py:840} INFO - DAG(s) 'example_display_name' retrieved from /home/airflow/.local/lib/python3.12/site-packages/airflow/example_dags/example_display_name.py
[2024-07-13T07:11:04.349+0000] {logging_mixin.py:188} INFO - [2024-07-13T07:11:04.349+0000] {dag.py:3096} INFO - Sync 1 DAGs
[2024-07-13T07:11:04.354+0000] {logging_mixin.py:188} INFO - [2024-07-13T07:11:04.354+0000] {dag.py:3954} INFO - Setting next_dagrun for example_display_name to None, run_after=None
[2024-07-13T07:11:04.361+0000] {processor.py:183} INFO - Processing /home/airflow/.local/lib/python3.12/site-packages/airflow/example_dags/example_display_name.py took 0.026 seconds
[2024-07-13T07:11:34.652+0000] {processor.py:161} INFO - Started process (PID=247) to work on /home/airflow/.local/lib/python3.12/site-packages/airflow/example_dags/example_display_name.py
[2024-07-13T07:11:34.653+0000] {processor.py:830} INFO - Processing file /home/airflow/.local/lib/python3.12/site-packages/airflow/example_dags/example_display_name.py for tasks to queue
[2024-07-13T07:11:34.653+0000] {logging_mixin.py:188} INFO - [2024-07-13T07:11:34.653+0000] {dagbag.py:545} INFO - Filling up the DagBag from /home/airflow/.local/lib/python3.12/site-packages/airflow/example_dags/example_display_name.py
[2024-07-13T07:11:34.656+0000] {processor.py:840} INFO - DAG(s) 'example_display_name' retrieved from /home/airflow/.local/lib/python3.12/site-packages/airflow/example_dags/example_display_name.py
[2024-07-13T07:11:34.664+0000] {logging_mixin.py:188} INFO - [2024-07-13T07:11:34.664+0000] {dag.py:3096} INFO - Sync 1 DAGs
[2024-07-13T07:11:34.669+0000] {logging_mixin.py:188} INFO - [2024-07-13T07:11:34.669+0000] {dag.py:3954} INFO - Setting next_dagrun for example_display_name to None, run_after=None
[2024-07-13T07:11:34.676+0000] {processor.py:183} INFO - Processing /home/airflow/.local/lib/python3.12/site-packages/airflow/example_dags/example_display_name.py took 0.026 seconds
