[2024-07-13T07:10:01.679+0000] {processor.py:161} INFO - Started process (PID=47) to work on /home/airflow/.local/lib/python3.12/site-packages/airflow/example_dags/example_bash_decorator.py
[2024-07-13T07:10:01.680+0000] {processor.py:830} INFO - Processing file /home/airflow/.local/lib/python3.12/site-packages/airflow/example_dags/example_bash_decorator.py for tasks to queue
[2024-07-13T07:10:01.682+0000] {logging_mixin.py:188} INFO - [2024-07-13T07:10:01.681+0000] {dagbag.py:545} INFO - Filling up the DagBag from /home/airflow/.local/lib/python3.12/site-packages/airflow/example_dags/example_bash_decorator.py
[2024-07-13T07:10:01.690+0000] {processor.py:840} INFO - DAG(s) 'example_bash_decorator' retrieved from /home/airflow/.local/lib/python3.12/site-packages/airflow/example_dags/example_bash_decorator.py
[2024-07-13T07:10:01.739+0000] {logging_mixin.py:188} INFO - [2024-07-13T07:10:01.739+0000] {override.py:1829} INFO - Created Permission View: can edit on DAG:example_bash_decorator
[2024-07-13T07:10:01.744+0000] {logging_mixin.py:188} INFO - [2024-07-13T07:10:01.743+0000] {override.py:1829} INFO - Created Permission View: can delete on DAG:example_bash_decorator
[2024-07-13T07:10:01.748+0000] {logging_mixin.py:188} INFO - [2024-07-13T07:10:01.747+0000] {override.py:1829} INFO - Created Permission View: can read on DAG:example_bash_decorator
[2024-07-13T07:10:01.748+0000] {logging_mixin.py:188} INFO - [2024-07-13T07:10:01.748+0000] {dag.py:3096} INFO - Sync 1 DAGs
[2024-07-13T07:10:01.758+0000] {logging_mixin.py:188} INFO - [2024-07-13T07:10:01.758+0000] {dag.py:3118} INFO - Creating ORM DAG for example_bash_decorator
[2024-07-13T07:10:01.758+0000] {logging_mixin.py:188} INFO - [2024-07-13T07:10:01.758+0000] {dag.py:3954} INFO - Setting next_dagrun for example_bash_decorator to None, run_after=None
[2024-07-13T07:10:01.769+0000] {processor.py:183} INFO - Processing /home/airflow/.local/lib/python3.12/site-packages/airflow/example_dags/example_bash_decorator.py took 0.092 seconds
[2024-07-13T07:10:32.469+0000] {processor.py:161} INFO - Started process (PID=105) to work on /home/airflow/.local/lib/python3.12/site-packages/airflow/example_dags/example_bash_decorator.py
[2024-07-13T07:10:32.469+0000] {processor.py:830} INFO - Processing file /home/airflow/.local/lib/python3.12/site-packages/airflow/example_dags/example_bash_decorator.py for tasks to queue
[2024-07-13T07:10:32.470+0000] {logging_mixin.py:188} INFO - [2024-07-13T07:10:32.469+0000] {dagbag.py:545} INFO - Filling up the DagBag from /home/airflow/.local/lib/python3.12/site-packages/airflow/example_dags/example_bash_decorator.py
[2024-07-13T07:10:32.475+0000] {processor.py:840} INFO - DAG(s) 'example_bash_decorator' retrieved from /home/airflow/.local/lib/python3.12/site-packages/airflow/example_dags/example_bash_decorator.py
[2024-07-13T07:10:32.482+0000] {logging_mixin.py:188} INFO - [2024-07-13T07:10:32.482+0000] {dag.py:3096} INFO - Sync 1 DAGs
[2024-07-13T07:10:32.486+0000] {logging_mixin.py:188} INFO - [2024-07-13T07:10:32.486+0000] {dag.py:3954} INFO - Setting next_dagrun for example_bash_decorator to None, run_after=None
[2024-07-13T07:10:32.492+0000] {processor.py:183} INFO - Processing /home/airflow/.local/lib/python3.12/site-packages/airflow/example_dags/example_bash_decorator.py took 0.026 seconds
[2024-07-13T07:11:02.783+0000] {processor.py:161} INFO - Started process (PID=163) to work on /home/airflow/.local/lib/python3.12/site-packages/airflow/example_dags/example_bash_decorator.py
[2024-07-13T07:11:02.784+0000] {processor.py:830} INFO - Processing file /home/airflow/.local/lib/python3.12/site-packages/airflow/example_dags/example_bash_decorator.py for tasks to queue
[2024-07-13T07:11:02.785+0000] {logging_mixin.py:188} INFO - [2024-07-13T07:11:02.784+0000] {dagbag.py:545} INFO - Filling up the DagBag from /home/airflow/.local/lib/python3.12/site-packages/airflow/example_dags/example_bash_decorator.py
[2024-07-13T07:11:02.790+0000] {processor.py:840} INFO - DAG(s) 'example_bash_decorator' retrieved from /home/airflow/.local/lib/python3.12/site-packages/airflow/example_dags/example_bash_decorator.py
[2024-07-13T07:11:02.798+0000] {logging_mixin.py:188} INFO - [2024-07-13T07:11:02.798+0000] {dag.py:3096} INFO - Sync 1 DAGs
[2024-07-13T07:11:02.802+0000] {logging_mixin.py:188} INFO - [2024-07-13T07:11:02.802+0000] {dag.py:3954} INFO - Setting next_dagrun for example_bash_decorator to None, run_after=None
[2024-07-13T07:11:02.807+0000] {processor.py:183} INFO - Processing /home/airflow/.local/lib/python3.12/site-packages/airflow/example_dags/example_bash_decorator.py took 0.026 seconds
[2024-07-13T07:11:33.107+0000] {processor.py:161} INFO - Started process (PID=221) to work on /home/airflow/.local/lib/python3.12/site-packages/airflow/example_dags/example_bash_decorator.py
[2024-07-13T07:11:33.107+0000] {processor.py:830} INFO - Processing file /home/airflow/.local/lib/python3.12/site-packages/airflow/example_dags/example_bash_decorator.py for tasks to queue
[2024-07-13T07:11:33.108+0000] {logging_mixin.py:188} INFO - [2024-07-13T07:11:33.108+0000] {dagbag.py:545} INFO - Filling up the DagBag from /home/airflow/.local/lib/python3.12/site-packages/airflow/example_dags/example_bash_decorator.py
[2024-07-13T07:11:33.113+0000] {processor.py:840} INFO - DAG(s) 'example_bash_decorator' retrieved from /home/airflow/.local/lib/python3.12/site-packages/airflow/example_dags/example_bash_decorator.py
[2024-07-13T07:11:33.121+0000] {logging_mixin.py:188} INFO - [2024-07-13T07:11:33.121+0000] {dag.py:3096} INFO - Sync 1 DAGs
[2024-07-13T07:11:33.126+0000] {logging_mixin.py:188} INFO - [2024-07-13T07:11:33.125+0000] {dag.py:3954} INFO - Setting next_dagrun for example_bash_decorator to None, run_after=None
[2024-07-13T07:11:33.132+0000] {processor.py:183} INFO - Processing /home/airflow/.local/lib/python3.12/site-packages/airflow/example_dags/example_bash_decorator.py took 0.027 seconds
