[2024-07-13T07:10:02.500+0000] {processor.py:161} INFO - Started process (PID=61) to work on /home/airflow/.local/lib/python3.12/site-packages/airflow/example_dags/example_latest_only.py
[2024-07-13T07:10:02.500+0000] {processor.py:830} INFO - Processing file /home/airflow/.local/lib/python3.12/site-packages/airflow/example_dags/example_latest_only.py for tasks to queue
[2024-07-13T07:10:02.501+0000] {logging_mixin.py:188} INFO - [2024-07-13T07:10:02.501+0000] {dagbag.py:545} INFO - Filling up the DagBag from /home/airflow/.local/lib/python3.12/site-packages/airflow/example_dags/example_latest_only.py
[2024-07-13T07:10:02.504+0000] {processor.py:840} INFO - DAG(s) 'latest_only' retrieved from /home/airflow/.local/lib/python3.12/site-packages/airflow/example_dags/example_latest_only.py
[2024-07-13T07:10:02.545+0000] {logging_mixin.py:188} INFO - [2024-07-13T07:10:02.545+0000] {override.py:1829} INFO - Created Permission View: can edit on DAG:latest_only
[2024-07-13T07:10:02.550+0000] {logging_mixin.py:188} INFO - [2024-07-13T07:10:02.550+0000] {override.py:1829} INFO - Created Permission View: can delete on DAG:latest_only
[2024-07-13T07:10:02.552+0000] {logging_mixin.py:188} INFO - [2024-07-13T07:10:02.552+0000] {override.py:1829} INFO - Created Permission View: can read on DAG:latest_only
[2024-07-13T07:10:02.553+0000] {logging_mixin.py:188} INFO - [2024-07-13T07:10:02.553+0000] {dag.py:3096} INFO - Sync 1 DAGs
[2024-07-13T07:10:02.558+0000] {logging_mixin.py:188} INFO - [2024-07-13T07:10:02.558+0000] {dag.py:3118} INFO - Creating ORM DAG for latest_only
[2024-07-13T07:10:02.562+0000] {logging_mixin.py:188} INFO - [2024-07-13T07:10:02.562+0000] {dag.py:3954} INFO - Setting next_dagrun for latest_only to 2024-07-13 00:00:00+00:00, run_after=2024-07-13 04:00:00+00:00
[2024-07-13T07:10:02.571+0000] {processor.py:183} INFO - Processing /home/airflow/.local/lib/python3.12/site-packages/airflow/example_dags/example_latest_only.py took 0.074 seconds
[2024-07-13T07:10:32.743+0000] {processor.py:161} INFO - Started process (PID=119) to work on /home/airflow/.local/lib/python3.12/site-packages/airflow/example_dags/example_latest_only.py
[2024-07-13T07:10:32.743+0000] {processor.py:830} INFO - Processing file /home/airflow/.local/lib/python3.12/site-packages/airflow/example_dags/example_latest_only.py for tasks to queue
[2024-07-13T07:10:32.744+0000] {logging_mixin.py:188} INFO - [2024-07-13T07:10:32.744+0000] {dagbag.py:545} INFO - Filling up the DagBag from /home/airflow/.local/lib/python3.12/site-packages/airflow/example_dags/example_latest_only.py
[2024-07-13T07:10:32.746+0000] {processor.py:840} INFO - DAG(s) 'latest_only' retrieved from /home/airflow/.local/lib/python3.12/site-packages/airflow/example_dags/example_latest_only.py
[2024-07-13T07:10:32.753+0000] {logging_mixin.py:188} INFO - [2024-07-13T07:10:32.753+0000] {dag.py:3096} INFO - Sync 1 DAGs
[2024-07-13T07:10:32.761+0000] {logging_mixin.py:188} INFO - [2024-07-13T07:10:32.761+0000] {dag.py:3954} INFO - Setting next_dagrun for latest_only to 2024-07-13 00:00:00+00:00, run_after=2024-07-13 04:00:00+00:00
[2024-07-13T07:10:32.767+0000] {processor.py:183} INFO - Processing /home/airflow/.local/lib/python3.12/site-packages/airflow/example_dags/example_latest_only.py took 0.026 seconds
[2024-07-13T07:11:03.078+0000] {processor.py:161} INFO - Started process (PID=177) to work on /home/airflow/.local/lib/python3.12/site-packages/airflow/example_dags/example_latest_only.py
[2024-07-13T07:11:03.079+0000] {processor.py:830} INFO - Processing file /home/airflow/.local/lib/python3.12/site-packages/airflow/example_dags/example_latest_only.py for tasks to queue
[2024-07-13T07:11:03.079+0000] {logging_mixin.py:188} INFO - [2024-07-13T07:11:03.079+0000] {dagbag.py:545} INFO - Filling up the DagBag from /home/airflow/.local/lib/python3.12/site-packages/airflow/example_dags/example_latest_only.py
[2024-07-13T07:11:03.081+0000] {processor.py:840} INFO - DAG(s) 'latest_only' retrieved from /home/airflow/.local/lib/python3.12/site-packages/airflow/example_dags/example_latest_only.py
[2024-07-13T07:11:03.088+0000] {logging_mixin.py:188} INFO - [2024-07-13T07:11:03.087+0000] {dag.py:3096} INFO - Sync 1 DAGs
[2024-07-13T07:11:03.094+0000] {logging_mixin.py:188} INFO - [2024-07-13T07:11:03.094+0000] {dag.py:3954} INFO - Setting next_dagrun for latest_only to 2024-07-13 00:00:00+00:00, run_after=2024-07-13 04:00:00+00:00
[2024-07-13T07:11:03.100+0000] {processor.py:183} INFO - Processing /home/airflow/.local/lib/python3.12/site-packages/airflow/example_dags/example_latest_only.py took 0.024 seconds
[2024-07-13T07:11:33.419+0000] {processor.py:161} INFO - Started process (PID=235) to work on /home/airflow/.local/lib/python3.12/site-packages/airflow/example_dags/example_latest_only.py
[2024-07-13T07:11:33.419+0000] {processor.py:830} INFO - Processing file /home/airflow/.local/lib/python3.12/site-packages/airflow/example_dags/example_latest_only.py for tasks to queue
[2024-07-13T07:11:33.420+0000] {logging_mixin.py:188} INFO - [2024-07-13T07:11:33.420+0000] {dagbag.py:545} INFO - Filling up the DagBag from /home/airflow/.local/lib/python3.12/site-packages/airflow/example_dags/example_latest_only.py
[2024-07-13T07:11:33.422+0000] {processor.py:840} INFO - DAG(s) 'latest_only' retrieved from /home/airflow/.local/lib/python3.12/site-packages/airflow/example_dags/example_latest_only.py
[2024-07-13T07:11:33.429+0000] {logging_mixin.py:188} INFO - [2024-07-13T07:11:33.429+0000] {dag.py:3096} INFO - Sync 1 DAGs
[2024-07-13T07:11:33.436+0000] {logging_mixin.py:188} INFO - [2024-07-13T07:11:33.436+0000] {dag.py:3954} INFO - Setting next_dagrun for latest_only to 2024-07-13 00:00:00+00:00, run_after=2024-07-13 04:00:00+00:00
[2024-07-13T07:11:33.441+0000] {processor.py:183} INFO - Processing /home/airflow/.local/lib/python3.12/site-packages/airflow/example_dags/example_latest_only.py took 0.024 seconds
