[2024-07-13T07:10:01.482+0000] {processor.py:161} INFO - Started process (PID=43) to work on /home/airflow/.local/lib/python3.12/site-packages/airflow/example_dags/example_sensors.py
[2024-07-13T07:10:01.483+0000] {processor.py:830} INFO - Processing file /home/airflow/.local/lib/python3.12/site-packages/airflow/example_dags/example_sensors.py for tasks to queue
[2024-07-13T07:10:01.483+0000] {logging_mixin.py:188} INFO - [2024-07-13T07:10:01.483+0000] {dagbag.py:545} INFO - Filling up the DagBag from /home/airflow/.local/lib/python3.12/site-packages/airflow/example_dags/example_sensors.py
[2024-07-13T07:10:01.489+0000] {processor.py:840} INFO - DAG(s) 'example_sensors' retrieved from /home/airflow/.local/lib/python3.12/site-packages/airflow/example_dags/example_sensors.py
[2024-07-13T07:10:01.538+0000] {logging_mixin.py:188} INFO - [2024-07-13T07:10:01.538+0000] {override.py:1829} INFO - Created Permission View: can edit on DAG:example_sensors
[2024-07-13T07:10:01.544+0000] {logging_mixin.py:188} INFO - [2024-07-13T07:10:01.544+0000] {override.py:1829} INFO - Created Permission View: can delete on DAG:example_sensors
[2024-07-13T07:10:01.547+0000] {logging_mixin.py:188} INFO - [2024-07-13T07:10:01.547+0000] {override.py:1829} INFO - Created Permission View: can read on DAG:example_sensors
[2024-07-13T07:10:01.547+0000] {logging_mixin.py:188} INFO - [2024-07-13T07:10:01.547+0000] {dag.py:3096} INFO - Sync 1 DAGs
[2024-07-13T07:10:01.554+0000] {logging_mixin.py:188} INFO - [2024-07-13T07:10:01.553+0000] {dag.py:3118} INFO - Creating ORM DAG for example_sensors
[2024-07-13T07:10:01.554+0000] {logging_mixin.py:188} INFO - [2024-07-13T07:10:01.554+0000] {dag.py:3954} INFO - Setting next_dagrun for example_sensors to None, run_after=None
[2024-07-13T07:10:01.563+0000] {processor.py:183} INFO - Processing /home/airflow/.local/lib/python3.12/site-packages/airflow/example_dags/example_sensors.py took 0.083 seconds
[2024-07-13T07:10:32.401+0000] {processor.py:161} INFO - Started process (PID=101) to work on /home/airflow/.local/lib/python3.12/site-packages/airflow/example_dags/example_sensors.py
[2024-07-13T07:10:32.402+0000] {processor.py:830} INFO - Processing file /home/airflow/.local/lib/python3.12/site-packages/airflow/example_dags/example_sensors.py for tasks to queue
[2024-07-13T07:10:32.403+0000] {logging_mixin.py:188} INFO - [2024-07-13T07:10:32.402+0000] {dagbag.py:545} INFO - Filling up the DagBag from /home/airflow/.local/lib/python3.12/site-packages/airflow/example_dags/example_sensors.py
[2024-07-13T07:10:32.406+0000] {processor.py:840} INFO - DAG(s) 'example_sensors' retrieved from /home/airflow/.local/lib/python3.12/site-packages/airflow/example_dags/example_sensors.py
[2024-07-13T07:10:32.415+0000] {logging_mixin.py:188} INFO - [2024-07-13T07:10:32.415+0000] {dag.py:3096} INFO - Sync 1 DAGs
[2024-07-13T07:10:32.420+0000] {logging_mixin.py:188} INFO - [2024-07-13T07:10:32.420+0000] {dag.py:3954} INFO - Setting next_dagrun for example_sensors to None, run_after=None
[2024-07-13T07:10:32.426+0000] {processor.py:183} INFO - Processing /home/airflow/.local/lib/python3.12/site-packages/airflow/example_dags/example_sensors.py took 0.027 seconds
[2024-07-13T07:11:02.715+0000] {processor.py:161} INFO - Started process (PID=159) to work on /home/airflow/.local/lib/python3.12/site-packages/airflow/example_dags/example_sensors.py
[2024-07-13T07:11:02.716+0000] {processor.py:830} INFO - Processing file /home/airflow/.local/lib/python3.12/site-packages/airflow/example_dags/example_sensors.py for tasks to queue
[2024-07-13T07:11:02.716+0000] {logging_mixin.py:188} INFO - [2024-07-13T07:11:02.716+0000] {dagbag.py:545} INFO - Filling up the DagBag from /home/airflow/.local/lib/python3.12/site-packages/airflow/example_dags/example_sensors.py
[2024-07-13T07:11:02.720+0000] {processor.py:840} INFO - DAG(s) 'example_sensors' retrieved from /home/airflow/.local/lib/python3.12/site-packages/airflow/example_dags/example_sensors.py
[2024-07-13T07:11:02.728+0000] {logging_mixin.py:188} INFO - [2024-07-13T07:11:02.728+0000] {dag.py:3096} INFO - Sync 1 DAGs
[2024-07-13T07:11:02.732+0000] {logging_mixin.py:188} INFO - [2024-07-13T07:11:02.732+0000] {dag.py:3954} INFO - Setting next_dagrun for example_sensors to None, run_after=None
[2024-07-13T07:11:02.738+0000] {processor.py:183} INFO - Processing /home/airflow/.local/lib/python3.12/site-packages/airflow/example_dags/example_sensors.py took 0.024 seconds
[2024-07-13T07:11:33.041+0000] {processor.py:161} INFO - Started process (PID=217) to work on /home/airflow/.local/lib/python3.12/site-packages/airflow/example_dags/example_sensors.py
[2024-07-13T07:11:33.041+0000] {processor.py:830} INFO - Processing file /home/airflow/.local/lib/python3.12/site-packages/airflow/example_dags/example_sensors.py for tasks to queue
[2024-07-13T07:11:33.042+0000] {logging_mixin.py:188} INFO - [2024-07-13T07:11:33.042+0000] {dagbag.py:545} INFO - Filling up the DagBag from /home/airflow/.local/lib/python3.12/site-packages/airflow/example_dags/example_sensors.py
[2024-07-13T07:11:33.045+0000] {processor.py:840} INFO - DAG(s) 'example_sensors' retrieved from /home/airflow/.local/lib/python3.12/site-packages/airflow/example_dags/example_sensors.py
[2024-07-13T07:11:33.054+0000] {logging_mixin.py:188} INFO - [2024-07-13T07:11:33.054+0000] {dag.py:3096} INFO - Sync 1 DAGs
[2024-07-13T07:11:33.058+0000] {logging_mixin.py:188} INFO - [2024-07-13T07:11:33.058+0000] {dag.py:3954} INFO - Setting next_dagrun for example_sensors to None, run_after=None
[2024-07-13T07:11:33.064+0000] {processor.py:183} INFO - Processing /home/airflow/.local/lib/python3.12/site-packages/airflow/example_dags/example_sensors.py took 0.025 seconds
