[2024-07-13T07:10:02.844+0000] {processor.py:161} INFO - Started process (PID=69) to work on /home/airflow/.local/lib/python3.12/site-packages/airflow/example_dags/example_trigger_controller_dag.py
[2024-07-13T07:10:02.844+0000] {processor.py:830} INFO - Processing file /home/airflow/.local/lib/python3.12/site-packages/airflow/example_dags/example_trigger_controller_dag.py for tasks to queue
[2024-07-13T07:10:02.845+0000] {logging_mixin.py:188} INFO - [2024-07-13T07:10:02.845+0000] {dagbag.py:545} INFO - Filling up the DagBag from /home/airflow/.local/lib/python3.12/site-packages/airflow/example_dags/example_trigger_controller_dag.py
[2024-07-13T07:10:02.847+0000] {processor.py:840} INFO - DAG(s) 'example_trigger_controller_dag' retrieved from /home/airflow/.local/lib/python3.12/site-packages/airflow/example_dags/example_trigger_controller_dag.py
[2024-07-13T07:10:02.886+0000] {logging_mixin.py:188} INFO - [2024-07-13T07:10:02.885+0000] {override.py:1829} INFO - Created Permission View: can edit on DAG:example_trigger_controller_dag
[2024-07-13T07:10:02.889+0000] {logging_mixin.py:188} INFO - [2024-07-13T07:10:02.889+0000] {override.py:1829} INFO - Created Permission View: can delete on DAG:example_trigger_controller_dag
[2024-07-13T07:10:02.891+0000] {logging_mixin.py:188} INFO - [2024-07-13T07:10:02.891+0000] {override.py:1829} INFO - Created Permission View: can read on DAG:example_trigger_controller_dag
[2024-07-13T07:10:02.891+0000] {logging_mixin.py:188} INFO - [2024-07-13T07:10:02.891+0000] {dag.py:3096} INFO - Sync 1 DAGs
[2024-07-13T07:10:02.894+0000] {logging_mixin.py:188} INFO - [2024-07-13T07:10:02.894+0000] {dag.py:3118} INFO - Creating ORM DAG for example_trigger_controller_dag
[2024-07-13T07:10:02.897+0000] {logging_mixin.py:188} INFO - [2024-07-13T07:10:02.897+0000] {dag.py:3954} INFO - Setting next_dagrun for example_trigger_controller_dag to 2021-01-01 00:00:00+00:00, run_after=2021-01-01 00:00:00+00:00
[2024-07-13T07:10:02.902+0000] {processor.py:183} INFO - Processing /home/airflow/.local/lib/python3.12/site-packages/airflow/example_dags/example_trigger_controller_dag.py took 0.061 seconds
[2024-07-13T07:10:33.904+0000] {processor.py:161} INFO - Started process (PID=127) to work on /home/airflow/.local/lib/python3.12/site-packages/airflow/example_dags/example_trigger_controller_dag.py
[2024-07-13T07:10:33.904+0000] {processor.py:830} INFO - Processing file /home/airflow/.local/lib/python3.12/site-packages/airflow/example_dags/example_trigger_controller_dag.py for tasks to queue
[2024-07-13T07:10:33.905+0000] {logging_mixin.py:188} INFO - [2024-07-13T07:10:33.905+0000] {dagbag.py:545} INFO - Filling up the DagBag from /home/airflow/.local/lib/python3.12/site-packages/airflow/example_dags/example_trigger_controller_dag.py
[2024-07-13T07:10:33.908+0000] {processor.py:840} INFO - DAG(s) 'example_trigger_controller_dag' retrieved from /home/airflow/.local/lib/python3.12/site-packages/airflow/example_dags/example_trigger_controller_dag.py
[2024-07-13T07:10:33.919+0000] {logging_mixin.py:188} INFO - [2024-07-13T07:10:33.918+0000] {dag.py:3096} INFO - Sync 1 DAGs
[2024-07-13T07:10:33.928+0000] {logging_mixin.py:188} INFO - [2024-07-13T07:10:33.928+0000] {dag.py:3954} INFO - Setting next_dagrun for example_trigger_controller_dag to 2021-01-01 00:00:00+00:00, run_after=2021-01-01 00:00:00+00:00
[2024-07-13T07:10:33.935+0000] {processor.py:183} INFO - Processing /home/airflow/.local/lib/python3.12/site-packages/airflow/example_dags/example_trigger_controller_dag.py took 0.036 seconds
[2024-07-13T07:11:04.255+0000] {processor.py:161} INFO - Started process (PID=185) to work on /home/airflow/.local/lib/python3.12/site-packages/airflow/example_dags/example_trigger_controller_dag.py
[2024-07-13T07:11:04.256+0000] {processor.py:830} INFO - Processing file /home/airflow/.local/lib/python3.12/site-packages/airflow/example_dags/example_trigger_controller_dag.py for tasks to queue
[2024-07-13T07:11:04.258+0000] {logging_mixin.py:188} INFO - [2024-07-13T07:11:04.257+0000] {dagbag.py:545} INFO - Filling up the DagBag from /home/airflow/.local/lib/python3.12/site-packages/airflow/example_dags/example_trigger_controller_dag.py
[2024-07-13T07:11:04.261+0000] {processor.py:840} INFO - DAG(s) 'example_trigger_controller_dag' retrieved from /home/airflow/.local/lib/python3.12/site-packages/airflow/example_dags/example_trigger_controller_dag.py
[2024-07-13T07:11:04.272+0000] {logging_mixin.py:188} INFO - [2024-07-13T07:11:04.272+0000] {dag.py:3096} INFO - Sync 1 DAGs
[2024-07-13T07:11:04.282+0000] {logging_mixin.py:188} INFO - [2024-07-13T07:11:04.282+0000] {dag.py:3954} INFO - Setting next_dagrun for example_trigger_controller_dag to 2021-01-01 00:00:00+00:00, run_after=2021-01-01 00:00:00+00:00
[2024-07-13T07:11:04.290+0000] {processor.py:183} INFO - Processing /home/airflow/.local/lib/python3.12/site-packages/airflow/example_dags/example_trigger_controller_dag.py took 0.040 seconds
[2024-07-13T07:11:34.568+0000] {processor.py:161} INFO - Started process (PID=243) to work on /home/airflow/.local/lib/python3.12/site-packages/airflow/example_dags/example_trigger_controller_dag.py
[2024-07-13T07:11:34.569+0000] {processor.py:830} INFO - Processing file /home/airflow/.local/lib/python3.12/site-packages/airflow/example_dags/example_trigger_controller_dag.py for tasks to queue
[2024-07-13T07:11:34.570+0000] {logging_mixin.py:188} INFO - [2024-07-13T07:11:34.570+0000] {dagbag.py:545} INFO - Filling up the DagBag from /home/airflow/.local/lib/python3.12/site-packages/airflow/example_dags/example_trigger_controller_dag.py
[2024-07-13T07:11:34.573+0000] {processor.py:840} INFO - DAG(s) 'example_trigger_controller_dag' retrieved from /home/airflow/.local/lib/python3.12/site-packages/airflow/example_dags/example_trigger_controller_dag.py
[2024-07-13T07:11:34.585+0000] {logging_mixin.py:188} INFO - [2024-07-13T07:11:34.585+0000] {dag.py:3096} INFO - Sync 1 DAGs
[2024-07-13T07:11:34.595+0000] {logging_mixin.py:188} INFO - [2024-07-13T07:11:34.595+0000] {dag.py:3954} INFO - Setting next_dagrun for example_trigger_controller_dag to 2021-01-01 00:00:00+00:00, run_after=2021-01-01 00:00:00+00:00
[2024-07-13T07:11:34.604+0000] {processor.py:183} INFO - Processing /home/airflow/.local/lib/python3.12/site-packages/airflow/example_dags/example_trigger_controller_dag.py took 0.041 seconds
