[2024-07-13T07:10:01.214+0000] {processor.py:161} INFO - Started process (PID=37) to work on /home/airflow/.local/lib/python3.12/site-packages/airflow/example_dags/example_local_kubernetes_executor.py
[2024-07-13T07:10:01.214+0000] {processor.py:830} INFO - Processing file /home/airflow/.local/lib/python3.12/site-packages/airflow/example_dags/example_local_kubernetes_executor.py for tasks to queue
[2024-07-13T07:10:01.215+0000] {logging_mixin.py:188} INFO - [2024-07-13T07:10:01.215+0000] {dagbag.py:545} INFO - Filling up the DagBag from /home/airflow/.local/lib/python3.12/site-packages/airflow/example_dags/example_local_kubernetes_executor.py
[2024-07-13T07:10:01.220+0000] {processor.py:840} INFO - DAG(s) 'example_local_kubernetes_executor' retrieved from /home/airflow/.local/lib/python3.12/site-packages/airflow/example_dags/example_local_kubernetes_executor.py
[2024-07-13T07:10:01.267+0000] {logging_mixin.py:188} INFO - [2024-07-13T07:10:01.266+0000] {override.py:1829} INFO - Created Permission View: can edit on DAG:example_local_kubernetes_executor
[2024-07-13T07:10:01.271+0000] {logging_mixin.py:188} INFO - [2024-07-13T07:10:01.271+0000] {override.py:1829} INFO - Created Permission View: can delete on DAG:example_local_kubernetes_executor
[2024-07-13T07:10:01.273+0000] {logging_mixin.py:188} INFO - [2024-07-13T07:10:01.273+0000] {override.py:1829} INFO - Created Permission View: can read on DAG:example_local_kubernetes_executor
[2024-07-13T07:10:01.274+0000] {logging_mixin.py:188} INFO - [2024-07-13T07:10:01.274+0000] {dag.py:3096} INFO - Sync 1 DAGs
[2024-07-13T07:10:01.278+0000] {logging_mixin.py:188} INFO - [2024-07-13T07:10:01.278+0000] {dag.py:3118} INFO - Creating ORM DAG for example_local_kubernetes_executor
[2024-07-13T07:10:01.279+0000] {logging_mixin.py:188} INFO - [2024-07-13T07:10:01.279+0000] {dag.py:3954} INFO - Setting next_dagrun for example_local_kubernetes_executor to None, run_after=None
[2024-07-13T07:10:01.285+0000] {processor.py:183} INFO - Processing /home/airflow/.local/lib/python3.12/site-packages/airflow/example_dags/example_local_kubernetes_executor.py took 0.074 seconds
[2024-07-13T07:10:32.247+0000] {processor.py:161} INFO - Started process (PID=95) to work on /home/airflow/.local/lib/python3.12/site-packages/airflow/example_dags/example_local_kubernetes_executor.py
[2024-07-13T07:10:32.248+0000] {processor.py:830} INFO - Processing file /home/airflow/.local/lib/python3.12/site-packages/airflow/example_dags/example_local_kubernetes_executor.py for tasks to queue
[2024-07-13T07:10:32.249+0000] {logging_mixin.py:188} INFO - [2024-07-13T07:10:32.249+0000] {dagbag.py:545} INFO - Filling up the DagBag from /home/airflow/.local/lib/python3.12/site-packages/airflow/example_dags/example_local_kubernetes_executor.py
[2024-07-13T07:10:32.255+0000] {processor.py:840} INFO - DAG(s) 'example_local_kubernetes_executor' retrieved from /home/airflow/.local/lib/python3.12/site-packages/airflow/example_dags/example_local_kubernetes_executor.py
[2024-07-13T07:10:32.272+0000] {logging_mixin.py:188} INFO - [2024-07-13T07:10:32.272+0000] {dag.py:3096} INFO - Sync 1 DAGs
[2024-07-13T07:10:32.277+0000] {logging_mixin.py:188} INFO - [2024-07-13T07:10:32.277+0000] {dag.py:3954} INFO - Setting next_dagrun for example_local_kubernetes_executor to None, run_after=None
[2024-07-13T07:10:32.285+0000] {processor.py:183} INFO - Processing /home/airflow/.local/lib/python3.12/site-packages/airflow/example_dags/example_local_kubernetes_executor.py took 0.044 seconds
[2024-07-13T07:11:02.594+0000] {processor.py:161} INFO - Started process (PID=153) to work on /home/airflow/.local/lib/python3.12/site-packages/airflow/example_dags/example_local_kubernetes_executor.py
[2024-07-13T07:11:02.594+0000] {processor.py:830} INFO - Processing file /home/airflow/.local/lib/python3.12/site-packages/airflow/example_dags/example_local_kubernetes_executor.py for tasks to queue
[2024-07-13T07:11:02.595+0000] {logging_mixin.py:188} INFO - [2024-07-13T07:11:02.595+0000] {dagbag.py:545} INFO - Filling up the DagBag from /home/airflow/.local/lib/python3.12/site-packages/airflow/example_dags/example_local_kubernetes_executor.py
[2024-07-13T07:11:02.599+0000] {processor.py:840} INFO - DAG(s) 'example_local_kubernetes_executor' retrieved from /home/airflow/.local/lib/python3.12/site-packages/airflow/example_dags/example_local_kubernetes_executor.py
[2024-07-13T07:11:02.618+0000] {logging_mixin.py:188} INFO - [2024-07-13T07:11:02.618+0000] {dag.py:3096} INFO - Sync 1 DAGs
[2024-07-13T07:11:02.624+0000] {logging_mixin.py:188} INFO - [2024-07-13T07:11:02.624+0000] {dag.py:3954} INFO - Setting next_dagrun for example_local_kubernetes_executor to None, run_after=None
[2024-07-13T07:11:02.632+0000] {processor.py:183} INFO - Processing /home/airflow/.local/lib/python3.12/site-packages/airflow/example_dags/example_local_kubernetes_executor.py took 0.042 seconds
[2024-07-13T07:11:32.923+0000] {processor.py:161} INFO - Started process (PID=211) to work on /home/airflow/.local/lib/python3.12/site-packages/airflow/example_dags/example_local_kubernetes_executor.py
[2024-07-13T07:11:32.924+0000] {processor.py:830} INFO - Processing file /home/airflow/.local/lib/python3.12/site-packages/airflow/example_dags/example_local_kubernetes_executor.py for tasks to queue
[2024-07-13T07:11:32.925+0000] {logging_mixin.py:188} INFO - [2024-07-13T07:11:32.925+0000] {dagbag.py:545} INFO - Filling up the DagBag from /home/airflow/.local/lib/python3.12/site-packages/airflow/example_dags/example_local_kubernetes_executor.py
[2024-07-13T07:11:32.930+0000] {processor.py:840} INFO - DAG(s) 'example_local_kubernetes_executor' retrieved from /home/airflow/.local/lib/python3.12/site-packages/airflow/example_dags/example_local_kubernetes_executor.py
[2024-07-13T07:11:32.948+0000] {logging_mixin.py:188} INFO - [2024-07-13T07:11:32.947+0000] {dag.py:3096} INFO - Sync 1 DAGs
[2024-07-13T07:11:32.953+0000] {logging_mixin.py:188} INFO - [2024-07-13T07:11:32.953+0000] {dag.py:3954} INFO - Setting next_dagrun for example_local_kubernetes_executor to None, run_after=None
[2024-07-13T07:11:32.960+0000] {processor.py:183} INFO - Processing /home/airflow/.local/lib/python3.12/site-packages/airflow/example_dags/example_local_kubernetes_executor.py took 0.043 seconds
