[2024-07-13T07:10:01.860+0000] {processor.py:161} INFO - Started process (PID=50) to work on /home/airflow/.local/lib/python3.12/site-packages/airflow/example_dags/example_sla_dag.py
[2024-07-13T07:10:01.861+0000] {processor.py:830} INFO - Processing file /home/airflow/.local/lib/python3.12/site-packages/airflow/example_dags/example_sla_dag.py for tasks to queue
[2024-07-13T07:10:01.862+0000] {logging_mixin.py:188} INFO - [2024-07-13T07:10:01.861+0000] {dagbag.py:545} INFO - Filling up the DagBag from /home/airflow/.local/lib/python3.12/site-packages/airflow/example_dags/example_sla_dag.py
[2024-07-13T07:10:01.866+0000] {processor.py:840} INFO - DAG(s) 'example_sla_dag' retrieved from /home/airflow/.local/lib/python3.12/site-packages/airflow/example_dags/example_sla_dag.py
[2024-07-13T07:10:01.911+0000] {logging_mixin.py:188} INFO - [2024-07-13T07:10:01.911+0000] {override.py:1829} INFO - Created Permission View: can edit on DAG:example_sla_dag
[2024-07-13T07:10:01.916+0000] {logging_mixin.py:188} INFO - [2024-07-13T07:10:01.916+0000] {override.py:1829} INFO - Created Permission View: can delete on DAG:example_sla_dag
[2024-07-13T07:10:01.921+0000] {logging_mixin.py:188} INFO - [2024-07-13T07:10:01.921+0000] {override.py:1829} INFO - Created Permission View: can read on DAG:example_sla_dag
[2024-07-13T07:10:01.921+0000] {logging_mixin.py:188} INFO - [2024-07-13T07:10:01.921+0000] {dag.py:3096} INFO - Sync 1 DAGs
[2024-07-13T07:10:01.928+0000] {logging_mixin.py:188} INFO - [2024-07-13T07:10:01.928+0000] {dag.py:3118} INFO - Creating ORM DAG for example_sla_dag
[2024-07-13T07:10:01.936+0000] {logging_mixin.py:188} INFO - [2024-07-13T07:10:01.936+0000] {dag.py:3954} INFO - Setting next_dagrun for example_sla_dag to 2024-07-13 07:08:00+00:00, run_after=2024-07-13 07:10:00+00:00
[2024-07-13T07:10:01.943+0000] {processor.py:183} INFO - Processing /home/airflow/.local/lib/python3.12/site-packages/airflow/example_dags/example_sla_dag.py took 0.086 seconds
[2024-07-13T07:10:32.538+0000] {processor.py:161} INFO - Started process (PID=108) to work on /home/airflow/.local/lib/python3.12/site-packages/airflow/example_dags/example_sla_dag.py
[2024-07-13T07:10:32.538+0000] {processor.py:830} INFO - Processing file /home/airflow/.local/lib/python3.12/site-packages/airflow/example_dags/example_sla_dag.py for tasks to queue
[2024-07-13T07:10:32.539+0000] {logging_mixin.py:188} INFO - [2024-07-13T07:10:32.539+0000] {dagbag.py:545} INFO - Filling up the DagBag from /home/airflow/.local/lib/python3.12/site-packages/airflow/example_dags/example_sla_dag.py
[2024-07-13T07:10:32.543+0000] {processor.py:840} INFO - DAG(s) 'example_sla_dag' retrieved from /home/airflow/.local/lib/python3.12/site-packages/airflow/example_dags/example_sla_dag.py
[2024-07-13T07:10:32.551+0000] {logging_mixin.py:188} INFO - [2024-07-13T07:10:32.551+0000] {dag.py:3096} INFO - Sync 1 DAGs
[2024-07-13T07:10:32.560+0000] {logging_mixin.py:188} INFO - [2024-07-13T07:10:32.560+0000] {dag.py:3954} INFO - Setting next_dagrun for example_sla_dag to 2024-07-13 07:08:00+00:00, run_after=2024-07-13 07:10:00+00:00
[2024-07-13T07:10:32.568+0000] {processor.py:183} INFO - Processing /home/airflow/.local/lib/python3.12/site-packages/airflow/example_dags/example_sla_dag.py took 0.033 seconds
[2024-07-13T07:11:02.846+0000] {processor.py:161} INFO - Started process (PID=166) to work on /home/airflow/.local/lib/python3.12/site-packages/airflow/example_dags/example_sla_dag.py
[2024-07-13T07:11:02.847+0000] {processor.py:830} INFO - Processing file /home/airflow/.local/lib/python3.12/site-packages/airflow/example_dags/example_sla_dag.py for tasks to queue
[2024-07-13T07:11:02.847+0000] {logging_mixin.py:188} INFO - [2024-07-13T07:11:02.847+0000] {dagbag.py:545} INFO - Filling up the DagBag from /home/airflow/.local/lib/python3.12/site-packages/airflow/example_dags/example_sla_dag.py
[2024-07-13T07:11:02.850+0000] {processor.py:840} INFO - DAG(s) 'example_sla_dag' retrieved from /home/airflow/.local/lib/python3.12/site-packages/airflow/example_dags/example_sla_dag.py
[2024-07-13T07:11:02.857+0000] {logging_mixin.py:188} INFO - [2024-07-13T07:11:02.857+0000] {dag.py:3096} INFO - Sync 1 DAGs
[2024-07-13T07:11:02.868+0000] {logging_mixin.py:188} INFO - [2024-07-13T07:11:02.868+0000] {dag.py:3954} INFO - Setting next_dagrun for example_sla_dag to 2024-07-13 07:08:00+00:00, run_after=2024-07-13 07:10:00+00:00
[2024-07-13T07:11:02.873+0000] {processor.py:183} INFO - Processing /home/airflow/.local/lib/python3.12/site-packages/airflow/example_dags/example_sla_dag.py took 0.029 seconds
[2024-07-13T07:11:33.172+0000] {processor.py:161} INFO - Started process (PID=224) to work on /home/airflow/.local/lib/python3.12/site-packages/airflow/example_dags/example_sla_dag.py
[2024-07-13T07:11:33.172+0000] {processor.py:830} INFO - Processing file /home/airflow/.local/lib/python3.12/site-packages/airflow/example_dags/example_sla_dag.py for tasks to queue
[2024-07-13T07:11:33.173+0000] {logging_mixin.py:188} INFO - [2024-07-13T07:11:33.172+0000] {dagbag.py:545} INFO - Filling up the DagBag from /home/airflow/.local/lib/python3.12/site-packages/airflow/example_dags/example_sla_dag.py
[2024-07-13T07:11:33.176+0000] {processor.py:840} INFO - DAG(s) 'example_sla_dag' retrieved from /home/airflow/.local/lib/python3.12/site-packages/airflow/example_dags/example_sla_dag.py
[2024-07-13T07:11:33.182+0000] {logging_mixin.py:188} INFO - [2024-07-13T07:11:33.182+0000] {dag.py:3096} INFO - Sync 1 DAGs
[2024-07-13T07:11:33.190+0000] {logging_mixin.py:188} INFO - [2024-07-13T07:11:33.190+0000] {dag.py:3954} INFO - Setting next_dagrun for example_sla_dag to 2024-07-13 07:08:00+00:00, run_after=2024-07-13 07:10:00+00:00
[2024-07-13T07:11:33.196+0000] {processor.py:183} INFO - Processing /home/airflow/.local/lib/python3.12/site-packages/airflow/example_dags/example_sla_dag.py took 0.026 seconds
