[2024-07-13T07:10:02.090+0000] {processor.py:161} INFO - Started process (PID=55) to work on /home/airflow/.local/lib/python3.12/site-packages/airflow/example_dags/example_branch_datetime_operator.py
[2024-07-13T07:10:02.091+0000] {processor.py:830} INFO - Processing file /home/airflow/.local/lib/python3.12/site-packages/airflow/example_dags/example_branch_datetime_operator.py for tasks to queue
[2024-07-13T07:10:02.093+0000] {logging_mixin.py:188} INFO - [2024-07-13T07:10:02.092+0000] {dagbag.py:545} INFO - Filling up the DagBag from /home/airflow/.local/lib/python3.12/site-packages/airflow/example_dags/example_branch_datetime_operator.py
[2024-07-13T07:10:02.101+0000] {processor.py:840} INFO - DAG(s) 'example_branch_datetime_operator_2', 'example_branch_datetime_operator_3', 'example_branch_datetime_operator' retrieved from /home/airflow/.local/lib/python3.12/site-packages/airflow/example_dags/example_branch_datetime_operator.py
[2024-07-13T07:10:02.195+0000] {logging_mixin.py:188} INFO - [2024-07-13T07:10:02.194+0000] {override.py:1829} INFO - Created Permission View: can edit on DAG:example_branch_datetime_operator_2
[2024-07-13T07:10:02.200+0000] {logging_mixin.py:188} INFO - [2024-07-13T07:10:02.200+0000] {override.py:1829} INFO - Created Permission View: can delete on DAG:example_branch_datetime_operator_2
[2024-07-13T07:10:02.203+0000] {logging_mixin.py:188} INFO - [2024-07-13T07:10:02.203+0000] {override.py:1829} INFO - Created Permission View: can read on DAG:example_branch_datetime_operator_2
[2024-07-13T07:10:02.208+0000] {logging_mixin.py:188} INFO - [2024-07-13T07:10:02.208+0000] {override.py:1829} INFO - Created Permission View: can edit on DAG:example_branch_datetime_operator_3
[2024-07-13T07:10:02.210+0000] {logging_mixin.py:188} INFO - [2024-07-13T07:10:02.210+0000] {override.py:1829} INFO - Created Permission View: can delete on DAG:example_branch_datetime_operator_3
[2024-07-13T07:10:02.211+0000] {logging_mixin.py:188} INFO - [2024-07-13T07:10:02.211+0000] {override.py:1829} INFO - Created Permission View: can read on DAG:example_branch_datetime_operator_3
[2024-07-13T07:10:02.216+0000] {logging_mixin.py:188} INFO - [2024-07-13T07:10:02.215+0000] {override.py:1829} INFO - Created Permission View: can edit on DAG:example_branch_datetime_operator
[2024-07-13T07:10:02.217+0000] {logging_mixin.py:188} INFO - [2024-07-13T07:10:02.217+0000] {override.py:1829} INFO - Created Permission View: can delete on DAG:example_branch_datetime_operator
[2024-07-13T07:10:02.219+0000] {logging_mixin.py:188} INFO - [2024-07-13T07:10:02.219+0000] {override.py:1829} INFO - Created Permission View: can read on DAG:example_branch_datetime_operator
[2024-07-13T07:10:02.219+0000] {logging_mixin.py:188} INFO - [2024-07-13T07:10:02.219+0000] {dag.py:3096} INFO - Sync 3 DAGs
[2024-07-13T07:10:02.234+0000] {logging_mixin.py:188} INFO - [2024-07-13T07:10:02.234+0000] {dag.py:3118} INFO - Creating ORM DAG for example_branch_datetime_operator_2
[2024-07-13T07:10:02.234+0000] {logging_mixin.py:188} INFO - [2024-07-13T07:10:02.234+0000] {dag.py:3118} INFO - Creating ORM DAG for example_branch_datetime_operator_3
[2024-07-13T07:10:02.235+0000] {logging_mixin.py:188} INFO - [2024-07-13T07:10:02.235+0000] {dag.py:3118} INFO - Creating ORM DAG for example_branch_datetime_operator
[2024-07-13T07:10:02.244+0000] {logging_mixin.py:188} INFO - [2024-07-13T07:10:02.244+0000] {dag.py:3954} INFO - Setting next_dagrun for example_branch_datetime_operator to 2024-07-12 00:00:00+00:00, run_after=2024-07-13 00:00:00+00:00
[2024-07-13T07:10:02.245+0000] {logging_mixin.py:188} INFO - [2024-07-13T07:10:02.245+0000] {dag.py:3954} INFO - Setting next_dagrun for example_branch_datetime_operator_2 to 2024-07-12 00:00:00+00:00, run_after=2024-07-13 00:00:00+00:00
[2024-07-13T07:10:02.246+0000] {logging_mixin.py:188} INFO - [2024-07-13T07:10:02.246+0000] {dag.py:3954} INFO - Setting next_dagrun for example_branch_datetime_operator_3 to 2024-07-12 00:00:00+00:00, run_after=2024-07-13 00:00:00+00:00
[2024-07-13T07:10:02.256+0000] {processor.py:183} INFO - Processing /home/airflow/.local/lib/python3.12/site-packages/airflow/example_dags/example_branch_datetime_operator.py took 0.170 seconds
[2024-07-13T07:10:32.632+0000] {processor.py:161} INFO - Started process (PID=113) to work on /home/airflow/.local/lib/python3.12/site-packages/airflow/example_dags/example_branch_datetime_operator.py
[2024-07-13T07:10:32.632+0000] {processor.py:830} INFO - Processing file /home/airflow/.local/lib/python3.12/site-packages/airflow/example_dags/example_branch_datetime_operator.py for tasks to queue
[2024-07-13T07:10:32.633+0000] {logging_mixin.py:188} INFO - [2024-07-13T07:10:32.633+0000] {dagbag.py:545} INFO - Filling up the DagBag from /home/airflow/.local/lib/python3.12/site-packages/airflow/example_dags/example_branch_datetime_operator.py
[2024-07-13T07:10:32.638+0000] {processor.py:840} INFO - DAG(s) 'example_branch_datetime_operator_2', 'example_branch_datetime_operator', 'example_branch_datetime_operator_3' retrieved from /home/airflow/.local/lib/python3.12/site-packages/airflow/example_dags/example_branch_datetime_operator.py
[2024-07-13T07:10:32.647+0000] {logging_mixin.py:188} INFO - [2024-07-13T07:10:32.647+0000] {dag.py:3096} INFO - Sync 3 DAGs
[2024-07-13T07:10:32.656+0000] {logging_mixin.py:188} INFO - [2024-07-13T07:10:32.656+0000] {dag.py:3954} INFO - Setting next_dagrun for example_branch_datetime_operator to 2024-07-12 00:00:00+00:00, run_after=2024-07-13 00:00:00+00:00
[2024-07-13T07:10:32.657+0000] {logging_mixin.py:188} INFO - [2024-07-13T07:10:32.657+0000] {dag.py:3954} INFO - Setting next_dagrun for example_branch_datetime_operator_2 to 2024-07-12 00:00:00+00:00, run_after=2024-07-13 00:00:00+00:00
[2024-07-13T07:10:32.658+0000] {logging_mixin.py:188} INFO - [2024-07-13T07:10:32.658+0000] {dag.py:3954} INFO - Setting next_dagrun for example_branch_datetime_operator_3 to 2024-07-12 00:00:00+00:00, run_after=2024-07-13 00:00:00+00:00
[2024-07-13T07:10:32.664+0000] {processor.py:183} INFO - Processing /home/airflow/.local/lib/python3.12/site-packages/airflow/example_dags/example_branch_datetime_operator.py took 0.034 seconds
[2024-07-13T07:11:02.943+0000] {processor.py:161} INFO - Started process (PID=171) to work on /home/airflow/.local/lib/python3.12/site-packages/airflow/example_dags/example_branch_datetime_operator.py
[2024-07-13T07:11:02.943+0000] {processor.py:830} INFO - Processing file /home/airflow/.local/lib/python3.12/site-packages/airflow/example_dags/example_branch_datetime_operator.py for tasks to queue
[2024-07-13T07:11:02.944+0000] {logging_mixin.py:188} INFO - [2024-07-13T07:11:02.944+0000] {dagbag.py:545} INFO - Filling up the DagBag from /home/airflow/.local/lib/python3.12/site-packages/airflow/example_dags/example_branch_datetime_operator.py
[2024-07-13T07:11:02.947+0000] {processor.py:840} INFO - DAG(s) 'example_branch_datetime_operator_3', 'example_branch_datetime_operator', 'example_branch_datetime_operator_2' retrieved from /home/airflow/.local/lib/python3.12/site-packages/airflow/example_dags/example_branch_datetime_operator.py
[2024-07-13T07:11:02.957+0000] {logging_mixin.py:188} INFO - [2024-07-13T07:11:02.957+0000] {dag.py:3096} INFO - Sync 3 DAGs
[2024-07-13T07:11:02.964+0000] {logging_mixin.py:188} INFO - [2024-07-13T07:11:02.964+0000] {dag.py:3954} INFO - Setting next_dagrun for example_branch_datetime_operator to 2024-07-12 00:00:00+00:00, run_after=2024-07-13 00:00:00+00:00
[2024-07-13T07:11:02.966+0000] {logging_mixin.py:188} INFO - [2024-07-13T07:11:02.966+0000] {dag.py:3954} INFO - Setting next_dagrun for example_branch_datetime_operator_2 to 2024-07-12 00:00:00+00:00, run_after=2024-07-13 00:00:00+00:00
[2024-07-13T07:11:02.966+0000] {logging_mixin.py:188} INFO - [2024-07-13T07:11:02.966+0000] {dag.py:3954} INFO - Setting next_dagrun for example_branch_datetime_operator_3 to 2024-07-12 00:00:00+00:00, run_after=2024-07-13 00:00:00+00:00
[2024-07-13T07:11:02.972+0000] {processor.py:183} INFO - Processing /home/airflow/.local/lib/python3.12/site-packages/airflow/example_dags/example_branch_datetime_operator.py took 0.031 seconds
[2024-07-13T07:11:33.275+0000] {processor.py:161} INFO - Started process (PID=229) to work on /home/airflow/.local/lib/python3.12/site-packages/airflow/example_dags/example_branch_datetime_operator.py
[2024-07-13T07:11:33.275+0000] {processor.py:830} INFO - Processing file /home/airflow/.local/lib/python3.12/site-packages/airflow/example_dags/example_branch_datetime_operator.py for tasks to queue
[2024-07-13T07:11:33.276+0000] {logging_mixin.py:188} INFO - [2024-07-13T07:11:33.276+0000] {dagbag.py:545} INFO - Filling up the DagBag from /home/airflow/.local/lib/python3.12/site-packages/airflow/example_dags/example_branch_datetime_operator.py
[2024-07-13T07:11:33.279+0000] {processor.py:840} INFO - DAG(s) 'example_branch_datetime_operator', 'example_branch_datetime_operator_3', 'example_branch_datetime_operator_2' retrieved from /home/airflow/.local/lib/python3.12/site-packages/airflow/example_dags/example_branch_datetime_operator.py
[2024-07-13T07:11:33.288+0000] {logging_mixin.py:188} INFO - [2024-07-13T07:11:33.288+0000] {dag.py:3096} INFO - Sync 3 DAGs
[2024-07-13T07:11:33.295+0000] {logging_mixin.py:188} INFO - [2024-07-13T07:11:33.295+0000] {dag.py:3954} INFO - Setting next_dagrun for example_branch_datetime_operator to 2024-07-12 00:00:00+00:00, run_after=2024-07-13 00:00:00+00:00
[2024-07-13T07:11:33.297+0000] {logging_mixin.py:188} INFO - [2024-07-13T07:11:33.297+0000] {dag.py:3954} INFO - Setting next_dagrun for example_branch_datetime_operator_2 to 2024-07-12 00:00:00+00:00, run_after=2024-07-13 00:00:00+00:00
[2024-07-13T07:11:33.298+0000] {logging_mixin.py:188} INFO - [2024-07-13T07:11:33.298+0000] {dag.py:3954} INFO - Setting next_dagrun for example_branch_datetime_operator_3 to 2024-07-12 00:00:00+00:00, run_after=2024-07-13 00:00:00+00:00
[2024-07-13T07:11:33.305+0000] {processor.py:183} INFO - Processing /home/airflow/.local/lib/python3.12/site-packages/airflow/example_dags/example_branch_datetime_operator.py took 0.032 seconds
