[2024-07-13T07:10:02.399+0000] {processor.py:161} INFO - Started process (PID=59) to work on /home/airflow/.local/lib/python3.12/site-packages/airflow/example_dags/example_setup_teardown.py
[2024-07-13T07:10:02.399+0000] {processor.py:830} INFO - Processing file /home/airflow/.local/lib/python3.12/site-packages/airflow/example_dags/example_setup_teardown.py for tasks to queue
[2024-07-13T07:10:02.400+0000] {logging_mixin.py:188} INFO - [2024-07-13T07:10:02.400+0000] {dagbag.py:545} INFO - Filling up the DagBag from /home/airflow/.local/lib/python3.12/site-packages/airflow/example_dags/example_setup_teardown.py
[2024-07-13T07:10:02.404+0000] {processor.py:840} INFO - DAG(s) 'example_setup_teardown' retrieved from /home/airflow/.local/lib/python3.12/site-packages/airflow/example_dags/example_setup_teardown.py
[2024-07-13T07:10:02.464+0000] {logging_mixin.py:188} INFO - [2024-07-13T07:10:02.464+0000] {override.py:1829} INFO - Created Permission View: can edit on DAG:example_setup_teardown
[2024-07-13T07:10:02.467+0000] {logging_mixin.py:188} INFO - [2024-07-13T07:10:02.467+0000] {override.py:1829} INFO - Created Permission View: can delete on DAG:example_setup_teardown
[2024-07-13T07:10:02.469+0000] {logging_mixin.py:188} INFO - [2024-07-13T07:10:02.468+0000] {override.py:1829} INFO - Created Permission View: can read on DAG:example_setup_teardown
[2024-07-13T07:10:02.469+0000] {logging_mixin.py:188} INFO - [2024-07-13T07:10:02.469+0000] {dag.py:3096} INFO - Sync 1 DAGs
[2024-07-13T07:10:02.474+0000] {logging_mixin.py:188} INFO - [2024-07-13T07:10:02.474+0000] {dag.py:3118} INFO - Creating ORM DAG for example_setup_teardown
[2024-07-13T07:10:02.481+0000] {logging_mixin.py:188} INFO - [2024-07-13T07:10:02.481+0000] {dag.py:3954} INFO - Setting next_dagrun for example_setup_teardown to 2024-07-12 00:00:00+00:00, run_after=2024-07-13 00:00:00+00:00
[2024-07-13T07:10:02.489+0000] {processor.py:183} INFO - Processing /home/airflow/.local/lib/python3.12/site-packages/airflow/example_dags/example_setup_teardown.py took 0.093 seconds
[2024-07-13T07:10:32.707+0000] {processor.py:161} INFO - Started process (PID=117) to work on /home/airflow/.local/lib/python3.12/site-packages/airflow/example_dags/example_setup_teardown.py
[2024-07-13T07:10:32.708+0000] {processor.py:830} INFO - Processing file /home/airflow/.local/lib/python3.12/site-packages/airflow/example_dags/example_setup_teardown.py for tasks to queue
[2024-07-13T07:10:32.708+0000] {logging_mixin.py:188} INFO - [2024-07-13T07:10:32.708+0000] {dagbag.py:545} INFO - Filling up the DagBag from /home/airflow/.local/lib/python3.12/site-packages/airflow/example_dags/example_setup_teardown.py
[2024-07-13T07:10:32.711+0000] {processor.py:840} INFO - DAG(s) 'example_setup_teardown' retrieved from /home/airflow/.local/lib/python3.12/site-packages/airflow/example_dags/example_setup_teardown.py
[2024-07-13T07:10:32.719+0000] {logging_mixin.py:188} INFO - [2024-07-13T07:10:32.719+0000] {dag.py:3096} INFO - Sync 1 DAGs
[2024-07-13T07:10:32.727+0000] {logging_mixin.py:188} INFO - [2024-07-13T07:10:32.726+0000] {dag.py:3954} INFO - Setting next_dagrun for example_setup_teardown to 2024-07-12 00:00:00+00:00, run_after=2024-07-13 00:00:00+00:00
[2024-07-13T07:10:32.733+0000] {processor.py:183} INFO - Processing /home/airflow/.local/lib/python3.12/site-packages/airflow/example_dags/example_setup_teardown.py took 0.028 seconds
[2024-07-13T07:11:03.046+0000] {processor.py:161} INFO - Started process (PID=175) to work on /home/airflow/.local/lib/python3.12/site-packages/airflow/example_dags/example_setup_teardown.py
[2024-07-13T07:11:03.046+0000] {processor.py:830} INFO - Processing file /home/airflow/.local/lib/python3.12/site-packages/airflow/example_dags/example_setup_teardown.py for tasks to queue
[2024-07-13T07:11:03.047+0000] {logging_mixin.py:188} INFO - [2024-07-13T07:11:03.047+0000] {dagbag.py:545} INFO - Filling up the DagBag from /home/airflow/.local/lib/python3.12/site-packages/airflow/example_dags/example_setup_teardown.py
[2024-07-13T07:11:03.049+0000] {processor.py:840} INFO - DAG(s) 'example_setup_teardown' retrieved from /home/airflow/.local/lib/python3.12/site-packages/airflow/example_dags/example_setup_teardown.py
[2024-07-13T07:11:03.057+0000] {logging_mixin.py:188} INFO - [2024-07-13T07:11:03.057+0000] {dag.py:3096} INFO - Sync 1 DAGs
[2024-07-13T07:11:03.064+0000] {logging_mixin.py:188} INFO - [2024-07-13T07:11:03.064+0000] {dag.py:3954} INFO - Setting next_dagrun for example_setup_teardown to 2024-07-12 00:00:00+00:00, run_after=2024-07-13 00:00:00+00:00
[2024-07-13T07:11:03.070+0000] {processor.py:183} INFO - Processing /home/airflow/.local/lib/python3.12/site-packages/airflow/example_dags/example_setup_teardown.py took 0.027 seconds
[2024-07-13T07:11:33.385+0000] {processor.py:161} INFO - Started process (PID=233) to work on /home/airflow/.local/lib/python3.12/site-packages/airflow/example_dags/example_setup_teardown.py
[2024-07-13T07:11:33.386+0000] {processor.py:830} INFO - Processing file /home/airflow/.local/lib/python3.12/site-packages/airflow/example_dags/example_setup_teardown.py for tasks to queue
[2024-07-13T07:11:33.386+0000] {logging_mixin.py:188} INFO - [2024-07-13T07:11:33.386+0000] {dagbag.py:545} INFO - Filling up the DagBag from /home/airflow/.local/lib/python3.12/site-packages/airflow/example_dags/example_setup_teardown.py
[2024-07-13T07:11:33.389+0000] {processor.py:840} INFO - DAG(s) 'example_setup_teardown' retrieved from /home/airflow/.local/lib/python3.12/site-packages/airflow/example_dags/example_setup_teardown.py
[2024-07-13T07:11:33.397+0000] {logging_mixin.py:188} INFO - [2024-07-13T07:11:33.397+0000] {dag.py:3096} INFO - Sync 1 DAGs
[2024-07-13T07:11:33.404+0000] {logging_mixin.py:188} INFO - [2024-07-13T07:11:33.404+0000] {dag.py:3954} INFO - Setting next_dagrun for example_setup_teardown to 2024-07-12 00:00:00+00:00, run_after=2024-07-13 00:00:00+00:00
[2024-07-13T07:11:33.410+0000] {processor.py:183} INFO - Processing /home/airflow/.local/lib/python3.12/site-packages/airflow/example_dags/example_setup_teardown.py took 0.027 seconds
