[2024-07-13T07:10:02.048+0000] {processor.py:161} INFO - Started process (PID=54) to work on /home/airflow/.local/lib/python3.12/site-packages/airflow/example_dags/example_task_group_decorator.py
[2024-07-13T07:10:02.049+0000] {processor.py:830} INFO - Processing file /home/airflow/.local/lib/python3.12/site-packages/airflow/example_dags/example_task_group_decorator.py for tasks to queue
[2024-07-13T07:10:02.049+0000] {logging_mixin.py:188} INFO - [2024-07-13T07:10:02.049+0000] {dagbag.py:545} INFO - Filling up the DagBag from /home/airflow/.local/lib/python3.12/site-packages/airflow/example_dags/example_task_group_decorator.py
[2024-07-13T07:10:02.056+0000] {processor.py:840} INFO - DAG(s) 'example_task_group_decorator' retrieved from /home/airflow/.local/lib/python3.12/site-packages/airflow/example_dags/example_task_group_decorator.py
[2024-07-13T07:10:02.111+0000] {logging_mixin.py:188} INFO - [2024-07-13T07:10:02.111+0000] {override.py:1829} INFO - Created Permission View: can edit on DAG:example_task_group_decorator
[2024-07-13T07:10:02.120+0000] {logging_mixin.py:188} INFO - [2024-07-13T07:10:02.119+0000] {override.py:1829} INFO - Created Permission View: can delete on DAG:example_task_group_decorator
[2024-07-13T07:10:02.122+0000] {logging_mixin.py:188} INFO - [2024-07-13T07:10:02.122+0000] {override.py:1829} INFO - Created Permission View: can read on DAG:example_task_group_decorator
[2024-07-13T07:10:02.123+0000] {logging_mixin.py:188} INFO - [2024-07-13T07:10:02.123+0000] {dag.py:3096} INFO - Sync 1 DAGs
[2024-07-13T07:10:02.134+0000] {logging_mixin.py:188} INFO - [2024-07-13T07:10:02.133+0000] {dag.py:3118} INFO - Creating ORM DAG for example_task_group_decorator
[2024-07-13T07:10:02.141+0000] {logging_mixin.py:188} INFO - [2024-07-13T07:10:02.141+0000] {dag.py:3954} INFO - Setting next_dagrun for example_task_group_decorator to 2024-07-12 00:00:00+00:00, run_after=2024-07-13 00:00:00+00:00
[2024-07-13T07:10:02.151+0000] {processor.py:183} INFO - Processing /home/airflow/.local/lib/python3.12/site-packages/airflow/example_dags/example_task_group_decorator.py took 0.105 seconds
[2024-07-13T07:10:32.611+0000] {processor.py:161} INFO - Started process (PID=112) to work on /home/airflow/.local/lib/python3.12/site-packages/airflow/example_dags/example_task_group_decorator.py
[2024-07-13T07:10:32.611+0000] {processor.py:830} INFO - Processing file /home/airflow/.local/lib/python3.12/site-packages/airflow/example_dags/example_task_group_decorator.py for tasks to queue
[2024-07-13T07:10:32.612+0000] {logging_mixin.py:188} INFO - [2024-07-13T07:10:32.612+0000] {dagbag.py:545} INFO - Filling up the DagBag from /home/airflow/.local/lib/python3.12/site-packages/airflow/example_dags/example_task_group_decorator.py
[2024-07-13T07:10:32.617+0000] {processor.py:840} INFO - DAG(s) 'example_task_group_decorator' retrieved from /home/airflow/.local/lib/python3.12/site-packages/airflow/example_dags/example_task_group_decorator.py
[2024-07-13T07:10:32.626+0000] {logging_mixin.py:188} INFO - [2024-07-13T07:10:32.626+0000] {dag.py:3096} INFO - Sync 1 DAGs
[2024-07-13T07:10:32.634+0000] {logging_mixin.py:188} INFO - [2024-07-13T07:10:32.633+0000] {dag.py:3954} INFO - Setting next_dagrun for example_task_group_decorator to 2024-07-12 00:00:00+00:00, run_after=2024-07-13 00:00:00+00:00
[2024-07-13T07:10:32.640+0000] {processor.py:183} INFO - Processing /home/airflow/.local/lib/python3.12/site-packages/airflow/example_dags/example_task_group_decorator.py took 0.031 seconds
[2024-07-13T07:11:02.943+0000] {processor.py:161} INFO - Started process (PID=170) to work on /home/airflow/.local/lib/python3.12/site-packages/airflow/example_dags/example_task_group_decorator.py
[2024-07-13T07:11:02.943+0000] {processor.py:830} INFO - Processing file /home/airflow/.local/lib/python3.12/site-packages/airflow/example_dags/example_task_group_decorator.py for tasks to queue
[2024-07-13T07:11:02.944+0000] {logging_mixin.py:188} INFO - [2024-07-13T07:11:02.944+0000] {dagbag.py:545} INFO - Filling up the DagBag from /home/airflow/.local/lib/python3.12/site-packages/airflow/example_dags/example_task_group_decorator.py
[2024-07-13T07:11:02.949+0000] {processor.py:840} INFO - DAG(s) 'example_task_group_decorator' retrieved from /home/airflow/.local/lib/python3.12/site-packages/airflow/example_dags/example_task_group_decorator.py
[2024-07-13T07:11:02.957+0000] {logging_mixin.py:188} INFO - [2024-07-13T07:11:02.956+0000] {dag.py:3096} INFO - Sync 1 DAGs
[2024-07-13T07:11:02.964+0000] {logging_mixin.py:188} INFO - [2024-07-13T07:11:02.964+0000] {dag.py:3954} INFO - Setting next_dagrun for example_task_group_decorator to 2024-07-12 00:00:00+00:00, run_after=2024-07-13 00:00:00+00:00
[2024-07-13T07:11:02.970+0000] {processor.py:183} INFO - Processing /home/airflow/.local/lib/python3.12/site-packages/airflow/example_dags/example_task_group_decorator.py took 0.029 seconds
[2024-07-13T07:11:33.242+0000] {processor.py:161} INFO - Started process (PID=228) to work on /home/airflow/.local/lib/python3.12/site-packages/airflow/example_dags/example_task_group_decorator.py
[2024-07-13T07:11:33.243+0000] {processor.py:830} INFO - Processing file /home/airflow/.local/lib/python3.12/site-packages/airflow/example_dags/example_task_group_decorator.py for tasks to queue
[2024-07-13T07:11:33.243+0000] {logging_mixin.py:188} INFO - [2024-07-13T07:11:33.243+0000] {dagbag.py:545} INFO - Filling up the DagBag from /home/airflow/.local/lib/python3.12/site-packages/airflow/example_dags/example_task_group_decorator.py
[2024-07-13T07:11:33.248+0000] {processor.py:840} INFO - DAG(s) 'example_task_group_decorator' retrieved from /home/airflow/.local/lib/python3.12/site-packages/airflow/example_dags/example_task_group_decorator.py
[2024-07-13T07:11:33.256+0000] {logging_mixin.py:188} INFO - [2024-07-13T07:11:33.256+0000] {dag.py:3096} INFO - Sync 1 DAGs
[2024-07-13T07:11:33.263+0000] {logging_mixin.py:188} INFO - [2024-07-13T07:11:33.263+0000] {dag.py:3954} INFO - Setting next_dagrun for example_task_group_decorator to 2024-07-12 00:00:00+00:00, run_after=2024-07-13 00:00:00+00:00
[2024-07-13T07:11:33.269+0000] {processor.py:183} INFO - Processing /home/airflow/.local/lib/python3.12/site-packages/airflow/example_dags/example_task_group_decorator.py took 0.028 seconds
