[2024-07-13T07:10:01.384+0000] {processor.py:161} INFO - Started process (PID=41) to work on /home/airflow/.local/lib/python3.12/site-packages/airflow/example_dags/example_branch_labels.py
[2024-07-13T07:10:01.386+0000] {processor.py:830} INFO - Processing file /home/airflow/.local/lib/python3.12/site-packages/airflow/example_dags/example_branch_labels.py for tasks to queue
[2024-07-13T07:10:01.388+0000] {logging_mixin.py:188} INFO - [2024-07-13T07:10:01.387+0000] {dagbag.py:545} INFO - Filling up the DagBag from /home/airflow/.local/lib/python3.12/site-packages/airflow/example_dags/example_branch_labels.py
[2024-07-13T07:10:01.395+0000] {processor.py:840} INFO - DAG(s) 'example_branch_labels' retrieved from /home/airflow/.local/lib/python3.12/site-packages/airflow/example_dags/example_branch_labels.py
[2024-07-13T07:10:01.439+0000] {logging_mixin.py:188} INFO - [2024-07-13T07:10:01.439+0000] {override.py:1829} INFO - Created Permission View: can edit on DAG:example_branch_labels
[2024-07-13T07:10:01.443+0000] {logging_mixin.py:188} INFO - [2024-07-13T07:10:01.443+0000] {override.py:1829} INFO - Created Permission View: can delete on DAG:example_branch_labels
[2024-07-13T07:10:01.446+0000] {logging_mixin.py:188} INFO - [2024-07-13T07:10:01.445+0000] {override.py:1829} INFO - Created Permission View: can read on DAG:example_branch_labels
[2024-07-13T07:10:01.446+0000] {logging_mixin.py:188} INFO - [2024-07-13T07:10:01.446+0000] {dag.py:3096} INFO - Sync 1 DAGs
[2024-07-13T07:10:01.450+0000] {logging_mixin.py:188} INFO - [2024-07-13T07:10:01.450+0000] {dag.py:3118} INFO - Creating ORM DAG for example_branch_labels
[2024-07-13T07:10:01.454+0000] {logging_mixin.py:188} INFO - [2024-07-13T07:10:01.454+0000] {dag.py:3954} INFO - Setting next_dagrun for example_branch_labels to 2024-07-12 00:00:00+00:00, run_after=2024-07-13 00:00:00+00:00
[2024-07-13T07:10:01.466+0000] {processor.py:183} INFO - Processing /home/airflow/.local/lib/python3.12/site-packages/airflow/example_dags/example_branch_labels.py took 0.085 seconds
[2024-07-13T07:10:32.338+0000] {processor.py:161} INFO - Started process (PID=99) to work on /home/airflow/.local/lib/python3.12/site-packages/airflow/example_dags/example_branch_labels.py
[2024-07-13T07:10:32.338+0000] {processor.py:830} INFO - Processing file /home/airflow/.local/lib/python3.12/site-packages/airflow/example_dags/example_branch_labels.py for tasks to queue
[2024-07-13T07:10:32.339+0000] {logging_mixin.py:188} INFO - [2024-07-13T07:10:32.339+0000] {dagbag.py:545} INFO - Filling up the DagBag from /home/airflow/.local/lib/python3.12/site-packages/airflow/example_dags/example_branch_labels.py
[2024-07-13T07:10:32.342+0000] {processor.py:840} INFO - DAG(s) 'example_branch_labels' retrieved from /home/airflow/.local/lib/python3.12/site-packages/airflow/example_dags/example_branch_labels.py
[2024-07-13T07:10:32.350+0000] {logging_mixin.py:188} INFO - [2024-07-13T07:10:32.350+0000] {dag.py:3096} INFO - Sync 1 DAGs
[2024-07-13T07:10:32.358+0000] {logging_mixin.py:188} INFO - [2024-07-13T07:10:32.358+0000] {dag.py:3954} INFO - Setting next_dagrun for example_branch_labels to 2024-07-12 00:00:00+00:00, run_after=2024-07-13 00:00:00+00:00
[2024-07-13T07:10:32.364+0000] {processor.py:183} INFO - Processing /home/airflow/.local/lib/python3.12/site-packages/airflow/example_dags/example_branch_labels.py took 0.028 seconds
[2024-07-13T07:11:02.681+0000] {processor.py:161} INFO - Started process (PID=157) to work on /home/airflow/.local/lib/python3.12/site-packages/airflow/example_dags/example_branch_labels.py
[2024-07-13T07:11:02.681+0000] {processor.py:830} INFO - Processing file /home/airflow/.local/lib/python3.12/site-packages/airflow/example_dags/example_branch_labels.py for tasks to queue
[2024-07-13T07:11:02.682+0000] {logging_mixin.py:188} INFO - [2024-07-13T07:11:02.682+0000] {dagbag.py:545} INFO - Filling up the DagBag from /home/airflow/.local/lib/python3.12/site-packages/airflow/example_dags/example_branch_labels.py
[2024-07-13T07:11:02.685+0000] {processor.py:840} INFO - DAG(s) 'example_branch_labels' retrieved from /home/airflow/.local/lib/python3.12/site-packages/airflow/example_dags/example_branch_labels.py
[2024-07-13T07:11:02.693+0000] {logging_mixin.py:188} INFO - [2024-07-13T07:11:02.693+0000] {dag.py:3096} INFO - Sync 1 DAGs
[2024-07-13T07:11:02.700+0000] {logging_mixin.py:188} INFO - [2024-07-13T07:11:02.700+0000] {dag.py:3954} INFO - Setting next_dagrun for example_branch_labels to 2024-07-12 00:00:00+00:00, run_after=2024-07-13 00:00:00+00:00
[2024-07-13T07:11:02.706+0000] {processor.py:183} INFO - Processing /home/airflow/.local/lib/python3.12/site-packages/airflow/example_dags/example_branch_labels.py took 0.027 seconds
[2024-07-13T07:11:33.009+0000] {processor.py:161} INFO - Started process (PID=215) to work on /home/airflow/.local/lib/python3.12/site-packages/airflow/example_dags/example_branch_labels.py
[2024-07-13T07:11:33.009+0000] {processor.py:830} INFO - Processing file /home/airflow/.local/lib/python3.12/site-packages/airflow/example_dags/example_branch_labels.py for tasks to queue
[2024-07-13T07:11:33.010+0000] {logging_mixin.py:188} INFO - [2024-07-13T07:11:33.010+0000] {dagbag.py:545} INFO - Filling up the DagBag from /home/airflow/.local/lib/python3.12/site-packages/airflow/example_dags/example_branch_labels.py
[2024-07-13T07:11:33.013+0000] {processor.py:840} INFO - DAG(s) 'example_branch_labels' retrieved from /home/airflow/.local/lib/python3.12/site-packages/airflow/example_dags/example_branch_labels.py
[2024-07-13T07:11:33.021+0000] {logging_mixin.py:188} INFO - [2024-07-13T07:11:33.021+0000] {dag.py:3096} INFO - Sync 1 DAGs
[2024-07-13T07:11:33.029+0000] {logging_mixin.py:188} INFO - [2024-07-13T07:11:33.029+0000] {dag.py:3954} INFO - Setting next_dagrun for example_branch_labels to 2024-07-12 00:00:00+00:00, run_after=2024-07-13 00:00:00+00:00
[2024-07-13T07:11:33.034+0000] {processor.py:183} INFO - Processing /home/airflow/.local/lib/python3.12/site-packages/airflow/example_dags/example_branch_labels.py took 0.028 seconds
