[2024-07-13T07:10:02.163+0000] {processor.py:161} INFO - Started process (PID=56) to work on /home/airflow/.local/lib/python3.12/site-packages/airflow/example_dags/example_complex.py
[2024-07-13T07:10:02.164+0000] {processor.py:830} INFO - Processing file /home/airflow/.local/lib/python3.12/site-packages/airflow/example_dags/example_complex.py for tasks to queue
[2024-07-13T07:10:02.165+0000] {logging_mixin.py:188} INFO - [2024-07-13T07:10:02.164+0000] {dagbag.py:545} INFO - Filling up the DagBag from /home/airflow/.local/lib/python3.12/site-packages/airflow/example_dags/example_complex.py
[2024-07-13T07:10:02.170+0000] {processor.py:840} INFO - DAG(s) 'example_complex' retrieved from /home/airflow/.local/lib/python3.12/site-packages/airflow/example_dags/example_complex.py
[2024-07-13T07:10:02.265+0000] {logging_mixin.py:188} INFO - [2024-07-13T07:10:02.264+0000] {override.py:1829} INFO - Created Permission View: can edit on DAG:example_complex
[2024-07-13T07:10:02.269+0000] {logging_mixin.py:188} INFO - [2024-07-13T07:10:02.269+0000] {override.py:1829} INFO - Created Permission View: can delete on DAG:example_complex
[2024-07-13T07:10:02.272+0000] {logging_mixin.py:188} INFO - [2024-07-13T07:10:02.272+0000] {override.py:1829} INFO - Created Permission View: can read on DAG:example_complex
[2024-07-13T07:10:02.272+0000] {logging_mixin.py:188} INFO - [2024-07-13T07:10:02.272+0000] {dag.py:3096} INFO - Sync 1 DAGs
[2024-07-13T07:10:02.280+0000] {logging_mixin.py:188} INFO - [2024-07-13T07:10:02.280+0000] {dag.py:3118} INFO - Creating ORM DAG for example_complex
[2024-07-13T07:10:02.281+0000] {logging_mixin.py:188} INFO - [2024-07-13T07:10:02.281+0000] {dag.py:3954} INFO - Setting next_dagrun for example_complex to None, run_after=None
[2024-07-13T07:10:02.291+0000] {processor.py:183} INFO - Processing /home/airflow/.local/lib/python3.12/site-packages/airflow/example_dags/example_complex.py took 0.130 seconds
[2024-07-13T07:10:32.653+0000] {processor.py:161} INFO - Started process (PID=114) to work on /home/airflow/.local/lib/python3.12/site-packages/airflow/example_dags/example_complex.py
[2024-07-13T07:10:32.654+0000] {processor.py:830} INFO - Processing file /home/airflow/.local/lib/python3.12/site-packages/airflow/example_dags/example_complex.py for tasks to queue
[2024-07-13T07:10:32.655+0000] {logging_mixin.py:188} INFO - [2024-07-13T07:10:32.655+0000] {dagbag.py:545} INFO - Filling up the DagBag from /home/airflow/.local/lib/python3.12/site-packages/airflow/example_dags/example_complex.py
[2024-07-13T07:10:32.660+0000] {processor.py:840} INFO - DAG(s) 'example_complex' retrieved from /home/airflow/.local/lib/python3.12/site-packages/airflow/example_dags/example_complex.py
[2024-07-13T07:10:32.671+0000] {logging_mixin.py:188} INFO - [2024-07-13T07:10:32.671+0000] {dag.py:3096} INFO - Sync 1 DAGs
[2024-07-13T07:10:32.676+0000] {logging_mixin.py:188} INFO - [2024-07-13T07:10:32.676+0000] {dag.py:3954} INFO - Setting next_dagrun for example_complex to None, run_after=None
[2024-07-13T07:10:32.682+0000] {processor.py:183} INFO - Processing /home/airflow/.local/lib/python3.12/site-packages/airflow/example_dags/example_complex.py took 0.032 seconds
[2024-07-13T07:11:02.981+0000] {processor.py:161} INFO - Started process (PID=172) to work on /home/airflow/.local/lib/python3.12/site-packages/airflow/example_dags/example_complex.py
[2024-07-13T07:11:02.981+0000] {processor.py:830} INFO - Processing file /home/airflow/.local/lib/python3.12/site-packages/airflow/example_dags/example_complex.py for tasks to queue
[2024-07-13T07:11:02.982+0000] {logging_mixin.py:188} INFO - [2024-07-13T07:11:02.982+0000] {dagbag.py:545} INFO - Filling up the DagBag from /home/airflow/.local/lib/python3.12/site-packages/airflow/example_dags/example_complex.py
[2024-07-13T07:11:02.986+0000] {processor.py:840} INFO - DAG(s) 'example_complex' retrieved from /home/airflow/.local/lib/python3.12/site-packages/airflow/example_dags/example_complex.py
[2024-07-13T07:11:02.996+0000] {logging_mixin.py:188} INFO - [2024-07-13T07:11:02.996+0000] {dag.py:3096} INFO - Sync 1 DAGs
[2024-07-13T07:11:03.000+0000] {logging_mixin.py:188} INFO - [2024-07-13T07:11:03.000+0000] {dag.py:3954} INFO - Setting next_dagrun for example_complex to None, run_after=None
[2024-07-13T07:11:03.006+0000] {processor.py:183} INFO - Processing /home/airflow/.local/lib/python3.12/site-packages/airflow/example_dags/example_complex.py took 0.027 seconds
[2024-07-13T07:11:33.317+0000] {processor.py:161} INFO - Started process (PID=230) to work on /home/airflow/.local/lib/python3.12/site-packages/airflow/example_dags/example_complex.py
[2024-07-13T07:11:33.319+0000] {processor.py:830} INFO - Processing file /home/airflow/.local/lib/python3.12/site-packages/airflow/example_dags/example_complex.py for tasks to queue
[2024-07-13T07:11:33.319+0000] {logging_mixin.py:188} INFO - [2024-07-13T07:11:33.319+0000] {dagbag.py:545} INFO - Filling up the DagBag from /home/airflow/.local/lib/python3.12/site-packages/airflow/example_dags/example_complex.py
[2024-07-13T07:11:33.323+0000] {processor.py:840} INFO - DAG(s) 'example_complex' retrieved from /home/airflow/.local/lib/python3.12/site-packages/airflow/example_dags/example_complex.py
[2024-07-13T07:11:33.333+0000] {logging_mixin.py:188} INFO - [2024-07-13T07:11:33.333+0000] {dag.py:3096} INFO - Sync 1 DAGs
[2024-07-13T07:11:33.338+0000] {logging_mixin.py:188} INFO - [2024-07-13T07:11:33.338+0000] {dag.py:3954} INFO - Setting next_dagrun for example_complex to None, run_after=None
[2024-07-13T07:11:33.344+0000] {processor.py:183} INFO - Processing /home/airflow/.local/lib/python3.12/site-packages/airflow/example_dags/example_complex.py took 0.029 seconds
