[2024-07-13T07:10:02.913+0000] {processor.py:161} INFO - Started process (PID=71) to work on /home/airflow/.local/lib/python3.12/site-packages/airflow/example_dags/example_external_task_marker_dag.py
[2024-07-13T07:10:02.913+0000] {processor.py:830} INFO - Processing file /home/airflow/.local/lib/python3.12/site-packages/airflow/example_dags/example_external_task_marker_dag.py for tasks to queue
[2024-07-13T07:10:02.914+0000] {logging_mixin.py:188} INFO - [2024-07-13T07:10:02.914+0000] {dagbag.py:545} INFO - Filling up the DagBag from /home/airflow/.local/lib/python3.12/site-packages/airflow/example_dags/example_external_task_marker_dag.py
[2024-07-13T07:10:02.917+0000] {processor.py:840} INFO - DAG(s) 'example_external_task_marker_child', 'example_external_task_marker_parent' retrieved from /home/airflow/.local/lib/python3.12/site-packages/airflow/example_dags/example_external_task_marker_dag.py
[2024-07-13T07:10:02.956+0000] {logging_mixin.py:188} INFO - [2024-07-13T07:10:02.956+0000] {override.py:1829} INFO - Created Permission View: can edit on DAG:example_external_task_marker_child
[2024-07-13T07:10:02.959+0000] {logging_mixin.py:188} INFO - [2024-07-13T07:10:02.959+0000] {override.py:1829} INFO - Created Permission View: can delete on DAG:example_external_task_marker_child
[2024-07-13T07:10:02.961+0000] {logging_mixin.py:188} INFO - [2024-07-13T07:10:02.961+0000] {override.py:1829} INFO - Created Permission View: can read on DAG:example_external_task_marker_child
[2024-07-13T07:10:02.964+0000] {logging_mixin.py:188} INFO - [2024-07-13T07:10:02.964+0000] {override.py:1829} INFO - Created Permission View: can edit on DAG:example_external_task_marker_parent
[2024-07-13T07:10:02.966+0000] {logging_mixin.py:188} INFO - [2024-07-13T07:10:02.966+0000] {override.py:1829} INFO - Created Permission View: can delete on DAG:example_external_task_marker_parent
[2024-07-13T07:10:02.967+0000] {logging_mixin.py:188} INFO - [2024-07-13T07:10:02.967+0000] {override.py:1829} INFO - Created Permission View: can read on DAG:example_external_task_marker_parent
[2024-07-13T07:10:02.967+0000] {logging_mixin.py:188} INFO - [2024-07-13T07:10:02.967+0000] {dag.py:3096} INFO - Sync 2 DAGs
[2024-07-13T07:10:02.971+0000] {logging_mixin.py:188} INFO - [2024-07-13T07:10:02.971+0000] {dag.py:3118} INFO - Creating ORM DAG for example_external_task_marker_parent
[2024-07-13T07:10:02.971+0000] {logging_mixin.py:188} INFO - [2024-07-13T07:10:02.971+0000] {dag.py:3118} INFO - Creating ORM DAG for example_external_task_marker_child
[2024-07-13T07:10:02.972+0000] {logging_mixin.py:188} INFO - [2024-07-13T07:10:02.972+0000] {dag.py:3954} INFO - Setting next_dagrun for example_external_task_marker_child to None, run_after=None
[2024-07-13T07:10:02.972+0000] {logging_mixin.py:188} INFO - [2024-07-13T07:10:02.972+0000] {dag.py:3954} INFO - Setting next_dagrun for example_external_task_marker_parent to None, run_after=None
[2024-07-13T07:10:02.977+0000] {processor.py:183} INFO - Processing /home/airflow/.local/lib/python3.12/site-packages/airflow/example_dags/example_external_task_marker_dag.py took 0.067 seconds
[2024-07-13T07:10:33.945+0000] {processor.py:161} INFO - Started process (PID=129) to work on /home/airflow/.local/lib/python3.12/site-packages/airflow/example_dags/example_external_task_marker_dag.py
[2024-07-13T07:10:33.945+0000] {processor.py:830} INFO - Processing file /home/airflow/.local/lib/python3.12/site-packages/airflow/example_dags/example_external_task_marker_dag.py for tasks to queue
[2024-07-13T07:10:33.946+0000] {logging_mixin.py:188} INFO - [2024-07-13T07:10:33.946+0000] {dagbag.py:545} INFO - Filling up the DagBag from /home/airflow/.local/lib/python3.12/site-packages/airflow/example_dags/example_external_task_marker_dag.py
[2024-07-13T07:10:33.949+0000] {processor.py:840} INFO - DAG(s) 'example_external_task_marker_child', 'example_external_task_marker_parent' retrieved from /home/airflow/.local/lib/python3.12/site-packages/airflow/example_dags/example_external_task_marker_dag.py
[2024-07-13T07:10:33.958+0000] {logging_mixin.py:188} INFO - [2024-07-13T07:10:33.958+0000] {dag.py:3096} INFO - Sync 2 DAGs
[2024-07-13T07:10:33.963+0000] {logging_mixin.py:188} INFO - [2024-07-13T07:10:33.963+0000] {dag.py:3954} INFO - Setting next_dagrun for example_external_task_marker_child to None, run_after=None
[2024-07-13T07:10:33.964+0000] {logging_mixin.py:188} INFO - [2024-07-13T07:10:33.964+0000] {dag.py:3954} INFO - Setting next_dagrun for example_external_task_marker_parent to None, run_after=None
[2024-07-13T07:10:33.970+0000] {processor.py:183} INFO - Processing /home/airflow/.local/lib/python3.12/site-packages/airflow/example_dags/example_external_task_marker_dag.py took 0.027 seconds
[2024-07-13T07:11:04.299+0000] {processor.py:161} INFO - Started process (PID=187) to work on /home/airflow/.local/lib/python3.12/site-packages/airflow/example_dags/example_external_task_marker_dag.py
[2024-07-13T07:11:04.300+0000] {processor.py:830} INFO - Processing file /home/airflow/.local/lib/python3.12/site-packages/airflow/example_dags/example_external_task_marker_dag.py for tasks to queue
[2024-07-13T07:11:04.300+0000] {logging_mixin.py:188} INFO - [2024-07-13T07:11:04.300+0000] {dagbag.py:545} INFO - Filling up the DagBag from /home/airflow/.local/lib/python3.12/site-packages/airflow/example_dags/example_external_task_marker_dag.py
[2024-07-13T07:11:04.303+0000] {processor.py:840} INFO - DAG(s) 'example_external_task_marker_parent', 'example_external_task_marker_child' retrieved from /home/airflow/.local/lib/python3.12/site-packages/airflow/example_dags/example_external_task_marker_dag.py
[2024-07-13T07:11:04.314+0000] {logging_mixin.py:188} INFO - [2024-07-13T07:11:04.314+0000] {dag.py:3096} INFO - Sync 2 DAGs
[2024-07-13T07:11:04.320+0000] {logging_mixin.py:188} INFO - [2024-07-13T07:11:04.319+0000] {dag.py:3954} INFO - Setting next_dagrun for example_external_task_marker_child to None, run_after=None
[2024-07-13T07:11:04.321+0000] {logging_mixin.py:188} INFO - [2024-07-13T07:11:04.321+0000] {dag.py:3954} INFO - Setting next_dagrun for example_external_task_marker_parent to None, run_after=None
[2024-07-13T07:11:04.327+0000] {processor.py:183} INFO - Processing /home/airflow/.local/lib/python3.12/site-packages/airflow/example_dags/example_external_task_marker_dag.py took 0.030 seconds
[2024-07-13T07:11:34.615+0000] {processor.py:161} INFO - Started process (PID=245) to work on /home/airflow/.local/lib/python3.12/site-packages/airflow/example_dags/example_external_task_marker_dag.py
[2024-07-13T07:11:34.615+0000] {processor.py:830} INFO - Processing file /home/airflow/.local/lib/python3.12/site-packages/airflow/example_dags/example_external_task_marker_dag.py for tasks to queue
[2024-07-13T07:11:34.616+0000] {logging_mixin.py:188} INFO - [2024-07-13T07:11:34.616+0000] {dagbag.py:545} INFO - Filling up the DagBag from /home/airflow/.local/lib/python3.12/site-packages/airflow/example_dags/example_external_task_marker_dag.py
[2024-07-13T07:11:34.619+0000] {processor.py:840} INFO - DAG(s) 'example_external_task_marker_parent', 'example_external_task_marker_child' retrieved from /home/airflow/.local/lib/python3.12/site-packages/airflow/example_dags/example_external_task_marker_dag.py
[2024-07-13T07:11:34.630+0000] {logging_mixin.py:188} INFO - [2024-07-13T07:11:34.629+0000] {dag.py:3096} INFO - Sync 2 DAGs
[2024-07-13T07:11:34.634+0000] {logging_mixin.py:188} INFO - [2024-07-13T07:11:34.634+0000] {dag.py:3954} INFO - Setting next_dagrun for example_external_task_marker_child to None, run_after=None
[2024-07-13T07:11:34.636+0000] {logging_mixin.py:188} INFO - [2024-07-13T07:11:34.636+0000] {dag.py:3954} INFO - Setting next_dagrun for example_external_task_marker_parent to None, run_after=None
[2024-07-13T07:11:34.641+0000] {processor.py:183} INFO - Processing /home/airflow/.local/lib/python3.12/site-packages/airflow/example_dags/example_external_task_marker_dag.py took 0.029 seconds
