[2024-07-13T07:10:01.215+0000] {processor.py:161} INFO - Started process (PID=38) to work on /home/airflow/.local/lib/python3.12/site-packages/airflow/example_dags/example_trigger_target_dag.py
[2024-07-13T07:10:01.215+0000] {processor.py:830} INFO - Processing file /home/airflow/.local/lib/python3.12/site-packages/airflow/example_dags/example_trigger_target_dag.py for tasks to queue
[2024-07-13T07:10:01.216+0000] {logging_mixin.py:188} INFO - [2024-07-13T07:10:01.216+0000] {dagbag.py:545} INFO - Filling up the DagBag from /home/airflow/.local/lib/python3.12/site-packages/airflow/example_dags/example_trigger_target_dag.py
[2024-07-13T07:10:01.220+0000] {processor.py:840} INFO - DAG(s) 'example_trigger_target_dag' retrieved from /home/airflow/.local/lib/python3.12/site-packages/airflow/example_dags/example_trigger_target_dag.py
[2024-07-13T07:10:01.264+0000] {logging_mixin.py:188} INFO - [2024-07-13T07:10:01.264+0000] {override.py:1829} INFO - Created Permission View: can edit on DAG:example_trigger_target_dag
[2024-07-13T07:10:01.268+0000] {logging_mixin.py:188} INFO - [2024-07-13T07:10:01.268+0000] {override.py:1829} INFO - Created Permission View: can delete on DAG:example_trigger_target_dag
[2024-07-13T07:10:01.272+0000] {logging_mixin.py:188} INFO - [2024-07-13T07:10:01.272+0000] {override.py:1829} INFO - Created Permission View: can read on DAG:example_trigger_target_dag
[2024-07-13T07:10:01.272+0000] {logging_mixin.py:188} INFO - [2024-07-13T07:10:01.272+0000] {dag.py:3096} INFO - Sync 1 DAGs
[2024-07-13T07:10:01.277+0000] {logging_mixin.py:188} INFO - [2024-07-13T07:10:01.277+0000] {dag.py:3118} INFO - Creating ORM DAG for example_trigger_target_dag
[2024-07-13T07:10:01.279+0000] {logging_mixin.py:188} INFO - [2024-07-13T07:10:01.279+0000] {dag.py:3954} INFO - Setting next_dagrun for example_trigger_target_dag to None, run_after=None
[2024-07-13T07:10:01.285+0000] {processor.py:183} INFO - Processing /home/airflow/.local/lib/python3.12/site-packages/airflow/example_dags/example_trigger_target_dag.py took 0.073 seconds
[2024-07-13T07:10:32.253+0000] {processor.py:161} INFO - Started process (PID=96) to work on /home/airflow/.local/lib/python3.12/site-packages/airflow/example_dags/example_trigger_target_dag.py
[2024-07-13T07:10:32.255+0000] {processor.py:830} INFO - Processing file /home/airflow/.local/lib/python3.12/site-packages/airflow/example_dags/example_trigger_target_dag.py for tasks to queue
[2024-07-13T07:10:32.257+0000] {logging_mixin.py:188} INFO - [2024-07-13T07:10:32.257+0000] {dagbag.py:545} INFO - Filling up the DagBag from /home/airflow/.local/lib/python3.12/site-packages/airflow/example_dags/example_trigger_target_dag.py
[2024-07-13T07:10:32.261+0000] {processor.py:840} INFO - DAG(s) 'example_trigger_target_dag' retrieved from /home/airflow/.local/lib/python3.12/site-packages/airflow/example_dags/example_trigger_target_dag.py
[2024-07-13T07:10:32.270+0000] {logging_mixin.py:188} INFO - [2024-07-13T07:10:32.270+0000] {dag.py:3096} INFO - Sync 1 DAGs
[2024-07-13T07:10:32.277+0000] {logging_mixin.py:188} INFO - [2024-07-13T07:10:32.277+0000] {dag.py:3954} INFO - Setting next_dagrun for example_trigger_target_dag to None, run_after=None
[2024-07-13T07:10:32.285+0000] {processor.py:183} INFO - Processing /home/airflow/.local/lib/python3.12/site-packages/airflow/example_dags/example_trigger_target_dag.py took 0.036 seconds
[2024-07-13T07:11:02.595+0000] {processor.py:161} INFO - Started process (PID=154) to work on /home/airflow/.local/lib/python3.12/site-packages/airflow/example_dags/example_trigger_target_dag.py
[2024-07-13T07:11:02.595+0000] {processor.py:830} INFO - Processing file /home/airflow/.local/lib/python3.12/site-packages/airflow/example_dags/example_trigger_target_dag.py for tasks to queue
[2024-07-13T07:11:02.596+0000] {logging_mixin.py:188} INFO - [2024-07-13T07:11:02.596+0000] {dagbag.py:545} INFO - Filling up the DagBag from /home/airflow/.local/lib/python3.12/site-packages/airflow/example_dags/example_trigger_target_dag.py
[2024-07-13T07:11:02.599+0000] {processor.py:840} INFO - DAG(s) 'example_trigger_target_dag' retrieved from /home/airflow/.local/lib/python3.12/site-packages/airflow/example_dags/example_trigger_target_dag.py
[2024-07-13T07:11:02.611+0000] {logging_mixin.py:188} INFO - [2024-07-13T07:11:02.611+0000] {dag.py:3096} INFO - Sync 1 DAGs
[2024-07-13T07:11:02.618+0000] {logging_mixin.py:188} INFO - [2024-07-13T07:11:02.618+0000] {dag.py:3954} INFO - Setting next_dagrun for example_trigger_target_dag to None, run_after=None
[2024-07-13T07:11:02.626+0000] {processor.py:183} INFO - Processing /home/airflow/.local/lib/python3.12/site-packages/airflow/example_dags/example_trigger_target_dag.py took 0.035 seconds
[2024-07-13T07:11:32.926+0000] {processor.py:161} INFO - Started process (PID=212) to work on /home/airflow/.local/lib/python3.12/site-packages/airflow/example_dags/example_trigger_target_dag.py
[2024-07-13T07:11:32.927+0000] {processor.py:830} INFO - Processing file /home/airflow/.local/lib/python3.12/site-packages/airflow/example_dags/example_trigger_target_dag.py for tasks to queue
[2024-07-13T07:11:32.928+0000] {logging_mixin.py:188} INFO - [2024-07-13T07:11:32.928+0000] {dagbag.py:545} INFO - Filling up the DagBag from /home/airflow/.local/lib/python3.12/site-packages/airflow/example_dags/example_trigger_target_dag.py
[2024-07-13T07:11:32.931+0000] {processor.py:840} INFO - DAG(s) 'example_trigger_target_dag' retrieved from /home/airflow/.local/lib/python3.12/site-packages/airflow/example_dags/example_trigger_target_dag.py
[2024-07-13T07:11:32.941+0000] {logging_mixin.py:188} INFO - [2024-07-13T07:11:32.941+0000] {dag.py:3096} INFO - Sync 1 DAGs
[2024-07-13T07:11:32.947+0000] {logging_mixin.py:188} INFO - [2024-07-13T07:11:32.947+0000] {dag.py:3954} INFO - Setting next_dagrun for example_trigger_target_dag to None, run_after=None
[2024-07-13T07:11:32.956+0000] {processor.py:183} INFO - Processing /home/airflow/.local/lib/python3.12/site-packages/airflow/example_dags/example_trigger_target_dag.py took 0.034 seconds
