[2024-07-13T07:10:02.938+0000] {processor.py:161} INFO - Started process (PID=72) to work on /home/airflow/.local/lib/python3.12/site-packages/airflow/example_dags/example_params_trigger_ui.py
[2024-07-13T07:10:02.939+0000] {processor.py:830} INFO - Processing file /home/airflow/.local/lib/python3.12/site-packages/airflow/example_dags/example_params_trigger_ui.py for tasks to queue
[2024-07-13T07:10:02.939+0000] {logging_mixin.py:188} INFO - [2024-07-13T07:10:02.939+0000] {dagbag.py:545} INFO - Filling up the DagBag from /home/airflow/.local/lib/python3.12/site-packages/airflow/example_dags/example_params_trigger_ui.py
[2024-07-13T07:10:02.946+0000] {processor.py:840} INFO - DAG(s) 'example_params_trigger_ui' retrieved from /home/airflow/.local/lib/python3.12/site-packages/airflow/example_dags/example_params_trigger_ui.py
[2024-07-13T07:10:02.991+0000] {logging_mixin.py:188} INFO - [2024-07-13T07:10:02.991+0000] {override.py:1829} INFO - Created Permission View: can edit on DAG:example_params_trigger_ui
[2024-07-13T07:10:02.995+0000] {logging_mixin.py:188} INFO - [2024-07-13T07:10:02.995+0000] {override.py:1829} INFO - Created Permission View: can delete on DAG:example_params_trigger_ui
[2024-07-13T07:10:02.997+0000] {logging_mixin.py:188} INFO - [2024-07-13T07:10:02.997+0000] {override.py:1829} INFO - Created Permission View: can read on DAG:example_params_trigger_ui
[2024-07-13T07:10:02.997+0000] {logging_mixin.py:188} INFO - [2024-07-13T07:10:02.997+0000] {dag.py:3096} INFO - Sync 1 DAGs
[2024-07-13T07:10:03.001+0000] {logging_mixin.py:188} INFO - [2024-07-13T07:10:03.001+0000] {dag.py:3118} INFO - Creating ORM DAG for example_params_trigger_ui
[2024-07-13T07:10:03.001+0000] {logging_mixin.py:188} INFO - [2024-07-13T07:10:03.001+0000] {dag.py:3954} INFO - Setting next_dagrun for example_params_trigger_ui to None, run_after=None
[2024-07-13T07:10:03.006+0000] {processor.py:183} INFO - Processing /home/airflow/.local/lib/python3.12/site-packages/airflow/example_dags/example_params_trigger_ui.py took 0.070 seconds
[2024-07-13T07:10:33.980+0000] {processor.py:161} INFO - Started process (PID=130) to work on /home/airflow/.local/lib/python3.12/site-packages/airflow/example_dags/example_params_trigger_ui.py
[2024-07-13T07:10:33.980+0000] {processor.py:830} INFO - Processing file /home/airflow/.local/lib/python3.12/site-packages/airflow/example_dags/example_params_trigger_ui.py for tasks to queue
[2024-07-13T07:10:33.981+0000] {logging_mixin.py:188} INFO - [2024-07-13T07:10:33.981+0000] {dagbag.py:545} INFO - Filling up the DagBag from /home/airflow/.local/lib/python3.12/site-packages/airflow/example_dags/example_params_trigger_ui.py
[2024-07-13T07:10:33.986+0000] {processor.py:840} INFO - DAG(s) 'example_params_trigger_ui' retrieved from /home/airflow/.local/lib/python3.12/site-packages/airflow/example_dags/example_params_trigger_ui.py
[2024-07-13T07:10:34.001+0000] {logging_mixin.py:188} INFO - [2024-07-13T07:10:34.001+0000] {dag.py:3096} INFO - Sync 1 DAGs
[2024-07-13T07:10:34.006+0000] {logging_mixin.py:188} INFO - [2024-07-13T07:10:34.005+0000] {dag.py:3954} INFO - Setting next_dagrun for example_params_trigger_ui to None, run_after=None
[2024-07-13T07:10:34.012+0000] {processor.py:183} INFO - Processing /home/airflow/.local/lib/python3.12/site-packages/airflow/example_dags/example_params_trigger_ui.py took 0.034 seconds
[2024-07-13T07:11:04.301+0000] {processor.py:161} INFO - Started process (PID=188) to work on /home/airflow/.local/lib/python3.12/site-packages/airflow/example_dags/example_params_trigger_ui.py
[2024-07-13T07:11:04.302+0000] {processor.py:830} INFO - Processing file /home/airflow/.local/lib/python3.12/site-packages/airflow/example_dags/example_params_trigger_ui.py for tasks to queue
[2024-07-13T07:11:04.302+0000] {logging_mixin.py:188} INFO - [2024-07-13T07:11:04.302+0000] {dagbag.py:545} INFO - Filling up the DagBag from /home/airflow/.local/lib/python3.12/site-packages/airflow/example_dags/example_params_trigger_ui.py
[2024-07-13T07:11:04.309+0000] {processor.py:840} INFO - DAG(s) 'example_params_trigger_ui' retrieved from /home/airflow/.local/lib/python3.12/site-packages/airflow/example_dags/example_params_trigger_ui.py
[2024-07-13T07:11:04.325+0000] {logging_mixin.py:188} INFO - [2024-07-13T07:11:04.325+0000] {dag.py:3096} INFO - Sync 1 DAGs
[2024-07-13T07:11:04.330+0000] {logging_mixin.py:188} INFO - [2024-07-13T07:11:04.330+0000] {dag.py:3954} INFO - Setting next_dagrun for example_params_trigger_ui to None, run_after=None
[2024-07-13T07:11:04.337+0000] {processor.py:183} INFO - Processing /home/airflow/.local/lib/python3.12/site-packages/airflow/example_dags/example_params_trigger_ui.py took 0.037 seconds
[2024-07-13T07:11:34.651+0000] {processor.py:161} INFO - Started process (PID=246) to work on /home/airflow/.local/lib/python3.12/site-packages/airflow/example_dags/example_params_trigger_ui.py
[2024-07-13T07:11:34.652+0000] {processor.py:830} INFO - Processing file /home/airflow/.local/lib/python3.12/site-packages/airflow/example_dags/example_params_trigger_ui.py for tasks to queue
[2024-07-13T07:11:34.652+0000] {logging_mixin.py:188} INFO - [2024-07-13T07:11:34.652+0000] {dagbag.py:545} INFO - Filling up the DagBag from /home/airflow/.local/lib/python3.12/site-packages/airflow/example_dags/example_params_trigger_ui.py
[2024-07-13T07:11:34.659+0000] {processor.py:840} INFO - DAG(s) 'example_params_trigger_ui' retrieved from /home/airflow/.local/lib/python3.12/site-packages/airflow/example_dags/example_params_trigger_ui.py
[2024-07-13T07:11:34.674+0000] {logging_mixin.py:188} INFO - [2024-07-13T07:11:34.673+0000] {dag.py:3096} INFO - Sync 1 DAGs
[2024-07-13T07:11:34.678+0000] {logging_mixin.py:188} INFO - [2024-07-13T07:11:34.678+0000] {dag.py:3954} INFO - Setting next_dagrun for example_params_trigger_ui to None, run_after=None
[2024-07-13T07:11:34.685+0000] {processor.py:183} INFO - Processing /home/airflow/.local/lib/python3.12/site-packages/airflow/example_dags/example_params_trigger_ui.py took 0.037 seconds
