[2024-07-13T07:10:02.412+0000] {processor.py:161} INFO - Started process (PID=60) to work on /home/airflow/.local/lib/python3.12/site-packages/airflow/example_dags/example_short_circuit_operator.py
[2024-07-13T07:10:02.413+0000] {processor.py:830} INFO - Processing file /home/airflow/.local/lib/python3.12/site-packages/airflow/example_dags/example_short_circuit_operator.py for tasks to queue
[2024-07-13T07:10:02.413+0000] {logging_mixin.py:188} INFO - [2024-07-13T07:10:02.413+0000] {dagbag.py:545} INFO - Filling up the DagBag from /home/airflow/.local/lib/python3.12/site-packages/airflow/example_dags/example_short_circuit_operator.py
[2024-07-13T07:10:02.419+0000] {processor.py:840} INFO - DAG(s) 'example_short_circuit_operator' retrieved from /home/airflow/.local/lib/python3.12/site-packages/airflow/example_dags/example_short_circuit_operator.py
[2024-07-13T07:10:02.481+0000] {logging_mixin.py:188} INFO - [2024-07-13T07:10:02.481+0000] {override.py:1829} INFO - Created Permission View: can edit on DAG:example_short_circuit_operator
[2024-07-13T07:10:02.486+0000] {logging_mixin.py:188} INFO - [2024-07-13T07:10:02.486+0000] {override.py:1829} INFO - Created Permission View: can delete on DAG:example_short_circuit_operator
[2024-07-13T07:10:02.488+0000] {logging_mixin.py:188} INFO - [2024-07-13T07:10:02.487+0000] {override.py:1829} INFO - Created Permission View: can read on DAG:example_short_circuit_operator
[2024-07-13T07:10:02.488+0000] {logging_mixin.py:188} INFO - [2024-07-13T07:10:02.488+0000] {dag.py:3096} INFO - Sync 1 DAGs
[2024-07-13T07:10:02.494+0000] {logging_mixin.py:188} INFO - [2024-07-13T07:10:02.494+0000] {dag.py:3118} INFO - Creating ORM DAG for example_short_circuit_operator
[2024-07-13T07:10:02.498+0000] {logging_mixin.py:188} INFO - [2024-07-13T07:10:02.498+0000] {dag.py:3954} INFO - Setting next_dagrun for example_short_circuit_operator to 2024-07-12 00:00:00+00:00, run_after=2024-07-13 00:00:00+00:00
[2024-07-13T07:10:02.503+0000] {processor.py:183} INFO - Processing /home/airflow/.local/lib/python3.12/site-packages/airflow/example_dags/example_short_circuit_operator.py took 0.093 seconds
[2024-07-13T07:10:32.726+0000] {processor.py:161} INFO - Started process (PID=118) to work on /home/airflow/.local/lib/python3.12/site-packages/airflow/example_dags/example_short_circuit_operator.py
[2024-07-13T07:10:32.727+0000] {processor.py:830} INFO - Processing file /home/airflow/.local/lib/python3.12/site-packages/airflow/example_dags/example_short_circuit_operator.py for tasks to queue
[2024-07-13T07:10:32.727+0000] {logging_mixin.py:188} INFO - [2024-07-13T07:10:32.727+0000] {dagbag.py:545} INFO - Filling up the DagBag from /home/airflow/.local/lib/python3.12/site-packages/airflow/example_dags/example_short_circuit_operator.py
[2024-07-13T07:10:32.730+0000] {processor.py:840} INFO - DAG(s) 'example_short_circuit_operator' retrieved from /home/airflow/.local/lib/python3.12/site-packages/airflow/example_dags/example_short_circuit_operator.py
[2024-07-13T07:10:32.739+0000] {logging_mixin.py:188} INFO - [2024-07-13T07:10:32.739+0000] {dag.py:3096} INFO - Sync 1 DAGs
[2024-07-13T07:10:32.747+0000] {logging_mixin.py:188} INFO - [2024-07-13T07:10:32.747+0000] {dag.py:3954} INFO - Setting next_dagrun for example_short_circuit_operator to 2024-07-12 00:00:00+00:00, run_after=2024-07-13 00:00:00+00:00
[2024-07-13T07:10:32.753+0000] {processor.py:183} INFO - Processing /home/airflow/.local/lib/python3.12/site-packages/airflow/example_dags/example_short_circuit_operator.py took 0.028 seconds
[2024-07-13T07:11:03.047+0000] {processor.py:161} INFO - Started process (PID=176) to work on /home/airflow/.local/lib/python3.12/site-packages/airflow/example_dags/example_short_circuit_operator.py
[2024-07-13T07:11:03.047+0000] {processor.py:830} INFO - Processing file /home/airflow/.local/lib/python3.12/site-packages/airflow/example_dags/example_short_circuit_operator.py for tasks to queue
[2024-07-13T07:11:03.048+0000] {logging_mixin.py:188} INFO - [2024-07-13T07:11:03.048+0000] {dagbag.py:545} INFO - Filling up the DagBag from /home/airflow/.local/lib/python3.12/site-packages/airflow/example_dags/example_short_circuit_operator.py
[2024-07-13T07:11:03.051+0000] {processor.py:840} INFO - DAG(s) 'example_short_circuit_operator' retrieved from /home/airflow/.local/lib/python3.12/site-packages/airflow/example_dags/example_short_circuit_operator.py
[2024-07-13T07:11:03.058+0000] {logging_mixin.py:188} INFO - [2024-07-13T07:11:03.058+0000] {dag.py:3096} INFO - Sync 1 DAGs
[2024-07-13T07:11:03.064+0000] {logging_mixin.py:188} INFO - [2024-07-13T07:11:03.064+0000] {dag.py:3954} INFO - Setting next_dagrun for example_short_circuit_operator to 2024-07-12 00:00:00+00:00, run_after=2024-07-13 00:00:00+00:00
[2024-07-13T07:11:03.070+0000] {processor.py:183} INFO - Processing /home/airflow/.local/lib/python3.12/site-packages/airflow/example_dags/example_short_circuit_operator.py took 0.025 seconds
[2024-07-13T07:11:33.386+0000] {processor.py:161} INFO - Started process (PID=234) to work on /home/airflow/.local/lib/python3.12/site-packages/airflow/example_dags/example_short_circuit_operator.py
[2024-07-13T07:11:33.387+0000] {processor.py:830} INFO - Processing file /home/airflow/.local/lib/python3.12/site-packages/airflow/example_dags/example_short_circuit_operator.py for tasks to queue
[2024-07-13T07:11:33.387+0000] {logging_mixin.py:188} INFO - [2024-07-13T07:11:33.387+0000] {dagbag.py:545} INFO - Filling up the DagBag from /home/airflow/.local/lib/python3.12/site-packages/airflow/example_dags/example_short_circuit_operator.py
[2024-07-13T07:11:33.390+0000] {processor.py:840} INFO - DAG(s) 'example_short_circuit_operator' retrieved from /home/airflow/.local/lib/python3.12/site-packages/airflow/example_dags/example_short_circuit_operator.py
[2024-07-13T07:11:33.397+0000] {logging_mixin.py:188} INFO - [2024-07-13T07:11:33.397+0000] {dag.py:3096} INFO - Sync 1 DAGs
[2024-07-13T07:11:33.404+0000] {logging_mixin.py:188} INFO - [2024-07-13T07:11:33.404+0000] {dag.py:3954} INFO - Setting next_dagrun for example_short_circuit_operator to 2024-07-12 00:00:00+00:00, run_after=2024-07-13 00:00:00+00:00
[2024-07-13T07:11:33.410+0000] {processor.py:183} INFO - Processing /home/airflow/.local/lib/python3.12/site-packages/airflow/example_dags/example_short_circuit_operator.py took 0.026 seconds
