[2024-07-13T07:10:01.986+0000] {processor.py:161} INFO - Started process (PID=53) to work on /home/airflow/.local/lib/python3.12/site-packages/airflow/example_dags/example_python_operator.py
[2024-07-13T07:10:01.986+0000] {processor.py:830} INFO - Processing file /home/airflow/.local/lib/python3.12/site-packages/airflow/example_dags/example_python_operator.py for tasks to queue
[2024-07-13T07:10:01.987+0000] {logging_mixin.py:188} INFO - [2024-07-13T07:10:01.987+0000] {dagbag.py:545} INFO - Filling up the DagBag from /home/airflow/.local/lib/python3.12/site-packages/airflow/example_dags/example_python_operator.py
[2024-07-13T07:10:01.992+0000] {processor.py:840} INFO - DAG(s) 'example_python_operator' retrieved from /home/airflow/.local/lib/python3.12/site-packages/airflow/example_dags/example_python_operator.py
[2024-07-13T07:10:02.046+0000] {logging_mixin.py:188} INFO - [2024-07-13T07:10:02.046+0000] {override.py:1829} INFO - Created Permission View: can edit on DAG:example_python_operator
[2024-07-13T07:10:02.053+0000] {logging_mixin.py:188} INFO - [2024-07-13T07:10:02.052+0000] {override.py:1829} INFO - Created Permission View: can delete on DAG:example_python_operator
[2024-07-13T07:10:02.056+0000] {logging_mixin.py:188} INFO - [2024-07-13T07:10:02.056+0000] {override.py:1829} INFO - Created Permission View: can read on DAG:example_python_operator
[2024-07-13T07:10:02.056+0000] {logging_mixin.py:188} INFO - [2024-07-13T07:10:02.056+0000] {dag.py:3096} INFO - Sync 1 DAGs
[2024-07-13T07:10:02.063+0000] {logging_mixin.py:188} INFO - [2024-07-13T07:10:02.063+0000] {dag.py:3118} INFO - Creating ORM DAG for example_python_operator
[2024-07-13T07:10:02.063+0000] {logging_mixin.py:188} INFO - [2024-07-13T07:10:02.063+0000] {dag.py:3954} INFO - Setting next_dagrun for example_python_operator to None, run_after=None
[2024-07-13T07:10:02.070+0000] {processor.py:183} INFO - Processing /home/airflow/.local/lib/python3.12/site-packages/airflow/example_dags/example_python_operator.py took 0.086 seconds
[2024-07-13T07:10:32.597+0000] {processor.py:161} INFO - Started process (PID=111) to work on /home/airflow/.local/lib/python3.12/site-packages/airflow/example_dags/example_python_operator.py
[2024-07-13T07:10:32.598+0000] {processor.py:830} INFO - Processing file /home/airflow/.local/lib/python3.12/site-packages/airflow/example_dags/example_python_operator.py for tasks to queue
[2024-07-13T07:10:32.598+0000] {logging_mixin.py:188} INFO - [2024-07-13T07:10:32.598+0000] {dagbag.py:545} INFO - Filling up the DagBag from /home/airflow/.local/lib/python3.12/site-packages/airflow/example_dags/example_python_operator.py
[2024-07-13T07:10:32.603+0000] {processor.py:840} INFO - DAG(s) 'example_python_operator' retrieved from /home/airflow/.local/lib/python3.12/site-packages/airflow/example_dags/example_python_operator.py
[2024-07-13T07:10:32.611+0000] {logging_mixin.py:188} INFO - [2024-07-13T07:10:32.611+0000] {dag.py:3096} INFO - Sync 1 DAGs
[2024-07-13T07:10:32.615+0000] {logging_mixin.py:188} INFO - [2024-07-13T07:10:32.615+0000] {dag.py:3954} INFO - Setting next_dagrun for example_python_operator to None, run_after=None
[2024-07-13T07:10:32.622+0000] {processor.py:183} INFO - Processing /home/airflow/.local/lib/python3.12/site-packages/airflow/example_dags/example_python_operator.py took 0.027 seconds
[2024-07-13T07:11:02.914+0000] {processor.py:161} INFO - Started process (PID=169) to work on /home/airflow/.local/lib/python3.12/site-packages/airflow/example_dags/example_python_operator.py
[2024-07-13T07:11:02.914+0000] {processor.py:830} INFO - Processing file /home/airflow/.local/lib/python3.12/site-packages/airflow/example_dags/example_python_operator.py for tasks to queue
[2024-07-13T07:11:02.915+0000] {logging_mixin.py:188} INFO - [2024-07-13T07:11:02.914+0000] {dagbag.py:545} INFO - Filling up the DagBag from /home/airflow/.local/lib/python3.12/site-packages/airflow/example_dags/example_python_operator.py
[2024-07-13T07:11:02.918+0000] {processor.py:840} INFO - DAG(s) 'example_python_operator' retrieved from /home/airflow/.local/lib/python3.12/site-packages/airflow/example_dags/example_python_operator.py
[2024-07-13T07:11:02.925+0000] {logging_mixin.py:188} INFO - [2024-07-13T07:11:02.925+0000] {dag.py:3096} INFO - Sync 1 DAGs
[2024-07-13T07:11:02.929+0000] {logging_mixin.py:188} INFO - [2024-07-13T07:11:02.929+0000] {dag.py:3954} INFO - Setting next_dagrun for example_python_operator to None, run_after=None
[2024-07-13T07:11:02.934+0000] {processor.py:183} INFO - Processing /home/airflow/.local/lib/python3.12/site-packages/airflow/example_dags/example_python_operator.py took 0.023 seconds
[2024-07-13T07:11:33.242+0000] {processor.py:161} INFO - Started process (PID=227) to work on /home/airflow/.local/lib/python3.12/site-packages/airflow/example_dags/example_python_operator.py
[2024-07-13T07:11:33.242+0000] {processor.py:830} INFO - Processing file /home/airflow/.local/lib/python3.12/site-packages/airflow/example_dags/example_python_operator.py for tasks to queue
[2024-07-13T07:11:33.243+0000] {logging_mixin.py:188} INFO - [2024-07-13T07:11:33.243+0000] {dagbag.py:545} INFO - Filling up the DagBag from /home/airflow/.local/lib/python3.12/site-packages/airflow/example_dags/example_python_operator.py
[2024-07-13T07:11:33.247+0000] {processor.py:840} INFO - DAG(s) 'example_python_operator' retrieved from /home/airflow/.local/lib/python3.12/site-packages/airflow/example_dags/example_python_operator.py
[2024-07-13T07:11:33.255+0000] {logging_mixin.py:188} INFO - [2024-07-13T07:11:33.255+0000] {dag.py:3096} INFO - Sync 1 DAGs
[2024-07-13T07:11:33.259+0000] {logging_mixin.py:188} INFO - [2024-07-13T07:11:33.259+0000] {dag.py:3954} INFO - Setting next_dagrun for example_python_operator to None, run_after=None
[2024-07-13T07:11:33.265+0000] {processor.py:183} INFO - Processing /home/airflow/.local/lib/python3.12/site-packages/airflow/example_dags/example_python_operator.py took 0.026 seconds
