[2024-07-13T07:10:02.867+0000] {processor.py:161} INFO - Started process (PID=70) to work on /home/airflow/.local/lib/python3.12/site-packages/airflow/example_dags/example_dynamic_task_mapping.py
[2024-07-13T07:10:02.868+0000] {processor.py:830} INFO - Processing file /home/airflow/.local/lib/python3.12/site-packages/airflow/example_dags/example_dynamic_task_mapping.py for tasks to queue
[2024-07-13T07:10:02.869+0000] {logging_mixin.py:188} INFO - [2024-07-13T07:10:02.868+0000] {dagbag.py:545} INFO - Filling up the DagBag from /home/airflow/.local/lib/python3.12/site-packages/airflow/example_dags/example_dynamic_task_mapping.py
[2024-07-13T07:10:02.871+0000] {processor.py:840} INFO - DAG(s) 'example_dynamic_task_mapping' retrieved from /home/airflow/.local/lib/python3.12/site-packages/airflow/example_dags/example_dynamic_task_mapping.py
[2024-07-13T07:10:02.910+0000] {logging_mixin.py:188} INFO - [2024-07-13T07:10:02.909+0000] {override.py:1829} INFO - Created Permission View: can edit on DAG:example_dynamic_task_mapping
[2024-07-13T07:10:02.913+0000] {logging_mixin.py:188} INFO - [2024-07-13T07:10:02.913+0000] {override.py:1829} INFO - Created Permission View: can delete on DAG:example_dynamic_task_mapping
[2024-07-13T07:10:02.915+0000] {logging_mixin.py:188} INFO - [2024-07-13T07:10:02.915+0000] {override.py:1829} INFO - Created Permission View: can read on DAG:example_dynamic_task_mapping
[2024-07-13T07:10:02.915+0000] {logging_mixin.py:188} INFO - [2024-07-13T07:10:02.915+0000] {dag.py:3096} INFO - Sync 1 DAGs
[2024-07-13T07:10:02.919+0000] {logging_mixin.py:188} INFO - [2024-07-13T07:10:02.919+0000] {dag.py:3118} INFO - Creating ORM DAG for example_dynamic_task_mapping
[2024-07-13T07:10:02.923+0000] {logging_mixin.py:188} INFO - [2024-07-13T07:10:02.923+0000] {dag.py:3954} INFO - Setting next_dagrun for example_dynamic_task_mapping to 2022-03-04 00:00:00+00:00, run_after=2022-03-05 00:00:00+00:00
[2024-07-13T07:10:02.928+0000] {processor.py:183} INFO - Processing /home/airflow/.local/lib/python3.12/site-packages/airflow/example_dags/example_dynamic_task_mapping.py took 0.063 seconds
[2024-07-13T07:10:33.906+0000] {processor.py:161} INFO - Started process (PID=128) to work on /home/airflow/.local/lib/python3.12/site-packages/airflow/example_dags/example_dynamic_task_mapping.py
[2024-07-13T07:10:33.906+0000] {processor.py:830} INFO - Processing file /home/airflow/.local/lib/python3.12/site-packages/airflow/example_dags/example_dynamic_task_mapping.py for tasks to queue
[2024-07-13T07:10:33.907+0000] {logging_mixin.py:188} INFO - [2024-07-13T07:10:33.907+0000] {dagbag.py:545} INFO - Filling up the DagBag from /home/airflow/.local/lib/python3.12/site-packages/airflow/example_dags/example_dynamic_task_mapping.py
[2024-07-13T07:10:33.911+0000] {processor.py:840} INFO - DAG(s) 'example_dynamic_task_mapping' retrieved from /home/airflow/.local/lib/python3.12/site-packages/airflow/example_dags/example_dynamic_task_mapping.py
[2024-07-13T07:10:33.919+0000] {logging_mixin.py:188} INFO - [2024-07-13T07:10:33.919+0000] {dag.py:3096} INFO - Sync 1 DAGs
[2024-07-13T07:10:33.928+0000] {logging_mixin.py:188} INFO - [2024-07-13T07:10:33.928+0000] {dag.py:3954} INFO - Setting next_dagrun for example_dynamic_task_mapping to 2022-03-04 00:00:00+00:00, run_after=2022-03-05 00:00:00+00:00
[2024-07-13T07:10:33.935+0000] {processor.py:183} INFO - Processing /home/airflow/.local/lib/python3.12/site-packages/airflow/example_dags/example_dynamic_task_mapping.py took 0.033 seconds
[2024-07-13T07:11:04.258+0000] {processor.py:161} INFO - Started process (PID=186) to work on /home/airflow/.local/lib/python3.12/site-packages/airflow/example_dags/example_dynamic_task_mapping.py
[2024-07-13T07:11:04.258+0000] {processor.py:830} INFO - Processing file /home/airflow/.local/lib/python3.12/site-packages/airflow/example_dags/example_dynamic_task_mapping.py for tasks to queue
[2024-07-13T07:11:04.259+0000] {logging_mixin.py:188} INFO - [2024-07-13T07:11:04.259+0000] {dagbag.py:545} INFO - Filling up the DagBag from /home/airflow/.local/lib/python3.12/site-packages/airflow/example_dags/example_dynamic_task_mapping.py
[2024-07-13T07:11:04.264+0000] {processor.py:840} INFO - DAG(s) 'example_dynamic_task_mapping' retrieved from /home/airflow/.local/lib/python3.12/site-packages/airflow/example_dags/example_dynamic_task_mapping.py
[2024-07-13T07:11:04.273+0000] {logging_mixin.py:188} INFO - [2024-07-13T07:11:04.273+0000] {dag.py:3096} INFO - Sync 1 DAGs
[2024-07-13T07:11:04.283+0000] {logging_mixin.py:188} INFO - [2024-07-13T07:11:04.282+0000] {dag.py:3954} INFO - Setting next_dagrun for example_dynamic_task_mapping to 2022-03-04 00:00:00+00:00, run_after=2022-03-05 00:00:00+00:00
[2024-07-13T07:11:04.290+0000] {processor.py:183} INFO - Processing /home/airflow/.local/lib/python3.12/site-packages/airflow/example_dags/example_dynamic_task_mapping.py took 0.036 seconds
[2024-07-13T07:11:34.571+0000] {processor.py:161} INFO - Started process (PID=244) to work on /home/airflow/.local/lib/python3.12/site-packages/airflow/example_dags/example_dynamic_task_mapping.py
[2024-07-13T07:11:34.573+0000] {processor.py:830} INFO - Processing file /home/airflow/.local/lib/python3.12/site-packages/airflow/example_dags/example_dynamic_task_mapping.py for tasks to queue
[2024-07-13T07:11:34.575+0000] {logging_mixin.py:188} INFO - [2024-07-13T07:11:34.575+0000] {dagbag.py:545} INFO - Filling up the DagBag from /home/airflow/.local/lib/python3.12/site-packages/airflow/example_dags/example_dynamic_task_mapping.py
[2024-07-13T07:11:34.579+0000] {processor.py:840} INFO - DAG(s) 'example_dynamic_task_mapping' retrieved from /home/airflow/.local/lib/python3.12/site-packages/airflow/example_dags/example_dynamic_task_mapping.py
[2024-07-13T07:11:34.590+0000] {logging_mixin.py:188} INFO - [2024-07-13T07:11:34.590+0000] {dag.py:3096} INFO - Sync 1 DAGs
[2024-07-13T07:11:34.599+0000] {logging_mixin.py:188} INFO - [2024-07-13T07:11:34.598+0000] {dag.py:3954} INFO - Setting next_dagrun for example_dynamic_task_mapping to 2022-03-04 00:00:00+00:00, run_after=2022-03-05 00:00:00+00:00
[2024-07-13T07:11:34.607+0000] {processor.py:183} INFO - Processing /home/airflow/.local/lib/python3.12/site-packages/airflow/example_dags/example_dynamic_task_mapping.py took 0.039 seconds
