[2024-07-13T07:10:00.916+0000] {processor.py:161} INFO - Started process (PID=34) to work on /home/airflow/.local/lib/python3.12/site-packages/airflow/example_dags/example_datasets.py
[2024-07-13T07:10:00.916+0000] {processor.py:830} INFO - Processing file /home/airflow/.local/lib/python3.12/site-packages/airflow/example_dags/example_datasets.py for tasks to queue
[2024-07-13T07:10:00.917+0000] {logging_mixin.py:188} INFO - [2024-07-13T07:10:00.917+0000] {dagbag.py:545} INFO - Filling up the DagBag from /home/airflow/.local/lib/python3.12/site-packages/airflow/example_dags/example_datasets.py
[2024-07-13T07:10:00.924+0000] {processor.py:840} INFO - DAG(s) 'dataset_consumes_1_and_2', 'dataset_consumes_unknown_never_scheduled', 'dataset_consumes_1', 'consume_1_and_2_with_dataset_expressions', 'consume_1_or_both_2_and_3_with_dataset_expressions', 'dataset_consumes_1_never_scheduled', 'conditional_dataset_and_time_based_timetable', 'consume_1_or_2_with_dataset_expressions', 'dataset_produces_2', 'dataset_produces_1' retrieved from /home/airflow/.local/lib/python3.12/site-packages/airflow/example_dags/example_datasets.py
[2024-07-13T07:10:00.968+0000] {logging_mixin.py:188} INFO - [2024-07-13T07:10:00.968+0000] {override.py:1829} INFO - Created Permission View: can edit on DAG:dataset_consumes_1_and_2
[2024-07-13T07:10:00.971+0000] {logging_mixin.py:188} INFO - [2024-07-13T07:10:00.971+0000] {override.py:1829} INFO - Created Permission View: can delete on DAG:dataset_consumes_1_and_2
[2024-07-13T07:10:00.973+0000] {logging_mixin.py:188} INFO - [2024-07-13T07:10:00.973+0000] {override.py:1829} INFO - Created Permission View: can read on DAG:dataset_consumes_1_and_2
[2024-07-13T07:10:00.979+0000] {logging_mixin.py:188} INFO - [2024-07-13T07:10:00.978+0000] {override.py:1829} INFO - Created Permission View: can edit on DAG:dataset_consumes_unknown_never_scheduled
[2024-07-13T07:10:00.981+0000] {logging_mixin.py:188} INFO - [2024-07-13T07:10:00.981+0000] {override.py:1829} INFO - Created Permission View: can delete on DAG:dataset_consumes_unknown_never_scheduled
[2024-07-13T07:10:00.984+0000] {logging_mixin.py:188} INFO - [2024-07-13T07:10:00.984+0000] {override.py:1829} INFO - Created Permission View: can read on DAG:dataset_consumes_unknown_never_scheduled
[2024-07-13T07:10:00.988+0000] {logging_mixin.py:188} INFO - [2024-07-13T07:10:00.988+0000] {override.py:1829} INFO - Created Permission View: can edit on DAG:dataset_consumes_1
[2024-07-13T07:10:00.991+0000] {logging_mixin.py:188} INFO - [2024-07-13T07:10:00.991+0000] {override.py:1829} INFO - Created Permission View: can delete on DAG:dataset_consumes_1
[2024-07-13T07:10:00.994+0000] {logging_mixin.py:188} INFO - [2024-07-13T07:10:00.993+0000] {override.py:1829} INFO - Created Permission View: can read on DAG:dataset_consumes_1
[2024-07-13T07:10:00.998+0000] {logging_mixin.py:188} INFO - [2024-07-13T07:10:00.998+0000] {override.py:1829} INFO - Created Permission View: can edit on DAG:consume_1_and_2_with_dataset_expressions
[2024-07-13T07:10:01.000+0000] {logging_mixin.py:188} INFO - [2024-07-13T07:10:01.000+0000] {override.py:1829} INFO - Created Permission View: can delete on DAG:consume_1_and_2_with_dataset_expressions
[2024-07-13T07:10:01.002+0000] {logging_mixin.py:188} INFO - [2024-07-13T07:10:01.002+0000] {override.py:1829} INFO - Created Permission View: can read on DAG:consume_1_and_2_with_dataset_expressions
[2024-07-13T07:10:01.007+0000] {logging_mixin.py:188} INFO - [2024-07-13T07:10:01.007+0000] {override.py:1829} INFO - Created Permission View: can edit on DAG:consume_1_or_both_2_and_3_with_dataset_expressions
[2024-07-13T07:10:01.009+0000] {logging_mixin.py:188} INFO - [2024-07-13T07:10:01.009+0000] {override.py:1829} INFO - Created Permission View: can delete on DAG:consume_1_or_both_2_and_3_with_dataset_expressions
[2024-07-13T07:10:01.011+0000] {logging_mixin.py:188} INFO - [2024-07-13T07:10:01.011+0000] {override.py:1829} INFO - Created Permission View: can read on DAG:consume_1_or_both_2_and_3_with_dataset_expressions
[2024-07-13T07:10:01.015+0000] {logging_mixin.py:188} INFO - [2024-07-13T07:10:01.015+0000] {override.py:1829} INFO - Created Permission View: can edit on DAG:dataset_consumes_1_never_scheduled
[2024-07-13T07:10:01.018+0000] {logging_mixin.py:188} INFO - [2024-07-13T07:10:01.018+0000] {override.py:1829} INFO - Created Permission View: can delete on DAG:dataset_consumes_1_never_scheduled
[2024-07-13T07:10:01.020+0000] {logging_mixin.py:188} INFO - [2024-07-13T07:10:01.019+0000] {override.py:1829} INFO - Created Permission View: can read on DAG:dataset_consumes_1_never_scheduled
[2024-07-13T07:10:01.024+0000] {logging_mixin.py:188} INFO - [2024-07-13T07:10:01.024+0000] {override.py:1829} INFO - Created Permission View: can edit on DAG:conditional_dataset_and_time_based_timetable
[2024-07-13T07:10:01.026+0000] {logging_mixin.py:188} INFO - [2024-07-13T07:10:01.026+0000] {override.py:1829} INFO - Created Permission View: can delete on DAG:conditional_dataset_and_time_based_timetable
[2024-07-13T07:10:01.028+0000] {logging_mixin.py:188} INFO - [2024-07-13T07:10:01.028+0000] {override.py:1829} INFO - Created Permission View: can read on DAG:conditional_dataset_and_time_based_timetable
[2024-07-13T07:10:01.032+0000] {logging_mixin.py:188} INFO - [2024-07-13T07:10:01.032+0000] {override.py:1829} INFO - Created Permission View: can edit on DAG:consume_1_or_2_with_dataset_expressions
[2024-07-13T07:10:01.035+0000] {logging_mixin.py:188} INFO - [2024-07-13T07:10:01.035+0000] {override.py:1829} INFO - Created Permission View: can delete on DAG:consume_1_or_2_with_dataset_expressions
[2024-07-13T07:10:01.037+0000] {logging_mixin.py:188} INFO - [2024-07-13T07:10:01.037+0000] {override.py:1829} INFO - Created Permission View: can read on DAG:consume_1_or_2_with_dataset_expressions
[2024-07-13T07:10:01.042+0000] {logging_mixin.py:188} INFO - [2024-07-13T07:10:01.041+0000] {override.py:1829} INFO - Created Permission View: can edit on DAG:dataset_produces_2
[2024-07-13T07:10:01.044+0000] {logging_mixin.py:188} INFO - [2024-07-13T07:10:01.044+0000] {override.py:1829} INFO - Created Permission View: can delete on DAG:dataset_produces_2
[2024-07-13T07:10:01.046+0000] {logging_mixin.py:188} INFO - [2024-07-13T07:10:01.046+0000] {override.py:1829} INFO - Created Permission View: can read on DAG:dataset_produces_2
[2024-07-13T07:10:01.051+0000] {logging_mixin.py:188} INFO - [2024-07-13T07:10:01.051+0000] {override.py:1829} INFO - Created Permission View: can edit on DAG:dataset_produces_1
[2024-07-13T07:10:01.054+0000] {logging_mixin.py:188} INFO - [2024-07-13T07:10:01.054+0000] {override.py:1829} INFO - Created Permission View: can delete on DAG:dataset_produces_1
[2024-07-13T07:10:01.056+0000] {logging_mixin.py:188} INFO - [2024-07-13T07:10:01.056+0000] {override.py:1829} INFO - Created Permission View: can read on DAG:dataset_produces_1
[2024-07-13T07:10:01.057+0000] {logging_mixin.py:188} INFO - [2024-07-13T07:10:01.057+0000] {dag.py:3096} INFO - Sync 10 DAGs
[2024-07-13T07:10:01.062+0000] {logging_mixin.py:188} INFO - [2024-07-13T07:10:01.062+0000] {dag.py:3118} INFO - Creating ORM DAG for consume_1_or_both_2_and_3_with_dataset_expressions
[2024-07-13T07:10:01.062+0000] {logging_mixin.py:188} INFO - [2024-07-13T07:10:01.062+0000] {dag.py:3118} INFO - Creating ORM DAG for consume_1_or_2_with_dataset_expressions
[2024-07-13T07:10:01.062+0000] {logging_mixin.py:188} INFO - [2024-07-13T07:10:01.062+0000] {dag.py:3118} INFO - Creating ORM DAG for dataset_consumes_unknown_never_scheduled
[2024-07-13T07:10:01.063+0000] {logging_mixin.py:188} INFO - [2024-07-13T07:10:01.063+0000] {dag.py:3118} INFO - Creating ORM DAG for dataset_consumes_1
[2024-07-13T07:10:01.064+0000] {logging_mixin.py:188} INFO - [2024-07-13T07:10:01.064+0000] {dag.py:3118} INFO - Creating ORM DAG for dataset_produces_2
[2024-07-13T07:10:01.064+0000] {logging_mixin.py:188} INFO - [2024-07-13T07:10:01.064+0000] {dag.py:3118} INFO - Creating ORM DAG for conditional_dataset_and_time_based_timetable
[2024-07-13T07:10:01.064+0000] {logging_mixin.py:188} INFO - [2024-07-13T07:10:01.064+0000] {dag.py:3118} INFO - Creating ORM DAG for dataset_produces_1
[2024-07-13T07:10:01.065+0000] {logging_mixin.py:188} INFO - [2024-07-13T07:10:01.065+0000] {dag.py:3118} INFO - Creating ORM DAG for dataset_consumes_1_never_scheduled
[2024-07-13T07:10:01.065+0000] {logging_mixin.py:188} INFO - [2024-07-13T07:10:01.065+0000] {dag.py:3118} INFO - Creating ORM DAG for consume_1_and_2_with_dataset_expressions
[2024-07-13T07:10:01.065+0000] {logging_mixin.py:188} INFO - [2024-07-13T07:10:01.065+0000] {dag.py:3118} INFO - Creating ORM DAG for dataset_consumes_1_and_2
[2024-07-13T07:10:01.070+0000] {logging_mixin.py:188} INFO - [2024-07-13T07:10:01.070+0000] {dag.py:3954} INFO - Setting next_dagrun for conditional_dataset_and_time_based_timetable to 2024-07-10 01:00:00+00:00, run_after=2024-07-10 01:00:00+00:00
[2024-07-13T07:10:01.070+0000] {logging_mixin.py:188} INFO - [2024-07-13T07:10:01.070+0000] {dag.py:3954} INFO - Setting next_dagrun for consume_1_and_2_with_dataset_expressions to None, run_after=None
[2024-07-13T07:10:01.070+0000] {logging_mixin.py:188} INFO - [2024-07-13T07:10:01.070+0000] {dag.py:3954} INFO - Setting next_dagrun for consume_1_or_2_with_dataset_expressions to None, run_after=None
[2024-07-13T07:10:01.071+0000] {logging_mixin.py:188} INFO - [2024-07-13T07:10:01.071+0000] {dag.py:3954} INFO - Setting next_dagrun for consume_1_or_both_2_and_3_with_dataset_expressions to None, run_after=None
[2024-07-13T07:10:01.071+0000] {logging_mixin.py:188} INFO - [2024-07-13T07:10:01.071+0000] {dag.py:3954} INFO - Setting next_dagrun for dataset_consumes_1 to None, run_after=None
[2024-07-13T07:10:01.071+0000] {logging_mixin.py:188} INFO - [2024-07-13T07:10:01.071+0000] {dag.py:3954} INFO - Setting next_dagrun for dataset_consumes_1_and_2 to None, run_after=None
[2024-07-13T07:10:01.072+0000] {logging_mixin.py:188} INFO - [2024-07-13T07:10:01.071+0000] {dag.py:3954} INFO - Setting next_dagrun for dataset_consumes_1_never_scheduled to None, run_after=None
[2024-07-13T07:10:01.072+0000] {logging_mixin.py:188} INFO - [2024-07-13T07:10:01.072+0000] {dag.py:3954} INFO - Setting next_dagrun for dataset_consumes_unknown_never_scheduled to None, run_after=None
[2024-07-13T07:10:01.072+0000] {logging_mixin.py:188} INFO - [2024-07-13T07:10:01.072+0000] {dag.py:3954} INFO - Setting next_dagrun for dataset_produces_1 to 2024-07-12 00:00:00+00:00, run_after=2024-07-13 00:00:00+00:00
[2024-07-13T07:10:01.073+0000] {logging_mixin.py:188} INFO - [2024-07-13T07:10:01.073+0000] {dag.py:3954} INFO - Setting next_dagrun for dataset_produces_2 to None, run_after=None
[2024-07-13T07:10:01.089+0000] {processor.py:183} INFO - Processing /home/airflow/.local/lib/python3.12/site-packages/airflow/example_dags/example_datasets.py took 0.176 seconds
[2024-07-13T07:10:31.166+0000] {processor.py:161} INFO - Started process (PID=92) to work on /home/airflow/.local/lib/python3.12/site-packages/airflow/example_dags/example_datasets.py
[2024-07-13T07:10:31.167+0000] {processor.py:830} INFO - Processing file /home/airflow/.local/lib/python3.12/site-packages/airflow/example_dags/example_datasets.py for tasks to queue
[2024-07-13T07:10:31.168+0000] {logging_mixin.py:188} INFO - [2024-07-13T07:10:31.168+0000] {dagbag.py:545} INFO - Filling up the DagBag from /home/airflow/.local/lib/python3.12/site-packages/airflow/example_dags/example_datasets.py
[2024-07-13T07:10:31.173+0000] {processor.py:840} INFO - DAG(s) 'dataset_consumes_unknown_never_scheduled', 'conditional_dataset_and_time_based_timetable', 'consume_1_or_both_2_and_3_with_dataset_expressions', 'dataset_produces_1', 'consume_1_and_2_with_dataset_expressions', 'consume_1_or_2_with_dataset_expressions', 'dataset_consumes_1', 'dataset_consumes_1_never_scheduled', 'dataset_produces_2', 'dataset_consumes_1_and_2' retrieved from /home/airflow/.local/lib/python3.12/site-packages/airflow/example_dags/example_datasets.py
[2024-07-13T07:10:31.188+0000] {logging_mixin.py:188} INFO - [2024-07-13T07:10:31.187+0000] {dag.py:3096} INFO - Sync 10 DAGs
[2024-07-13T07:10:31.197+0000] {logging_mixin.py:188} INFO - [2024-07-13T07:10:31.197+0000] {dag.py:3954} INFO - Setting next_dagrun for conditional_dataset_and_time_based_timetable to 2024-07-10 01:00:00+00:00, run_after=2024-07-10 01:00:00+00:00
[2024-07-13T07:10:31.198+0000] {logging_mixin.py:188} INFO - [2024-07-13T07:10:31.198+0000] {dag.py:3954} INFO - Setting next_dagrun for consume_1_and_2_with_dataset_expressions to None, run_after=None
[2024-07-13T07:10:31.200+0000] {logging_mixin.py:188} INFO - [2024-07-13T07:10:31.200+0000] {dag.py:3954} INFO - Setting next_dagrun for consume_1_or_2_with_dataset_expressions to None, run_after=None
[2024-07-13T07:10:31.201+0000] {logging_mixin.py:188} INFO - [2024-07-13T07:10:31.201+0000] {dag.py:3954} INFO - Setting next_dagrun for consume_1_or_both_2_and_3_with_dataset_expressions to None, run_after=None
[2024-07-13T07:10:31.201+0000] {logging_mixin.py:188} INFO - [2024-07-13T07:10:31.201+0000] {dag.py:3954} INFO - Setting next_dagrun for dataset_consumes_1 to None, run_after=None
[2024-07-13T07:10:31.202+0000] {logging_mixin.py:188} INFO - [2024-07-13T07:10:31.202+0000] {dag.py:3954} INFO - Setting next_dagrun for dataset_consumes_1_and_2 to None, run_after=None
[2024-07-13T07:10:31.203+0000] {logging_mixin.py:188} INFO - [2024-07-13T07:10:31.202+0000] {dag.py:3954} INFO - Setting next_dagrun for dataset_consumes_1_never_scheduled to None, run_after=None
[2024-07-13T07:10:31.203+0000] {logging_mixin.py:188} INFO - [2024-07-13T07:10:31.203+0000] {dag.py:3954} INFO - Setting next_dagrun for dataset_consumes_unknown_never_scheduled to None, run_after=None
[2024-07-13T07:10:31.204+0000] {logging_mixin.py:188} INFO - [2024-07-13T07:10:31.204+0000] {dag.py:3954} INFO - Setting next_dagrun for dataset_produces_1 to 2024-07-12 00:00:00+00:00, run_after=2024-07-13 00:00:00+00:00
[2024-07-13T07:10:31.205+0000] {logging_mixin.py:188} INFO - [2024-07-13T07:10:31.205+0000] {dag.py:3954} INFO - Setting next_dagrun for dataset_produces_2 to None, run_after=None
[2024-07-13T07:10:31.214+0000] {processor.py:183} INFO - Processing /home/airflow/.local/lib/python3.12/site-packages/airflow/example_dags/example_datasets.py took 0.050 seconds
[2024-07-13T07:11:01.501+0000] {processor.py:161} INFO - Started process (PID=150) to work on /home/airflow/.local/lib/python3.12/site-packages/airflow/example_dags/example_datasets.py
[2024-07-13T07:11:01.502+0000] {processor.py:830} INFO - Processing file /home/airflow/.local/lib/python3.12/site-packages/airflow/example_dags/example_datasets.py for tasks to queue
[2024-07-13T07:11:01.502+0000] {logging_mixin.py:188} INFO - [2024-07-13T07:11:01.502+0000] {dagbag.py:545} INFO - Filling up the DagBag from /home/airflow/.local/lib/python3.12/site-packages/airflow/example_dags/example_datasets.py
[2024-07-13T07:11:01.508+0000] {processor.py:840} INFO - DAG(s) 'dataset_produces_2', 'dataset_consumes_1', 'dataset_consumes_1_and_2', 'dataset_produces_1', 'dataset_consumes_unknown_never_scheduled', 'conditional_dataset_and_time_based_timetable', 'consume_1_and_2_with_dataset_expressions', 'consume_1_or_both_2_and_3_with_dataset_expressions', 'dataset_consumes_1_never_scheduled', 'consume_1_or_2_with_dataset_expressions' retrieved from /home/airflow/.local/lib/python3.12/site-packages/airflow/example_dags/example_datasets.py
[2024-07-13T07:11:01.523+0000] {logging_mixin.py:188} INFO - [2024-07-13T07:11:01.523+0000] {dag.py:3096} INFO - Sync 10 DAGs
[2024-07-13T07:11:01.533+0000] {logging_mixin.py:188} INFO - [2024-07-13T07:11:01.533+0000] {dag.py:3954} INFO - Setting next_dagrun for conditional_dataset_and_time_based_timetable to 2024-07-10 01:00:00+00:00, run_after=2024-07-10 01:00:00+00:00
[2024-07-13T07:11:01.538+0000] {logging_mixin.py:188} INFO - [2024-07-13T07:11:01.538+0000] {dag.py:3954} INFO - Setting next_dagrun for consume_1_and_2_with_dataset_expressions to None, run_after=None
[2024-07-13T07:11:01.540+0000] {logging_mixin.py:188} INFO - [2024-07-13T07:11:01.540+0000] {dag.py:3954} INFO - Setting next_dagrun for consume_1_or_2_with_dataset_expressions to None, run_after=None
[2024-07-13T07:11:01.543+0000] {logging_mixin.py:188} INFO - [2024-07-13T07:11:01.543+0000] {dag.py:3954} INFO - Setting next_dagrun for consume_1_or_both_2_and_3_with_dataset_expressions to None, run_after=None
[2024-07-13T07:11:01.544+0000] {logging_mixin.py:188} INFO - [2024-07-13T07:11:01.544+0000] {dag.py:3954} INFO - Setting next_dagrun for dataset_consumes_1 to None, run_after=None
[2024-07-13T07:11:01.546+0000] {logging_mixin.py:188} INFO - [2024-07-13T07:11:01.545+0000] {dag.py:3954} INFO - Setting next_dagrun for dataset_consumes_1_and_2 to None, run_after=None
[2024-07-13T07:11:01.547+0000] {logging_mixin.py:188} INFO - [2024-07-13T07:11:01.546+0000] {dag.py:3954} INFO - Setting next_dagrun for dataset_consumes_1_never_scheduled to None, run_after=None
[2024-07-13T07:11:01.547+0000] {logging_mixin.py:188} INFO - [2024-07-13T07:11:01.547+0000] {dag.py:3954} INFO - Setting next_dagrun for dataset_consumes_unknown_never_scheduled to None, run_after=None
[2024-07-13T07:11:01.549+0000] {logging_mixin.py:188} INFO - [2024-07-13T07:11:01.549+0000] {dag.py:3954} INFO - Setting next_dagrun for dataset_produces_1 to 2024-07-12 00:00:00+00:00, run_after=2024-07-13 00:00:00+00:00
[2024-07-13T07:11:01.549+0000] {logging_mixin.py:188} INFO - [2024-07-13T07:11:01.549+0000] {dag.py:3954} INFO - Setting next_dagrun for dataset_produces_2 to None, run_after=None
[2024-07-13T07:11:01.562+0000] {processor.py:183} INFO - Processing /home/airflow/.local/lib/python3.12/site-packages/airflow/example_dags/example_datasets.py took 0.063 seconds
[2024-07-13T07:11:31.830+0000] {processor.py:161} INFO - Started process (PID=208) to work on /home/airflow/.local/lib/python3.12/site-packages/airflow/example_dags/example_datasets.py
[2024-07-13T07:11:31.830+0000] {processor.py:830} INFO - Processing file /home/airflow/.local/lib/python3.12/site-packages/airflow/example_dags/example_datasets.py for tasks to queue
[2024-07-13T07:11:31.831+0000] {logging_mixin.py:188} INFO - [2024-07-13T07:11:31.831+0000] {dagbag.py:545} INFO - Filling up the DagBag from /home/airflow/.local/lib/python3.12/site-packages/airflow/example_dags/example_datasets.py
[2024-07-13T07:11:31.837+0000] {processor.py:840} INFO - DAG(s) 'consume_1_or_2_with_dataset_expressions', 'dataset_produces_1', 'consume_1_or_both_2_and_3_with_dataset_expressions', 'dataset_consumes_1_never_scheduled', 'dataset_consumes_unknown_never_scheduled', 'consume_1_and_2_with_dataset_expressions', 'dataset_produces_2', 'conditional_dataset_and_time_based_timetable', 'dataset_consumes_1', 'dataset_consumes_1_and_2' retrieved from /home/airflow/.local/lib/python3.12/site-packages/airflow/example_dags/example_datasets.py
[2024-07-13T07:11:31.853+0000] {logging_mixin.py:188} INFO - [2024-07-13T07:11:31.853+0000] {dag.py:3096} INFO - Sync 10 DAGs
[2024-07-13T07:11:31.863+0000] {logging_mixin.py:188} INFO - [2024-07-13T07:11:31.863+0000] {dag.py:3954} INFO - Setting next_dagrun for conditional_dataset_and_time_based_timetable to 2024-07-10 01:00:00+00:00, run_after=2024-07-10 01:00:00+00:00
[2024-07-13T07:11:31.865+0000] {logging_mixin.py:188} INFO - [2024-07-13T07:11:31.865+0000] {dag.py:3954} INFO - Setting next_dagrun for consume_1_and_2_with_dataset_expressions to None, run_after=None
[2024-07-13T07:11:31.865+0000] {logging_mixin.py:188} INFO - [2024-07-13T07:11:31.865+0000] {dag.py:3954} INFO - Setting next_dagrun for consume_1_or_2_with_dataset_expressions to None, run_after=None
[2024-07-13T07:11:31.866+0000] {logging_mixin.py:188} INFO - [2024-07-13T07:11:31.866+0000] {dag.py:3954} INFO - Setting next_dagrun for consume_1_or_both_2_and_3_with_dataset_expressions to None, run_after=None
[2024-07-13T07:11:31.866+0000] {logging_mixin.py:188} INFO - [2024-07-13T07:11:31.866+0000] {dag.py:3954} INFO - Setting next_dagrun for dataset_consumes_1 to None, run_after=None
[2024-07-13T07:11:31.867+0000] {logging_mixin.py:188} INFO - [2024-07-13T07:11:31.867+0000] {dag.py:3954} INFO - Setting next_dagrun for dataset_consumes_1_and_2 to None, run_after=None
[2024-07-13T07:11:31.867+0000] {logging_mixin.py:188} INFO - [2024-07-13T07:11:31.867+0000] {dag.py:3954} INFO - Setting next_dagrun for dataset_consumes_1_never_scheduled to None, run_after=None
[2024-07-13T07:11:31.868+0000] {logging_mixin.py:188} INFO - [2024-07-13T07:11:31.867+0000] {dag.py:3954} INFO - Setting next_dagrun for dataset_consumes_unknown_never_scheduled to None, run_after=None
[2024-07-13T07:11:31.868+0000] {logging_mixin.py:188} INFO - [2024-07-13T07:11:31.868+0000] {dag.py:3954} INFO - Setting next_dagrun for dataset_produces_1 to 2024-07-12 00:00:00+00:00, run_after=2024-07-13 00:00:00+00:00
[2024-07-13T07:11:31.869+0000] {logging_mixin.py:188} INFO - [2024-07-13T07:11:31.869+0000] {dag.py:3954} INFO - Setting next_dagrun for dataset_produces_2 to None, run_after=None
[2024-07-13T07:11:31.879+0000] {processor.py:183} INFO - Processing /home/airflow/.local/lib/python3.12/site-packages/airflow/example_dags/example_datasets.py took 0.052 seconds
