[2024-07-13T07:10:02.270+0000] {processor.py:161} INFO - Started process (PID=57) to work on /home/airflow/.local/lib/python3.12/site-packages/airflow/example_dags/example_task_group.py
[2024-07-13T07:10:02.272+0000] {processor.py:830} INFO - Processing file /home/airflow/.local/lib/python3.12/site-packages/airflow/example_dags/example_task_group.py for tasks to queue
[2024-07-13T07:10:02.275+0000] {logging_mixin.py:188} INFO - [2024-07-13T07:10:02.274+0000] {dagbag.py:545} INFO - Filling up the DagBag from /home/airflow/.local/lib/python3.12/site-packages/airflow/example_dags/example_task_group.py
[2024-07-13T07:10:02.288+0000] {processor.py:840} INFO - DAG(s) 'example_task_group' retrieved from /home/airflow/.local/lib/python3.12/site-packages/airflow/example_dags/example_task_group.py
[2024-07-13T07:10:02.342+0000] {logging_mixin.py:188} INFO - [2024-07-13T07:10:02.341+0000] {override.py:1829} INFO - Created Permission View: can edit on DAG:example_task_group
[2024-07-13T07:10:02.350+0000] {logging_mixin.py:188} INFO - [2024-07-13T07:10:02.350+0000] {override.py:1829} INFO - Created Permission View: can delete on DAG:example_task_group
[2024-07-13T07:10:02.354+0000] {logging_mixin.py:188} INFO - [2024-07-13T07:10:02.354+0000] {override.py:1829} INFO - Created Permission View: can read on DAG:example_task_group
[2024-07-13T07:10:02.355+0000] {logging_mixin.py:188} INFO - [2024-07-13T07:10:02.355+0000] {dag.py:3096} INFO - Sync 1 DAGs
[2024-07-13T07:10:02.364+0000] {logging_mixin.py:188} INFO - [2024-07-13T07:10:02.364+0000] {dag.py:3118} INFO - Creating ORM DAG for example_task_group
[2024-07-13T07:10:02.376+0000] {logging_mixin.py:188} INFO - [2024-07-13T07:10:02.375+0000] {dag.py:3954} INFO - Setting next_dagrun for example_task_group to 2024-07-12 00:00:00+00:00, run_after=2024-07-13 00:00:00+00:00
[2024-07-13T07:10:02.388+0000] {processor.py:183} INFO - Processing /home/airflow/.local/lib/python3.12/site-packages/airflow/example_dags/example_task_group.py took 0.122 seconds
[2024-07-13T07:10:32.672+0000] {processor.py:161} INFO - Started process (PID=115) to work on /home/airflow/.local/lib/python3.12/site-packages/airflow/example_dags/example_task_group.py
[2024-07-13T07:10:32.673+0000] {processor.py:830} INFO - Processing file /home/airflow/.local/lib/python3.12/site-packages/airflow/example_dags/example_task_group.py for tasks to queue
[2024-07-13T07:10:32.673+0000] {logging_mixin.py:188} INFO - [2024-07-13T07:10:32.673+0000] {dagbag.py:545} INFO - Filling up the DagBag from /home/airflow/.local/lib/python3.12/site-packages/airflow/example_dags/example_task_group.py
[2024-07-13T07:10:32.676+0000] {processor.py:840} INFO - DAG(s) 'example_task_group' retrieved from /home/airflow/.local/lib/python3.12/site-packages/airflow/example_dags/example_task_group.py
[2024-07-13T07:10:32.684+0000] {logging_mixin.py:188} INFO - [2024-07-13T07:10:32.684+0000] {dag.py:3096} INFO - Sync 1 DAGs
[2024-07-13T07:10:32.692+0000] {logging_mixin.py:188} INFO - [2024-07-13T07:10:32.692+0000] {dag.py:3954} INFO - Setting next_dagrun for example_task_group to 2024-07-12 00:00:00+00:00, run_after=2024-07-13 00:00:00+00:00
[2024-07-13T07:10:32.698+0000] {processor.py:183} INFO - Processing /home/airflow/.local/lib/python3.12/site-packages/airflow/example_dags/example_task_group.py took 0.028 seconds
[2024-07-13T07:11:02.981+0000] {processor.py:161} INFO - Started process (PID=173) to work on /home/airflow/.local/lib/python3.12/site-packages/airflow/example_dags/example_task_group.py
[2024-07-13T07:11:02.982+0000] {processor.py:830} INFO - Processing file /home/airflow/.local/lib/python3.12/site-packages/airflow/example_dags/example_task_group.py for tasks to queue
[2024-07-13T07:11:02.982+0000] {logging_mixin.py:188} INFO - [2024-07-13T07:11:02.982+0000] {dagbag.py:545} INFO - Filling up the DagBag from /home/airflow/.local/lib/python3.12/site-packages/airflow/example_dags/example_task_group.py
[2024-07-13T07:11:02.985+0000] {processor.py:840} INFO - DAG(s) 'example_task_group' retrieved from /home/airflow/.local/lib/python3.12/site-packages/airflow/example_dags/example_task_group.py
[2024-07-13T07:11:02.993+0000] {logging_mixin.py:188} INFO - [2024-07-13T07:11:02.993+0000] {dag.py:3096} INFO - Sync 1 DAGs
[2024-07-13T07:11:03.003+0000] {logging_mixin.py:188} INFO - [2024-07-13T07:11:03.003+0000] {dag.py:3954} INFO - Setting next_dagrun for example_task_group to 2024-07-12 00:00:00+00:00, run_after=2024-07-13 00:00:00+00:00
[2024-07-13T07:11:03.009+0000] {processor.py:183} INFO - Processing /home/airflow/.local/lib/python3.12/site-packages/airflow/example_dags/example_task_group.py took 0.029 seconds
[2024-07-13T07:11:33.318+0000] {processor.py:161} INFO - Started process (PID=231) to work on /home/airflow/.local/lib/python3.12/site-packages/airflow/example_dags/example_task_group.py
[2024-07-13T07:11:33.319+0000] {processor.py:830} INFO - Processing file /home/airflow/.local/lib/python3.12/site-packages/airflow/example_dags/example_task_group.py for tasks to queue
[2024-07-13T07:11:33.319+0000] {logging_mixin.py:188} INFO - [2024-07-13T07:11:33.319+0000] {dagbag.py:545} INFO - Filling up the DagBag from /home/airflow/.local/lib/python3.12/site-packages/airflow/example_dags/example_task_group.py
[2024-07-13T07:11:33.322+0000] {processor.py:840} INFO - DAG(s) 'example_task_group' retrieved from /home/airflow/.local/lib/python3.12/site-packages/airflow/example_dags/example_task_group.py
[2024-07-13T07:11:33.330+0000] {logging_mixin.py:188} INFO - [2024-07-13T07:11:33.330+0000] {dag.py:3096} INFO - Sync 1 DAGs
[2024-07-13T07:11:33.338+0000] {logging_mixin.py:188} INFO - [2024-07-13T07:11:33.338+0000] {dag.py:3954} INFO - Setting next_dagrun for example_task_group to 2024-07-12 00:00:00+00:00, run_after=2024-07-13 00:00:00+00:00
[2024-07-13T07:11:33.344+0000] {processor.py:183} INFO - Processing /home/airflow/.local/lib/python3.12/site-packages/airflow/example_dags/example_task_group.py took 0.028 seconds
