[2024-07-13T07:10:02.765+0000] {processor.py:161} INFO - Started process (PID=67) to work on /home/airflow/.local/lib/python3.12/site-packages/airflow/example_dags/example_latest_only_with_trigger.py
[2024-07-13T07:10:02.765+0000] {processor.py:830} INFO - Processing file /home/airflow/.local/lib/python3.12/site-packages/airflow/example_dags/example_latest_only_with_trigger.py for tasks to queue
[2024-07-13T07:10:02.766+0000] {logging_mixin.py:188} INFO - [2024-07-13T07:10:02.766+0000] {dagbag.py:545} INFO - Filling up the DagBag from /home/airflow/.local/lib/python3.12/site-packages/airflow/example_dags/example_latest_only_with_trigger.py
[2024-07-13T07:10:02.769+0000] {processor.py:840} INFO - DAG(s) 'latest_only_with_trigger' retrieved from /home/airflow/.local/lib/python3.12/site-packages/airflow/example_dags/example_latest_only_with_trigger.py
[2024-07-13T07:10:02.811+0000] {logging_mixin.py:188} INFO - [2024-07-13T07:10:02.811+0000] {override.py:1829} INFO - Created Permission View: can edit on DAG:latest_only_with_trigger
[2024-07-13T07:10:02.815+0000] {logging_mixin.py:188} INFO - [2024-07-13T07:10:02.815+0000] {override.py:1829} INFO - Created Permission View: can delete on DAG:latest_only_with_trigger
[2024-07-13T07:10:02.817+0000] {logging_mixin.py:188} INFO - [2024-07-13T07:10:02.817+0000] {override.py:1829} INFO - Created Permission View: can read on DAG:latest_only_with_trigger
[2024-07-13T07:10:02.817+0000] {logging_mixin.py:188} INFO - [2024-07-13T07:10:02.817+0000] {dag.py:3096} INFO - Sync 1 DAGs
[2024-07-13T07:10:02.821+0000] {logging_mixin.py:188} INFO - [2024-07-13T07:10:02.821+0000] {dag.py:3118} INFO - Creating ORM DAG for latest_only_with_trigger
[2024-07-13T07:10:02.825+0000] {logging_mixin.py:188} INFO - [2024-07-13T07:10:02.825+0000] {dag.py:3954} INFO - Setting next_dagrun for latest_only_with_trigger to 2024-07-13 00:00:00+00:00, run_after=2024-07-13 04:00:00+00:00
[2024-07-13T07:10:02.830+0000] {processor.py:183} INFO - Processing /home/airflow/.local/lib/python3.12/site-packages/airflow/example_dags/example_latest_only_with_trigger.py took 0.067 seconds
[2024-07-13T07:10:32.849+0000] {processor.py:161} INFO - Started process (PID=125) to work on /home/airflow/.local/lib/python3.12/site-packages/airflow/example_dags/example_latest_only_with_trigger.py
[2024-07-13T07:10:32.850+0000] {processor.py:830} INFO - Processing file /home/airflow/.local/lib/python3.12/site-packages/airflow/example_dags/example_latest_only_with_trigger.py for tasks to queue
[2024-07-13T07:10:32.850+0000] {logging_mixin.py:188} INFO - [2024-07-13T07:10:32.850+0000] {dagbag.py:545} INFO - Filling up the DagBag from /home/airflow/.local/lib/python3.12/site-packages/airflow/example_dags/example_latest_only_with_trigger.py
[2024-07-13T07:10:32.853+0000] {processor.py:840} INFO - DAG(s) 'latest_only_with_trigger' retrieved from /home/airflow/.local/lib/python3.12/site-packages/airflow/example_dags/example_latest_only_with_trigger.py
[2024-07-13T07:10:32.861+0000] {logging_mixin.py:188} INFO - [2024-07-13T07:10:32.861+0000] {dag.py:3096} INFO - Sync 1 DAGs
[2024-07-13T07:10:32.869+0000] {logging_mixin.py:188} INFO - [2024-07-13T07:10:32.869+0000] {dag.py:3954} INFO - Setting next_dagrun for latest_only_with_trigger to 2024-07-13 00:00:00+00:00, run_after=2024-07-13 04:00:00+00:00
[2024-07-13T07:10:32.875+0000] {processor.py:183} INFO - Processing /home/airflow/.local/lib/python3.12/site-packages/airflow/example_dags/example_latest_only_with_trigger.py took 0.028 seconds
[2024-07-13T07:11:03.202+0000] {processor.py:161} INFO - Started process (PID=183) to work on /home/airflow/.local/lib/python3.12/site-packages/airflow/example_dags/example_latest_only_with_trigger.py
[2024-07-13T07:11:03.203+0000] {processor.py:830} INFO - Processing file /home/airflow/.local/lib/python3.12/site-packages/airflow/example_dags/example_latest_only_with_trigger.py for tasks to queue
[2024-07-13T07:11:03.203+0000] {logging_mixin.py:188} INFO - [2024-07-13T07:11:03.203+0000] {dagbag.py:545} INFO - Filling up the DagBag from /home/airflow/.local/lib/python3.12/site-packages/airflow/example_dags/example_latest_only_with_trigger.py
[2024-07-13T07:11:03.206+0000] {processor.py:840} INFO - DAG(s) 'latest_only_with_trigger' retrieved from /home/airflow/.local/lib/python3.12/site-packages/airflow/example_dags/example_latest_only_with_trigger.py
[2024-07-13T07:11:03.213+0000] {logging_mixin.py:188} INFO - [2024-07-13T07:11:03.213+0000] {dag.py:3096} INFO - Sync 1 DAGs
[2024-07-13T07:11:03.221+0000] {logging_mixin.py:188} INFO - [2024-07-13T07:11:03.221+0000] {dag.py:3954} INFO - Setting next_dagrun for latest_only_with_trigger to 2024-07-13 00:00:00+00:00, run_after=2024-07-13 04:00:00+00:00
[2024-07-13T07:11:03.227+0000] {processor.py:183} INFO - Processing /home/airflow/.local/lib/python3.12/site-packages/airflow/example_dags/example_latest_only_with_trigger.py took 0.027 seconds
[2024-07-13T07:11:33.514+0000] {processor.py:161} INFO - Started process (PID=241) to work on /home/airflow/.local/lib/python3.12/site-packages/airflow/example_dags/example_latest_only_with_trigger.py
[2024-07-13T07:11:33.514+0000] {processor.py:830} INFO - Processing file /home/airflow/.local/lib/python3.12/site-packages/airflow/example_dags/example_latest_only_with_trigger.py for tasks to queue
[2024-07-13T07:11:33.515+0000] {logging_mixin.py:188} INFO - [2024-07-13T07:11:33.515+0000] {dagbag.py:545} INFO - Filling up the DagBag from /home/airflow/.local/lib/python3.12/site-packages/airflow/example_dags/example_latest_only_with_trigger.py
[2024-07-13T07:11:33.517+0000] {processor.py:840} INFO - DAG(s) 'latest_only_with_trigger' retrieved from /home/airflow/.local/lib/python3.12/site-packages/airflow/example_dags/example_latest_only_with_trigger.py
[2024-07-13T07:11:33.525+0000] {logging_mixin.py:188} INFO - [2024-07-13T07:11:33.525+0000] {dag.py:3096} INFO - Sync 1 DAGs
[2024-07-13T07:11:33.533+0000] {logging_mixin.py:188} INFO - [2024-07-13T07:11:33.533+0000] {dag.py:3954} INFO - Setting next_dagrun for latest_only_with_trigger to 2024-07-13 00:00:00+00:00, run_after=2024-07-13 04:00:00+00:00
[2024-07-13T07:11:33.540+0000] {processor.py:183} INFO - Processing /home/airflow/.local/lib/python3.12/site-packages/airflow/example_dags/example_latest_only_with_trigger.py took 0.028 seconds
