[2024-07-13T07:10:01.761+0000] {processor.py:161} INFO - Started process (PID=48) to work on /home/airflow/.local/lib/python3.12/site-packages/airflow/example_dags/example_short_circuit_decorator.py
[2024-07-13T07:10:01.762+0000] {processor.py:830} INFO - Processing file /home/airflow/.local/lib/python3.12/site-packages/airflow/example_dags/example_short_circuit_decorator.py for tasks to queue
[2024-07-13T07:10:01.764+0000] {logging_mixin.py:188} INFO - [2024-07-13T07:10:01.764+0000] {dagbag.py:545} INFO - Filling up the DagBag from /home/airflow/.local/lib/python3.12/site-packages/airflow/example_dags/example_short_circuit_decorator.py
[2024-07-13T07:10:01.770+0000] {processor.py:840} INFO - DAG(s) 'example_short_circuit_decorator' retrieved from /home/airflow/.local/lib/python3.12/site-packages/airflow/example_dags/example_short_circuit_decorator.py
[2024-07-13T07:10:01.817+0000] {logging_mixin.py:188} INFO - [2024-07-13T07:10:01.817+0000] {override.py:1829} INFO - Created Permission View: can edit on DAG:example_short_circuit_decorator
[2024-07-13T07:10:01.821+0000] {logging_mixin.py:188} INFO - [2024-07-13T07:10:01.821+0000] {override.py:1829} INFO - Created Permission View: can delete on DAG:example_short_circuit_decorator
[2024-07-13T07:10:01.824+0000] {logging_mixin.py:188} INFO - [2024-07-13T07:10:01.823+0000] {override.py:1829} INFO - Created Permission View: can read on DAG:example_short_circuit_decorator
[2024-07-13T07:10:01.824+0000] {logging_mixin.py:188} INFO - [2024-07-13T07:10:01.824+0000] {dag.py:3096} INFO - Sync 1 DAGs
[2024-07-13T07:10:01.829+0000] {logging_mixin.py:188} INFO - [2024-07-13T07:10:01.829+0000] {dag.py:3118} INFO - Creating ORM DAG for example_short_circuit_decorator
[2024-07-13T07:10:01.836+0000] {logging_mixin.py:188} INFO - [2024-07-13T07:10:01.836+0000] {dag.py:3954} INFO - Setting next_dagrun for example_short_circuit_decorator to 2024-07-12 00:00:00+00:00, run_after=2024-07-13 00:00:00+00:00
[2024-07-13T07:10:01.847+0000] {processor.py:183} INFO - Processing /home/airflow/.local/lib/python3.12/site-packages/airflow/example_dags/example_short_circuit_decorator.py took 0.088 seconds
[2024-07-13T07:10:32.502+0000] {processor.py:161} INFO - Started process (PID=106) to work on /home/airflow/.local/lib/python3.12/site-packages/airflow/example_dags/example_short_circuit_decorator.py
[2024-07-13T07:10:32.502+0000] {processor.py:830} INFO - Processing file /home/airflow/.local/lib/python3.12/site-packages/airflow/example_dags/example_short_circuit_decorator.py for tasks to queue
[2024-07-13T07:10:32.503+0000] {logging_mixin.py:188} INFO - [2024-07-13T07:10:32.503+0000] {dagbag.py:545} INFO - Filling up the DagBag from /home/airflow/.local/lib/python3.12/site-packages/airflow/example_dags/example_short_circuit_decorator.py
[2024-07-13T07:10:32.506+0000] {processor.py:840} INFO - DAG(s) 'example_short_circuit_decorator' retrieved from /home/airflow/.local/lib/python3.12/site-packages/airflow/example_dags/example_short_circuit_decorator.py
[2024-07-13T07:10:32.514+0000] {logging_mixin.py:188} INFO - [2024-07-13T07:10:32.514+0000] {dag.py:3096} INFO - Sync 1 DAGs
[2024-07-13T07:10:32.521+0000] {logging_mixin.py:188} INFO - [2024-07-13T07:10:32.521+0000] {dag.py:3954} INFO - Setting next_dagrun for example_short_circuit_decorator to 2024-07-12 00:00:00+00:00, run_after=2024-07-13 00:00:00+00:00
[2024-07-13T07:10:32.528+0000] {processor.py:183} INFO - Processing /home/airflow/.local/lib/python3.12/site-packages/airflow/example_dags/example_short_circuit_decorator.py took 0.028 seconds
[2024-07-13T07:11:02.814+0000] {processor.py:161} INFO - Started process (PID=164) to work on /home/airflow/.local/lib/python3.12/site-packages/airflow/example_dags/example_short_circuit_decorator.py
[2024-07-13T07:11:02.815+0000] {processor.py:830} INFO - Processing file /home/airflow/.local/lib/python3.12/site-packages/airflow/example_dags/example_short_circuit_decorator.py for tasks to queue
[2024-07-13T07:11:02.815+0000] {logging_mixin.py:188} INFO - [2024-07-13T07:11:02.815+0000] {dagbag.py:545} INFO - Filling up the DagBag from /home/airflow/.local/lib/python3.12/site-packages/airflow/example_dags/example_short_circuit_decorator.py
[2024-07-13T07:11:02.818+0000] {processor.py:840} INFO - DAG(s) 'example_short_circuit_decorator' retrieved from /home/airflow/.local/lib/python3.12/site-packages/airflow/example_dags/example_short_circuit_decorator.py
[2024-07-13T07:11:02.826+0000] {logging_mixin.py:188} INFO - [2024-07-13T07:11:02.826+0000] {dag.py:3096} INFO - Sync 1 DAGs
[2024-07-13T07:11:02.833+0000] {logging_mixin.py:188} INFO - [2024-07-13T07:11:02.833+0000] {dag.py:3954} INFO - Setting next_dagrun for example_short_circuit_decorator to 2024-07-12 00:00:00+00:00, run_after=2024-07-13 00:00:00+00:00
[2024-07-13T07:11:02.838+0000] {processor.py:183} INFO - Processing /home/airflow/.local/lib/python3.12/site-packages/airflow/example_dags/example_short_circuit_decorator.py took 0.026 seconds
[2024-07-13T07:11:33.138+0000] {processor.py:161} INFO - Started process (PID=222) to work on /home/airflow/.local/lib/python3.12/site-packages/airflow/example_dags/example_short_circuit_decorator.py
[2024-07-13T07:11:33.138+0000] {processor.py:830} INFO - Processing file /home/airflow/.local/lib/python3.12/site-packages/airflow/example_dags/example_short_circuit_decorator.py for tasks to queue
[2024-07-13T07:11:33.139+0000] {logging_mixin.py:188} INFO - [2024-07-13T07:11:33.139+0000] {dagbag.py:545} INFO - Filling up the DagBag from /home/airflow/.local/lib/python3.12/site-packages/airflow/example_dags/example_short_circuit_decorator.py
[2024-07-13T07:11:33.142+0000] {processor.py:840} INFO - DAG(s) 'example_short_circuit_decorator' retrieved from /home/airflow/.local/lib/python3.12/site-packages/airflow/example_dags/example_short_circuit_decorator.py
[2024-07-13T07:11:33.150+0000] {logging_mixin.py:188} INFO - [2024-07-13T07:11:33.150+0000] {dag.py:3096} INFO - Sync 1 DAGs
[2024-07-13T07:11:33.157+0000] {logging_mixin.py:188} INFO - [2024-07-13T07:11:33.157+0000] {dag.py:3954} INFO - Setting next_dagrun for example_short_circuit_decorator to 2024-07-12 00:00:00+00:00, run_after=2024-07-13 00:00:00+00:00
[2024-07-13T07:11:33.162+0000] {processor.py:183} INFO - Processing /home/airflow/.local/lib/python3.12/site-packages/airflow/example_dags/example_short_circuit_decorator.py took 0.026 seconds
