[2024-07-13T07:10:01.662+0000] {processor.py:161} INFO - Started process (PID=46) to work on /home/airflow/.local/lib/python3.12/site-packages/airflow/example_dags/example_branch_python_dop_operator_3.py
[2024-07-13T07:10:01.663+0000] {processor.py:830} INFO - Processing file /home/airflow/.local/lib/python3.12/site-packages/airflow/example_dags/example_branch_python_dop_operator_3.py for tasks to queue
[2024-07-13T07:10:01.663+0000] {logging_mixin.py:188} INFO - [2024-07-13T07:10:01.663+0000] {dagbag.py:545} INFO - Filling up the DagBag from /home/airflow/.local/lib/python3.12/site-packages/airflow/example_dags/example_branch_python_dop_operator_3.py
[2024-07-13T07:10:01.669+0000] {processor.py:840} INFO - DAG(s) 'example_branch_dop_operator_v3' retrieved from /home/airflow/.local/lib/python3.12/site-packages/airflow/example_dags/example_branch_python_dop_operator_3.py
[2024-07-13T07:10:01.718+0000] {logging_mixin.py:188} INFO - [2024-07-13T07:10:01.718+0000] {override.py:1829} INFO - Created Permission View: can edit on DAG:example_branch_dop_operator_v3
[2024-07-13T07:10:01.722+0000] {logging_mixin.py:188} INFO - [2024-07-13T07:10:01.722+0000] {override.py:1829} INFO - Created Permission View: can delete on DAG:example_branch_dop_operator_v3
[2024-07-13T07:10:01.724+0000] {logging_mixin.py:188} INFO - [2024-07-13T07:10:01.724+0000] {override.py:1829} INFO - Created Permission View: can read on DAG:example_branch_dop_operator_v3
[2024-07-13T07:10:01.725+0000] {logging_mixin.py:188} INFO - [2024-07-13T07:10:01.725+0000] {dag.py:3096} INFO - Sync 1 DAGs
[2024-07-13T07:10:01.730+0000] {logging_mixin.py:188} INFO - [2024-07-13T07:10:01.730+0000] {dag.py:3118} INFO - Creating ORM DAG for example_branch_dop_operator_v3
[2024-07-13T07:10:01.737+0000] {logging_mixin.py:188} INFO - [2024-07-13T07:10:01.737+0000] {dag.py:3954} INFO - Setting next_dagrun for example_branch_dop_operator_v3 to 2024-07-13 07:09:00+00:00, run_after=2024-07-13 07:10:00+00:00
[2024-07-13T07:10:01.746+0000] {processor.py:183} INFO - Processing /home/airflow/.local/lib/python3.12/site-packages/airflow/example_dags/example_branch_python_dop_operator_3.py took 0.086 seconds
[2024-07-13T07:10:32.468+0000] {processor.py:161} INFO - Started process (PID=104) to work on /home/airflow/.local/lib/python3.12/site-packages/airflow/example_dags/example_branch_python_dop_operator_3.py
[2024-07-13T07:10:32.469+0000] {processor.py:830} INFO - Processing file /home/airflow/.local/lib/python3.12/site-packages/airflow/example_dags/example_branch_python_dop_operator_3.py for tasks to queue
[2024-07-13T07:10:32.470+0000] {logging_mixin.py:188} INFO - [2024-07-13T07:10:32.469+0000] {dagbag.py:545} INFO - Filling up the DagBag from /home/airflow/.local/lib/python3.12/site-packages/airflow/example_dags/example_branch_python_dop_operator_3.py
[2024-07-13T07:10:32.473+0000] {processor.py:840} INFO - DAG(s) 'example_branch_dop_operator_v3' retrieved from /home/airflow/.local/lib/python3.12/site-packages/airflow/example_dags/example_branch_python_dop_operator_3.py
[2024-07-13T07:10:32.480+0000] {logging_mixin.py:188} INFO - [2024-07-13T07:10:32.480+0000] {dag.py:3096} INFO - Sync 1 DAGs
[2024-07-13T07:10:32.490+0000] {logging_mixin.py:188} INFO - [2024-07-13T07:10:32.490+0000] {dag.py:3954} INFO - Setting next_dagrun for example_branch_dop_operator_v3 to 2024-07-13 07:09:00+00:00, run_after=2024-07-13 07:10:00+00:00
[2024-07-13T07:10:32.496+0000] {processor.py:183} INFO - Processing /home/airflow/.local/lib/python3.12/site-packages/airflow/example_dags/example_branch_python_dop_operator_3.py took 0.031 seconds
[2024-07-13T07:11:02.779+0000] {processor.py:161} INFO - Started process (PID=162) to work on /home/airflow/.local/lib/python3.12/site-packages/airflow/example_dags/example_branch_python_dop_operator_3.py
[2024-07-13T07:11:02.781+0000] {processor.py:830} INFO - Processing file /home/airflow/.local/lib/python3.12/site-packages/airflow/example_dags/example_branch_python_dop_operator_3.py for tasks to queue
[2024-07-13T07:11:02.781+0000] {logging_mixin.py:188} INFO - [2024-07-13T07:11:02.781+0000] {dagbag.py:545} INFO - Filling up the DagBag from /home/airflow/.local/lib/python3.12/site-packages/airflow/example_dags/example_branch_python_dop_operator_3.py
[2024-07-13T07:11:02.785+0000] {processor.py:840} INFO - DAG(s) 'example_branch_dop_operator_v3' retrieved from /home/airflow/.local/lib/python3.12/site-packages/airflow/example_dags/example_branch_python_dop_operator_3.py
[2024-07-13T07:11:02.792+0000] {logging_mixin.py:188} INFO - [2024-07-13T07:11:02.792+0000] {dag.py:3096} INFO - Sync 1 DAGs
[2024-07-13T07:11:02.800+0000] {logging_mixin.py:188} INFO - [2024-07-13T07:11:02.800+0000] {dag.py:3954} INFO - Setting next_dagrun for example_branch_dop_operator_v3 to 2024-07-13 07:10:00+00:00, run_after=2024-07-13 07:11:00+00:00
[2024-07-13T07:11:02.806+0000] {processor.py:183} INFO - Processing /home/airflow/.local/lib/python3.12/site-packages/airflow/example_dags/example_branch_python_dop_operator_3.py took 0.030 seconds
[2024-07-13T07:11:33.103+0000] {processor.py:161} INFO - Started process (PID=220) to work on /home/airflow/.local/lib/python3.12/site-packages/airflow/example_dags/example_branch_python_dop_operator_3.py
[2024-07-13T07:11:33.103+0000] {processor.py:830} INFO - Processing file /home/airflow/.local/lib/python3.12/site-packages/airflow/example_dags/example_branch_python_dop_operator_3.py for tasks to queue
[2024-07-13T07:11:33.104+0000] {logging_mixin.py:188} INFO - [2024-07-13T07:11:33.104+0000] {dagbag.py:545} INFO - Filling up the DagBag from /home/airflow/.local/lib/python3.12/site-packages/airflow/example_dags/example_branch_python_dop_operator_3.py
[2024-07-13T07:11:33.107+0000] {processor.py:840} INFO - DAG(s) 'example_branch_dop_operator_v3' retrieved from /home/airflow/.local/lib/python3.12/site-packages/airflow/example_dags/example_branch_python_dop_operator_3.py
[2024-07-13T07:11:33.115+0000] {logging_mixin.py:188} INFO - [2024-07-13T07:11:33.115+0000] {dag.py:3096} INFO - Sync 1 DAGs
[2024-07-13T07:11:33.123+0000] {logging_mixin.py:188} INFO - [2024-07-13T07:11:33.123+0000] {dag.py:3954} INFO - Setting next_dagrun for example_branch_dop_operator_v3 to 2024-07-13 07:10:00+00:00, run_after=2024-07-13 07:11:00+00:00
[2024-07-13T07:11:33.129+0000] {processor.py:183} INFO - Processing /home/airflow/.local/lib/python3.12/site-packages/airflow/example_dags/example_branch_python_dop_operator_3.py took 0.028 seconds
