[2024-07-13T07:10:01.956+0000] {processor.py:161} INFO - Started process (PID=52) to work on /home/airflow/.local/lib/python3.12/site-packages/airflow/example_dags/tutorial_taskflow_api.py
[2024-07-13T07:10:01.957+0000] {processor.py:830} INFO - Processing file /home/airflow/.local/lib/python3.12/site-packages/airflow/example_dags/tutorial_taskflow_api.py for tasks to queue
[2024-07-13T07:10:01.958+0000] {logging_mixin.py:188} INFO - [2024-07-13T07:10:01.958+0000] {dagbag.py:545} INFO - Filling up the DagBag from /home/airflow/.local/lib/python3.12/site-packages/airflow/example_dags/tutorial_taskflow_api.py
[2024-07-13T07:10:01.961+0000] {processor.py:840} INFO - DAG(s) 'tutorial_taskflow_api' retrieved from /home/airflow/.local/lib/python3.12/site-packages/airflow/example_dags/tutorial_taskflow_api.py
[2024-07-13T07:10:02.008+0000] {logging_mixin.py:188} INFO - [2024-07-13T07:10:02.008+0000] {override.py:1829} INFO - Created Permission View: can edit on DAG:tutorial_taskflow_api
[2024-07-13T07:10:02.014+0000] {logging_mixin.py:188} INFO - [2024-07-13T07:10:02.014+0000] {override.py:1829} INFO - Created Permission View: can delete on DAG:tutorial_taskflow_api
[2024-07-13T07:10:02.017+0000] {logging_mixin.py:188} INFO - [2024-07-13T07:10:02.017+0000] {override.py:1829} INFO - Created Permission View: can read on DAG:tutorial_taskflow_api
[2024-07-13T07:10:02.018+0000] {logging_mixin.py:188} INFO - [2024-07-13T07:10:02.018+0000] {dag.py:3096} INFO - Sync 1 DAGs
[2024-07-13T07:10:02.024+0000] {logging_mixin.py:188} INFO - [2024-07-13T07:10:02.023+0000] {dag.py:3118} INFO - Creating ORM DAG for tutorial_taskflow_api
[2024-07-13T07:10:02.024+0000] {logging_mixin.py:188} INFO - [2024-07-13T07:10:02.024+0000] {dag.py:3954} INFO - Setting next_dagrun for tutorial_taskflow_api to None, run_after=None
[2024-07-13T07:10:02.036+0000] {processor.py:183} INFO - Processing /home/airflow/.local/lib/python3.12/site-packages/airflow/example_dags/tutorial_taskflow_api.py took 0.083 seconds
[2024-07-13T07:10:32.579+0000] {processor.py:161} INFO - Started process (PID=110) to work on /home/airflow/.local/lib/python3.12/site-packages/airflow/example_dags/tutorial_taskflow_api.py
[2024-07-13T07:10:32.579+0000] {processor.py:830} INFO - Processing file /home/airflow/.local/lib/python3.12/site-packages/airflow/example_dags/tutorial_taskflow_api.py for tasks to queue
[2024-07-13T07:10:32.580+0000] {logging_mixin.py:188} INFO - [2024-07-13T07:10:32.580+0000] {dagbag.py:545} INFO - Filling up the DagBag from /home/airflow/.local/lib/python3.12/site-packages/airflow/example_dags/tutorial_taskflow_api.py
[2024-07-13T07:10:32.583+0000] {processor.py:840} INFO - DAG(s) 'tutorial_taskflow_api' retrieved from /home/airflow/.local/lib/python3.12/site-packages/airflow/example_dags/tutorial_taskflow_api.py
[2024-07-13T07:10:32.590+0000] {logging_mixin.py:188} INFO - [2024-07-13T07:10:32.590+0000] {dag.py:3096} INFO - Sync 1 DAGs
[2024-07-13T07:10:32.596+0000] {logging_mixin.py:188} INFO - [2024-07-13T07:10:32.596+0000] {dag.py:3954} INFO - Setting next_dagrun for tutorial_taskflow_api to None, run_after=None
[2024-07-13T07:10:32.601+0000] {processor.py:183} INFO - Processing /home/airflow/.local/lib/python3.12/site-packages/airflow/example_dags/tutorial_taskflow_api.py took 0.025 seconds
[2024-07-13T07:11:02.885+0000] {processor.py:161} INFO - Started process (PID=168) to work on /home/airflow/.local/lib/python3.12/site-packages/airflow/example_dags/tutorial_taskflow_api.py
[2024-07-13T07:11:02.885+0000] {processor.py:830} INFO - Processing file /home/airflow/.local/lib/python3.12/site-packages/airflow/example_dags/tutorial_taskflow_api.py for tasks to queue
[2024-07-13T07:11:02.886+0000] {logging_mixin.py:188} INFO - [2024-07-13T07:11:02.885+0000] {dagbag.py:545} INFO - Filling up the DagBag from /home/airflow/.local/lib/python3.12/site-packages/airflow/example_dags/tutorial_taskflow_api.py
[2024-07-13T07:11:02.888+0000] {processor.py:840} INFO - DAG(s) 'tutorial_taskflow_api' retrieved from /home/airflow/.local/lib/python3.12/site-packages/airflow/example_dags/tutorial_taskflow_api.py
[2024-07-13T07:11:02.895+0000] {logging_mixin.py:188} INFO - [2024-07-13T07:11:02.895+0000] {dag.py:3096} INFO - Sync 1 DAGs
[2024-07-13T07:11:02.899+0000] {logging_mixin.py:188} INFO - [2024-07-13T07:11:02.899+0000] {dag.py:3954} INFO - Setting next_dagrun for tutorial_taskflow_api to None, run_after=None
[2024-07-13T07:11:02.905+0000] {processor.py:183} INFO - Processing /home/airflow/.local/lib/python3.12/site-packages/airflow/example_dags/tutorial_taskflow_api.py took 0.022 seconds
[2024-07-13T07:11:33.210+0000] {processor.py:161} INFO - Started process (PID=226) to work on /home/airflow/.local/lib/python3.12/site-packages/airflow/example_dags/tutorial_taskflow_api.py
[2024-07-13T07:11:33.210+0000] {processor.py:830} INFO - Processing file /home/airflow/.local/lib/python3.12/site-packages/airflow/example_dags/tutorial_taskflow_api.py for tasks to queue
[2024-07-13T07:11:33.211+0000] {logging_mixin.py:188} INFO - [2024-07-13T07:11:33.211+0000] {dagbag.py:545} INFO - Filling up the DagBag from /home/airflow/.local/lib/python3.12/site-packages/airflow/example_dags/tutorial_taskflow_api.py
[2024-07-13T07:11:33.214+0000] {processor.py:840} INFO - DAG(s) 'tutorial_taskflow_api' retrieved from /home/airflow/.local/lib/python3.12/site-packages/airflow/example_dags/tutorial_taskflow_api.py
[2024-07-13T07:11:33.220+0000] {logging_mixin.py:188} INFO - [2024-07-13T07:11:33.220+0000] {dag.py:3096} INFO - Sync 1 DAGs
[2024-07-13T07:11:33.224+0000] {logging_mixin.py:188} INFO - [2024-07-13T07:11:33.224+0000] {dag.py:3954} INFO - Setting next_dagrun for tutorial_taskflow_api to None, run_after=None
[2024-07-13T07:11:33.230+0000] {processor.py:183} INFO - Processing /home/airflow/.local/lib/python3.12/site-packages/airflow/example_dags/tutorial_taskflow_api.py took 0.022 seconds
