[2024-07-13T07:10:02.707+0000] {processor.py:161} INFO - Started process (PID=66) to work on /home/airflow/.local/lib/python3.12/site-packages/airflow/example_dags/tutorial_dag.py
[2024-07-13T07:10:02.708+0000] {processor.py:830} INFO - Processing file /home/airflow/.local/lib/python3.12/site-packages/airflow/example_dags/tutorial_dag.py for tasks to queue
[2024-07-13T07:10:02.708+0000] {logging_mixin.py:188} INFO - [2024-07-13T07:10:02.708+0000] {dagbag.py:545} INFO - Filling up the DagBag from /home/airflow/.local/lib/python3.12/site-packages/airflow/example_dags/tutorial_dag.py
[2024-07-13T07:10:02.711+0000] {processor.py:840} INFO - DAG(s) 'tutorial_dag' retrieved from /home/airflow/.local/lib/python3.12/site-packages/airflow/example_dags/tutorial_dag.py
[2024-07-13T07:10:02.760+0000] {logging_mixin.py:188} INFO - [2024-07-13T07:10:02.760+0000] {override.py:1829} INFO - Created Permission View: can edit on DAG:tutorial_dag
[2024-07-13T07:10:02.764+0000] {logging_mixin.py:188} INFO - [2024-07-13T07:10:02.764+0000] {override.py:1829} INFO - Created Permission View: can delete on DAG:tutorial_dag
[2024-07-13T07:10:02.767+0000] {logging_mixin.py:188} INFO - [2024-07-13T07:10:02.767+0000] {override.py:1829} INFO - Created Permission View: can read on DAG:tutorial_dag
[2024-07-13T07:10:02.769+0000] {logging_mixin.py:188} INFO - [2024-07-13T07:10:02.769+0000] {dag.py:3096} INFO - Sync 1 DAGs
[2024-07-13T07:10:02.774+0000] {logging_mixin.py:188} INFO - [2024-07-13T07:10:02.774+0000] {dag.py:3118} INFO - Creating ORM DAG for tutorial_dag
[2024-07-13T07:10:02.774+0000] {logging_mixin.py:188} INFO - [2024-07-13T07:10:02.774+0000] {dag.py:3954} INFO - Setting next_dagrun for tutorial_dag to None, run_after=None
[2024-07-13T07:10:02.779+0000] {processor.py:183} INFO - Processing /home/airflow/.local/lib/python3.12/site-packages/airflow/example_dags/tutorial_dag.py took 0.074 seconds
[2024-07-13T07:10:32.836+0000] {processor.py:161} INFO - Started process (PID=124) to work on /home/airflow/.local/lib/python3.12/site-packages/airflow/example_dags/tutorial_dag.py
[2024-07-13T07:10:32.836+0000] {processor.py:830} INFO - Processing file /home/airflow/.local/lib/python3.12/site-packages/airflow/example_dags/tutorial_dag.py for tasks to queue
[2024-07-13T07:10:32.837+0000] {logging_mixin.py:188} INFO - [2024-07-13T07:10:32.837+0000] {dagbag.py:545} INFO - Filling up the DagBag from /home/airflow/.local/lib/python3.12/site-packages/airflow/example_dags/tutorial_dag.py
[2024-07-13T07:10:32.839+0000] {processor.py:840} INFO - DAG(s) 'tutorial_dag' retrieved from /home/airflow/.local/lib/python3.12/site-packages/airflow/example_dags/tutorial_dag.py
[2024-07-13T07:10:32.847+0000] {logging_mixin.py:188} INFO - [2024-07-13T07:10:32.847+0000] {dag.py:3096} INFO - Sync 1 DAGs
[2024-07-13T07:10:32.851+0000] {logging_mixin.py:188} INFO - [2024-07-13T07:10:32.851+0000] {dag.py:3954} INFO - Setting next_dagrun for tutorial_dag to None, run_after=None
[2024-07-13T07:10:32.857+0000] {processor.py:183} INFO - Processing /home/airflow/.local/lib/python3.12/site-packages/airflow/example_dags/tutorial_dag.py took 0.024 seconds
[2024-07-13T07:11:03.172+0000] {processor.py:161} INFO - Started process (PID=182) to work on /home/airflow/.local/lib/python3.12/site-packages/airflow/example_dags/tutorial_dag.py
[2024-07-13T07:11:03.173+0000] {processor.py:830} INFO - Processing file /home/airflow/.local/lib/python3.12/site-packages/airflow/example_dags/tutorial_dag.py for tasks to queue
[2024-07-13T07:11:03.173+0000] {logging_mixin.py:188} INFO - [2024-07-13T07:11:03.173+0000] {dagbag.py:545} INFO - Filling up the DagBag from /home/airflow/.local/lib/python3.12/site-packages/airflow/example_dags/tutorial_dag.py
[2024-07-13T07:11:03.175+0000] {processor.py:840} INFO - DAG(s) 'tutorial_dag' retrieved from /home/airflow/.local/lib/python3.12/site-packages/airflow/example_dags/tutorial_dag.py
[2024-07-13T07:11:03.182+0000] {logging_mixin.py:188} INFO - [2024-07-13T07:11:03.182+0000] {dag.py:3096} INFO - Sync 1 DAGs
[2024-07-13T07:11:03.187+0000] {logging_mixin.py:188} INFO - [2024-07-13T07:11:03.187+0000] {dag.py:3954} INFO - Setting next_dagrun for tutorial_dag to None, run_after=None
[2024-07-13T07:11:03.193+0000] {processor.py:183} INFO - Processing /home/airflow/.local/lib/python3.12/site-packages/airflow/example_dags/tutorial_dag.py took 0.023 seconds
[2024-07-13T07:11:33.483+0000] {processor.py:161} INFO - Started process (PID=239) to work on /home/airflow/.local/lib/python3.12/site-packages/airflow/example_dags/tutorial_dag.py
[2024-07-13T07:11:33.483+0000] {processor.py:830} INFO - Processing file /home/airflow/.local/lib/python3.12/site-packages/airflow/example_dags/tutorial_dag.py for tasks to queue
[2024-07-13T07:11:33.484+0000] {logging_mixin.py:188} INFO - [2024-07-13T07:11:33.484+0000] {dagbag.py:545} INFO - Filling up the DagBag from /home/airflow/.local/lib/python3.12/site-packages/airflow/example_dags/tutorial_dag.py
[2024-07-13T07:11:33.486+0000] {processor.py:840} INFO - DAG(s) 'tutorial_dag' retrieved from /home/airflow/.local/lib/python3.12/site-packages/airflow/example_dags/tutorial_dag.py
[2024-07-13T07:11:33.493+0000] {logging_mixin.py:188} INFO - [2024-07-13T07:11:33.493+0000] {dag.py:3096} INFO - Sync 1 DAGs
[2024-07-13T07:11:33.498+0000] {logging_mixin.py:188} INFO - [2024-07-13T07:11:33.498+0000] {dag.py:3954} INFO - Setting next_dagrun for tutorial_dag to None, run_after=None
[2024-07-13T07:11:33.504+0000] {processor.py:183} INFO - Processing /home/airflow/.local/lib/python3.12/site-packages/airflow/example_dags/tutorial_dag.py took 0.023 seconds
