[2024-07-13T07:10:01.130+0000] {processor.py:161} INFO - Started process (PID=36) to work on /home/airflow/.local/lib/python3.12/site-packages/airflow/example_dags/tutorial_objectstorage.py
[2024-07-13T07:10:01.131+0000] {processor.py:830} INFO - Processing file /home/airflow/.local/lib/python3.12/site-packages/airflow/example_dags/tutorial_objectstorage.py for tasks to queue
[2024-07-13T07:10:01.132+0000] {logging_mixin.py:188} INFO - [2024-07-13T07:10:01.132+0000] {dagbag.py:545} INFO - Filling up the DagBag from /home/airflow/.local/lib/python3.12/site-packages/airflow/example_dags/tutorial_objectstorage.py
[2024-07-13T07:10:01.137+0000] {processor.py:840} INFO - DAG(s) 'tutorial_objectstorage' retrieved from /home/airflow/.local/lib/python3.12/site-packages/airflow/example_dags/tutorial_objectstorage.py
[2024-07-13T07:10:01.185+0000] {logging_mixin.py:188} INFO - [2024-07-13T07:10:01.185+0000] {override.py:1829} INFO - Created Permission View: can edit on DAG:tutorial_objectstorage
[2024-07-13T07:10:01.189+0000] {logging_mixin.py:188} INFO - [2024-07-13T07:10:01.189+0000] {override.py:1829} INFO - Created Permission View: can delete on DAG:tutorial_objectstorage
[2024-07-13T07:10:01.191+0000] {logging_mixin.py:188} INFO - [2024-07-13T07:10:01.191+0000] {override.py:1829} INFO - Created Permission View: can read on DAG:tutorial_objectstorage
[2024-07-13T07:10:01.191+0000] {logging_mixin.py:188} INFO - [2024-07-13T07:10:01.191+0000] {dag.py:3096} INFO - Sync 1 DAGs
[2024-07-13T07:10:01.196+0000] {logging_mixin.py:188} INFO - [2024-07-13T07:10:01.196+0000] {dag.py:3118} INFO - Creating ORM DAG for tutorial_objectstorage
[2024-07-13T07:10:01.196+0000] {logging_mixin.py:188} INFO - [2024-07-13T07:10:01.196+0000] {dag.py:3954} INFO - Setting next_dagrun for tutorial_objectstorage to None, run_after=None
[2024-07-13T07:10:01.202+0000] {processor.py:183} INFO - Processing /home/airflow/.local/lib/python3.12/site-packages/airflow/example_dags/tutorial_objectstorage.py took 0.074 seconds
[2024-07-13T07:10:31.214+0000] {processor.py:161} INFO - Started process (PID=94) to work on /home/airflow/.local/lib/python3.12/site-packages/airflow/example_dags/tutorial_objectstorage.py
[2024-07-13T07:10:31.214+0000] {processor.py:830} INFO - Processing file /home/airflow/.local/lib/python3.12/site-packages/airflow/example_dags/tutorial_objectstorage.py for tasks to queue
[2024-07-13T07:10:31.215+0000] {logging_mixin.py:188} INFO - [2024-07-13T07:10:31.215+0000] {dagbag.py:545} INFO - Filling up the DagBag from /home/airflow/.local/lib/python3.12/site-packages/airflow/example_dags/tutorial_objectstorage.py
[2024-07-13T07:10:31.218+0000] {processor.py:840} INFO - DAG(s) 'tutorial_objectstorage' retrieved from /home/airflow/.local/lib/python3.12/site-packages/airflow/example_dags/tutorial_objectstorage.py
[2024-07-13T07:10:31.225+0000] {logging_mixin.py:188} INFO - [2024-07-13T07:10:31.225+0000] {dag.py:3096} INFO - Sync 1 DAGs
[2024-07-13T07:10:31.229+0000] {logging_mixin.py:188} INFO - [2024-07-13T07:10:31.229+0000] {dag.py:3954} INFO - Setting next_dagrun for tutorial_objectstorage to None, run_after=None
[2024-07-13T07:10:31.234+0000] {processor.py:183} INFO - Processing /home/airflow/.local/lib/python3.12/site-packages/airflow/example_dags/tutorial_objectstorage.py took 0.022 seconds
[2024-07-13T07:11:01.562+0000] {processor.py:161} INFO - Started process (PID=152) to work on /home/airflow/.local/lib/python3.12/site-packages/airflow/example_dags/tutorial_objectstorage.py
[2024-07-13T07:11:01.562+0000] {processor.py:830} INFO - Processing file /home/airflow/.local/lib/python3.12/site-packages/airflow/example_dags/tutorial_objectstorage.py for tasks to queue
[2024-07-13T07:11:01.563+0000] {logging_mixin.py:188} INFO - [2024-07-13T07:11:01.563+0000] {dagbag.py:545} INFO - Filling up the DagBag from /home/airflow/.local/lib/python3.12/site-packages/airflow/example_dags/tutorial_objectstorage.py
[2024-07-13T07:11:01.567+0000] {processor.py:840} INFO - DAG(s) 'tutorial_objectstorage' retrieved from /home/airflow/.local/lib/python3.12/site-packages/airflow/example_dags/tutorial_objectstorage.py
[2024-07-13T07:11:01.575+0000] {logging_mixin.py:188} INFO - [2024-07-13T07:11:01.574+0000] {dag.py:3096} INFO - Sync 1 DAGs
[2024-07-13T07:11:01.579+0000] {logging_mixin.py:188} INFO - [2024-07-13T07:11:01.579+0000] {dag.py:3954} INFO - Setting next_dagrun for tutorial_objectstorage to None, run_after=None
[2024-07-13T07:11:01.585+0000] {processor.py:183} INFO - Processing /home/airflow/.local/lib/python3.12/site-packages/airflow/example_dags/tutorial_objectstorage.py took 0.026 seconds
[2024-07-13T07:11:31.890+0000] {processor.py:161} INFO - Started process (PID=210) to work on /home/airflow/.local/lib/python3.12/site-packages/airflow/example_dags/tutorial_objectstorage.py
[2024-07-13T07:11:31.891+0000] {processor.py:830} INFO - Processing file /home/airflow/.local/lib/python3.12/site-packages/airflow/example_dags/tutorial_objectstorage.py for tasks to queue
[2024-07-13T07:11:31.892+0000] {logging_mixin.py:188} INFO - [2024-07-13T07:11:31.892+0000] {dagbag.py:545} INFO - Filling up the DagBag from /home/airflow/.local/lib/python3.12/site-packages/airflow/example_dags/tutorial_objectstorage.py
[2024-07-13T07:11:31.895+0000] {processor.py:840} INFO - DAG(s) 'tutorial_objectstorage' retrieved from /home/airflow/.local/lib/python3.12/site-packages/airflow/example_dags/tutorial_objectstorage.py
[2024-07-13T07:11:31.902+0000] {logging_mixin.py:188} INFO - [2024-07-13T07:11:31.902+0000] {dag.py:3096} INFO - Sync 1 DAGs
[2024-07-13T07:11:31.906+0000] {logging_mixin.py:188} INFO - [2024-07-13T07:11:31.906+0000] {dag.py:3954} INFO - Setting next_dagrun for tutorial_objectstorage to None, run_after=None
[2024-07-13T07:11:31.912+0000] {processor.py:183} INFO - Processing /home/airflow/.local/lib/python3.12/site-packages/airflow/example_dags/tutorial_objectstorage.py took 0.024 seconds
